# JRE version: Java(TM) SE Runtime Environment (8.0_144-b01) (build 1.8.0_144-b01)
# Java VM: Java HotSpot(TM) 64-Bit Server VM (25.144-b01 mixed mode windows-amd64 compressed oops)
Heap:
 PSYoungGen      total 670720K, used 73348K [0x000000076b780000, 0x0000000794d00000, 0x00000007c0000000)
  eden space 664576K, 11% used [0x000000076b780000,0x000000076ff21150,0x0000000794080000)
  from space 6144K, 0% used [0x0000000794100000,0x0000000794100000,0x0000000794700000)
  to   space 4608K, 0% used [0x0000000794880000,0x0000000794880000,0x0000000794d00000)
 ParOldGen       total 101376K, used 13952K [0x00000006c2600000, 0x00000006c8900000, 0x000000076b780000)
  object space 101376K, 13% used [0x00000006c2600000,0x00000006c33a0130,0x00000006c8900000)
 Metaspace       used 34654K, capacity 35804K, committed 36056K, reserved 1081344K
  class space    used 4454K, capacity 4697K, committed 4824K, reserved 1048576K
GC Heap History (10 events):
Event: 3.686 GC heap before
{Heap before GC invocations=9 (full 1):
 PSYoungGen      total 523776K, used 2528K [0x000000076b780000, 0x000000078bb80000, 0x00000007c0000000)
  eden space 519168K, 0% used [0x000000076b780000,0x000000076b780000,0x000000078b280000)
  from space 4608K, 54% used [0x000000078b700000,0x000000078b978020,0x000000078bb80000)
  to   space 4608K, 0% used [0x000000078b280000,0x000000078b280000,0x000000078b700000)
 ParOldGen       total 173568K, used 3085K [0x00000006c2600000, 0x00000006ccf80000, 0x000000076b780000)
  object space 173568K, 1% used [0x00000006c2600000,0x00000006c2903678,0x00000006ccf80000)
 Metaspace       used 20580K, capacity 21078K, committed 21248K, reserved 1067008K
  class space    used 2545K, capacity 2708K, committed 2816K, reserved 1048576K
Event: 3.806 GC heap after
Heap after GC invocations=9 (full 1):
 PSYoungGen      total 523776K, used 0K [0x000000076b780000, 0x000000078bb80000, 0x00000007c0000000)
  eden space 519168K, 0% used [0x000000076b780000,0x000000076b780000,0x000000078b280000)
  from space 4608K, 0% used [0x000000078b700000,0x000000078b700000,0x000000078bb80000)
  to   space 4608K, 0% used [0x000000078b280000,0x000000078b280000,0x000000078b700000)
 ParOldGen       total 101376K, used 5402K [0x00000006c2600000, 0x00000006c8900000, 0x000000076b780000)
  object space 101376K, 5% used [0x00000006c2600000,0x00000006c2b46ba0,0x00000006c8900000)
 Metaspace       used 20580K, capacity 21078K, committed 21248K, reserved 1067008K
  class space    used 2545K, capacity 2708K, committed 2816K, reserved 1048576K
}
Event: 6.522 GC heap before
{Heap before GC invocations=10 (full 1):
 PSYoungGen      total 523776K, used 519168K [0x000000076b780000, 0x000000078bb80000, 0x00000007c0000000)
  eden space 519168K, 100% used [0x000000076b780000,0x000000078b280000,0x000000078b280000)
  from space 4608K, 0% used [0x000000078b700000,0x000000078b700000,0x000000078bb80000)
  to   space 4608K, 0% used [0x000000078b280000,0x000000078b280000,0x000000078b700000)
 ParOldGen       total 101376K, used 5402K [0x00000006c2600000, 0x00000006c8900000, 0x000000076b780000)
  object space 101376K, 5% used [0x00000006c2600000,0x00000006c2b46ba0,0x00000006c8900000)
 Metaspace       used 27685K, capacity 28600K, committed 28928K, reserved 1075200K
  class space    used 3505K, capacity 3715K, committed 3840K, reserved 1048576K
Event: 6.529 GC heap after
Heap after GC invocations=10 (full 1):
 PSYoungGen      total 523776K, used 3748K [0x000000076b780000, 0x0000000794d00000, 0x00000007c0000000)
  eden space 519168K, 0% used [0x000000076b780000,0x000000076b780000,0x000000078b280000)
  from space 4608K, 81% used [0x000000078b280000,0x000000078b629050,0x000000078b700000)
  to   space 4608K, 0% used [0x0000000794880000,0x0000000794880000,0x0000000794d00000)
 ParOldGen       total 101376K, used 5474K [0x00000006c2600000, 0x00000006c8900000, 0x000000076b780000)
  object space 101376K, 5% used [0x00000006c2600000,0x00000006c2b58bb0,0x00000006c8900000)
 Metaspace       used 27685K, capacity 28600K, committed 28928K, reserved 1075200K
  class space    used 3505K, capacity 3715K, committed 3840K, reserved 1048576K
}
Event: 10.785 GC heap before
{Heap before GC invocations=11 (full 1):
 PSYoungGen      total 523776K, used 522916K [0x000000076b780000, 0x0000000794d00000, 0x00000007c0000000)
  eden space 519168K, 100% used [0x000000076b780000,0x000000078b280000,0x000000078b280000)
  from space 4608K, 81% used [0x000000078b280000,0x000000078b629050,0x000000078b700000)
  to   space 4608K, 0% used [0x0000000794880000,0x0000000794880000,0x0000000794d00000)
 ParOldGen       total 101376K, used 5474K [0x00000006c2600000, 0x00000006c8900000, 0x000000076b780000)
  object space 101376K, 5% used [0x00000006c2600000,0x00000006c2b58bb0,0x00000006c8900000)
 Metaspace       used 31754K, capacity 32810K, committed 33024K, reserved 1077248K
  class space    used 4027K, capacity 4260K, committed 4352K, reserved 1048576K
Event: 10.888 GC heap after
Heap after GC invocations=11 (full 1):
 PSYoungGen      total 669184K, used 4576K [0x000000076b780000, 0x0000000794d00000, 0x00000007c0000000)
  eden space 664576K, 0% used [0x000000076b780000,0x000000076b780000,0x0000000794080000)
  from space 4608K, 99% used [0x0000000794880000,0x0000000794cf8030,0x0000000794d00000)
  to   space 6144K, 0% used [0x0000000794100000,0x0000000794100000,0x0000000794700000)
 ParOldGen       total 101376K, used 7690K [0x00000006c2600000, 0x00000006c8900000, 0x000000076b780000)
  object space 101376K, 7% used [0x00000006c2600000,0x00000006c2d82bb0,0x00000006c8900000)
 Metaspace       used 31754K, capacity 32810K, committed 33024K, reserved 1077248K
  class space    used 4027K, capacity 4260K, committed 4352K, reserved 1048576K
}
Event: 12.784 GC heap before
{Heap before GC invocations=12 (full 1):
 PSYoungGen      total 669184K, used 335024K [0x000000076b780000, 0x0000000794d00000, 0x00000007c0000000)
  eden space 664576K, 49% used [0x000000076b780000,0x000000077fa342a8,0x0000000794080000)
  from space 4608K, 99% used [0x0000000794880000,0x0000000794cf8030,0x0000000794d00000)
  to   space 6144K, 0% used [0x0000000794100000,0x0000000794100000,0x0000000794700000)
 ParOldGen       total 101376K, used 7690K [0x00000006c2600000, 0x00000006c8900000, 0x000000076b780000)
  object space 101376K, 7% used [0x00000006c2600000,0x00000006c2d82bb0,0x00000006c8900000)
 Metaspace       used 34249K, capacity 35352K, committed 35416K, reserved 1079296K
  class space    used 4392K, capacity 4633K, committed 4696K, reserved 1048576K
Event: 12.833 GC heap after
Heap after GC invocations=12 (full 1):
 PSYoungGen      total 670720K, used 5728K [0x000000076b780000, 0x0000000794d00000, 0x00000007c0000000)
  eden space 664576K, 0% used [0x000000076b780000,0x000000076b780000,0x0000000794080000)
  from space 6144K, 93% used [0x0000000794100000,0x0000000794698000,0x0000000794700000)
  to   space 4608K, 0% used [0x0000000794880000,0x0000000794880000,0x0000000794d00000)
 ParOldGen       total 101376K, used 9591K [0x00000006c2600000, 0x00000006c8900000, 0x000000076b780000)
  object space 101376K, 9% used [0x00000006c2600000,0x00000006c2f5dc30,0x00000006c8900000)
 Metaspace       used 34249K, capacity 35352K, committed 35416K, reserved 1079296K
  class space    used 4392K, capacity 4633K, committed 4696K, reserved 1048576K
}
Event: 12.833 GC heap before
{Heap before GC invocations=13 (full 2):
 PSYoungGen      total 670720K, used 5728K [0x000000076b780000, 0x0000000794d00000, 0x00000007c0000000)
  eden space 664576K, 0% used [0x000000076b780000,0x000000076b780000,0x0000000794080000)
  from space 6144K, 93% used [0x0000000794100000,0x0000000794698000,0x0000000794700000)
  to   space 4608K, 0% used [0x0000000794880000,0x0000000794880000,0x0000000794d00000)
 ParOldGen       total 101376K, used 9591K [0x00000006c2600000, 0x00000006c8900000, 0x000000076b780000)
  object space 101376K, 9% used [0x00000006c2600000,0x00000006c2f5dc30,0x00000006c8900000)
 Metaspace       used 34249K, capacity 35352K, committed 35416K, reserved 1079296K
  class space    used 4392K, capacity 4633K, committed 4696K, reserved 1048576K
Event: 13.008 GC heap after
Heap after GC invocations=13 (full 2):
 PSYoungGen      total 670720K, used 0K [0x000000076b780000, 0x0000000794d00000, 0x00000007c0000000)
  eden space 664576K, 0% used [0x000000076b780000,0x000000076b780000,0x0000000794080000)
  from space 6144K, 0% used [0x0000000794100000,0x0000000794100000,0x0000000794700000)
  to   space 4608K, 0% used [0x0000000794880000,0x0000000794880000,0x0000000794d00000)
 ParOldGen       total 101376K, used 13952K [0x00000006c2600000, 0x00000006c8900000, 0x000000076b780000)
  object space 101376K, 13% used [0x00000006c2600000,0x00000006c33a0130,0x00000006c8900000)
 Metaspace       used 34249K, capacity 35352K, committed 35416K, reserved 1079296K
  class space    used 4392K, capacity 4633K, committed 4696K, reserved 1048576K
}

