# JRE version: Java(TM) SE Runtime Environment (8.0_144-b01) (build 1.8.0_144-b01)
# Java VM: Java HotSpot(TM) 64-Bit Server VM (25.144-b01 mixed mode windows-amd64 compressed oops)
Heap:
 PSYoungGen      total 801792K, used 103843K [0x000000076b780000, 0x000000079cc80000, 0x00000007c0000000)
  eden space 795648K, 13% used [0x000000076b780000,0x0000000771ce8c60,0x000000079c080000)
  from space 6144K, 0% used [0x000000079c080000,0x000000079c080000,0x000000079c680000)
  to   space 4608K, 0% used [0x000000079c800000,0x000000079c800000,0x000000079cc80000)
 ParOldGen       total 101376K, used 13542K [0x00000006c2600000, 0x00000006c8900000, 0x000000076b780000)
  object space 101376K, 13% used [0x00000006c2600000,0x00000006c3339bd8,0x00000006c8900000)
 Metaspace       used 35323K, capacity 36492K, committed 36568K, reserved 1081344K
  class space    used 4559K, capacity 4823K, committed 4824K, reserved 1048576K
GC Heap History (10 events):
Event: 4.361 GC heap before
{Heap before GC invocations=9 (full 1):
 PSYoungGen      total 523776K, used 2528K [0x000000076b780000, 0x000000078bb80000, 0x00000007c0000000)
  eden space 519168K, 0% used [0x000000076b780000,0x000000076b780000,0x000000078b280000)
  from space 4608K, 54% used [0x000000078b700000,0x000000078b978020,0x000000078bb80000)
  to   space 4608K, 0% used [0x000000078b280000,0x000000078b280000,0x000000078b700000)
 ParOldGen       total 173568K, used 3073K [0x00000006c2600000, 0x00000006ccf80000, 0x000000076b780000)
  object space 173568K, 1% used [0x00000006c2600000,0x00000006c2900688,0x00000006ccf80000)
 Metaspace       used 20559K, capacity 21066K, committed 21248K, reserved 1067008K
  class space    used 2545K, capacity 2708K, committed 2816K, reserved 1048576K
Event: 4.396 GC heap after
Heap after GC invocations=9 (full 1):
 PSYoungGen      total 523776K, used 0K [0x000000076b780000, 0x000000078bb80000, 0x00000007c0000000)
  eden space 519168K, 0% used [0x000000076b780000,0x000000076b780000,0x000000078b280000)
  from space 4608K, 0% used [0x000000078b700000,0x000000078b700000,0x000000078bb80000)
  to   space 4608K, 0% used [0x000000078b280000,0x000000078b280000,0x000000078b700000)
 ParOldGen       total 77312K, used 5358K [0x00000006c2600000, 0x00000006c7180000, 0x000000076b780000)
  object space 77312K, 6% used [0x00000006c2600000,0x00000006c2b3b9f8,0x00000006c7180000)
 Metaspace       used 20559K, capacity 21066K, committed 21248K, reserved 1067008K
  class space    used 2545K, capacity 2708K, committed 2816K, reserved 1048576K
}
Event: 7.365 GC heap before
{Heap before GC invocations=10 (full 1):
 PSYoungGen      total 523776K, used 519168K [0x000000076b780000, 0x000000078bb80000, 0x00000007c0000000)
  eden space 519168K, 100% used [0x000000076b780000,0x000000078b280000,0x000000078b280000)
  from space 4608K, 0% used [0x000000078b700000,0x000000078b700000,0x000000078bb80000)
  to   space 4608K, 0% used [0x000000078b280000,0x000000078b280000,0x000000078b700000)
 ParOldGen       total 77312K, used 5358K [0x00000006c2600000, 0x00000006c7180000, 0x000000076b780000)
  object space 77312K, 6% used [0x00000006c2600000,0x00000006c2b3b9f8,0x00000006c7180000)
 Metaspace       used 27916K, capacity 28828K, committed 28928K, reserved 1075200K
  class space    used 3530K, capacity 3761K, committed 3840K, reserved 1048576K
Event: 7.379 GC heap after
Heap after GC invocations=10 (full 1):
 PSYoungGen      total 523776K, used 3652K [0x000000076b780000, 0x000000079cc80000, 0x00000007c0000000)
  eden space 519168K, 0% used [0x000000076b780000,0x000000076b780000,0x000000078b280000)
  from space 4608K, 79% used [0x000000078b280000,0x000000078b611050,0x000000078b700000)
  to   space 4608K, 0% used [0x000000079c800000,0x000000079c800000,0x000000079cc80000)
 ParOldGen       total 77312K, used 5430K [0x00000006c2600000, 0x00000006c7180000, 0x000000076b780000)
  object space 77312K, 7% used [0x00000006c2600000,0x00000006c2b4da08,0x00000006c7180000)
 Metaspace       used 27916K, capacity 28828K, committed 28928K, reserved 1075200K
  class space    used 3530K, capacity 3761K, committed 3840K, reserved 1048576K
}
Event: 11.544 GC heap before
{Heap before GC invocations=11 (full 1):
 PSYoungGen      total 523776K, used 522820K [0x000000076b780000, 0x000000079cc80000, 0x00000007c0000000)
  eden space 519168K, 100% used [0x000000076b780000,0x000000078b280000,0x000000078b280000)
  from space 4608K, 79% used [0x000000078b280000,0x000000078b611050,0x000000078b700000)
  to   space 4608K, 0% used [0x000000079c800000,0x000000079c800000,0x000000079cc80000)
 ParOldGen       total 77312K, used 5430K [0x00000006c2600000, 0x00000006c7180000, 0x000000076b780000)
  object space 77312K, 7% used [0x00000006c2600000,0x00000006c2b4da08,0x00000006c7180000)
 Metaspace       used 31787K, capacity 32832K, committed 33024K, reserved 1077248K
  class space    used 4013K, capacity 4227K, committed 4352K, reserved 1048576K
Event: 11.720 GC heap after
Heap after GC invocations=11 (full 1):
 PSYoungGen      total 800256K, used 4580K [0x000000076b780000, 0x000000079cc80000, 0x00000007c0000000)
  eden space 795648K, 0% used [0x000000076b780000,0x000000076b780000,0x000000079c080000)
  from space 4608K, 99% used [0x000000079c800000,0x000000079cc79050,0x000000079cc80000)
  to   space 6144K, 0% used [0x000000079c080000,0x000000079c080000,0x000000079c680000)
 ParOldGen       total 77312K, used 8458K [0x00000006c2600000, 0x00000006c7180000, 0x000000076b780000)
  object space 77312K, 10% used [0x00000006c2600000,0x00000006c2e42a28,0x00000006c7180000)
 Metaspace       used 31787K, capacity 32832K, committed 33024K, reserved 1077248K
  class space    used 4013K, capacity 4227K, committed 4352K, reserved 1048576K
}
Event: 13.075 GC heap before
{Heap before GC invocations=12 (full 1):
 PSYoungGen      total 800256K, used 231798K [0x000000076b780000, 0x000000079cc80000, 0x00000007c0000000)
  eden space 795648K, 28% used [0x000000076b780000,0x0000000779564b10,0x000000079c080000)
  from space 4608K, 99% used [0x000000079c800000,0x000000079cc79050,0x000000079cc80000)
  to   space 6144K, 0% used [0x000000079c080000,0x000000079c080000,0x000000079c680000)
 ParOldGen       total 77312K, used 8458K [0x00000006c2600000, 0x00000006c7180000, 0x000000076b780000)
  object space 77312K, 10% used [0x00000006c2600000,0x00000006c2e42a28,0x00000006c7180000)
 Metaspace       used 34257K, capacity 35304K, committed 35416K, reserved 1079296K
  class space    used 4386K, capacity 4627K, committed 4696K, reserved 1048576K
Event: 13.177 GC heap after
Heap after GC invocations=12 (full 1):
 PSYoungGen      total 801792K, used 2195K [0x000000076b780000, 0x000000079cc80000, 0x00000007c0000000)
  eden space 795648K, 0% used [0x000000076b780000,0x000000076b780000,0x000000079c080000)
  from space 6144K, 35% used [0x000000079c080000,0x000000079c2a4d78,0x000000079c680000)
  to   space 4608K, 0% used [0x000000079c800000,0x000000079c800000,0x000000079cc80000)
 ParOldGen       total 77312K, used 12822K [0x00000006c2600000, 0x00000006c7180000, 0x000000076b780000)
  object space 77312K, 16% used [0x00000006c2600000,0x00000006c3285a98,0x00000006c7180000)
 Metaspace       used 34257K, capacity 35304K, committed 35416K, reserved 1079296K
  class space    used 4386K, capacity 4627K, committed 4696K, reserved 1048576K
}
Event: 13.177 GC heap before
{Heap before GC invocations=13 (full 2):
 PSYoungGen      total 801792K, used 2195K [0x000000076b780000, 0x000000079cc80000, 0x00000007c0000000)
  eden space 795648K, 0% used [0x000000076b780000,0x000000076b780000,0x000000079c080000)
  from space 6144K, 35% used [0x000000079c080000,0x000000079c2a4d78,0x000000079c680000)
  to   space 4608K, 0% used [0x000000079c800000,0x000000079c800000,0x000000079cc80000)
 ParOldGen       total 77312K, used 12822K [0x00000006c2600000, 0x00000006c7180000, 0x000000076b780000)
  object space 77312K, 16% used [0x00000006c2600000,0x00000006c3285a98,0x00000006c7180000)
 Metaspace       used 34257K, capacity 35304K, committed 35416K, reserved 1079296K
  class space    used 4386K, capacity 4627K, committed 4696K, reserved 1048576K
Event: 13.374 GC heap after
Heap after GC invocations=13 (full 2):
 PSYoungGen      total 801792K, used 0K [0x000000076b780000, 0x000000079cc80000, 0x00000007c0000000)
  eden space 795648K, 0% used [0x000000076b780000,0x000000076b780000,0x000000079c080000)
  from space 6144K, 0% used [0x000000079c080000,0x000000079c080000,0x000000079c680000)
  to   space 4608K, 0% used [0x000000079c800000,0x000000079c800000,0x000000079cc80000)
 ParOldGen       total 101376K, used 13542K [0x00000006c2600000, 0x00000006c8900000, 0x000000076b780000)
  object space 101376K, 13% used [0x00000006c2600000,0x00000006c3339bd8,0x00000006c8900000)
 Metaspace       used 34257K, capacity 35304K, committed 35416K, reserved 1079296K
  class space    used 4386K, capacity 4627K, committed 4696K, reserved 1048576K
}

