# JRE version: Java(TM) SE Runtime Environment (8.0_144-b01) (build 1.8.0_144-b01)
# Java VM: Java HotSpot(TM) 64-Bit Server VM (25.144-b01 mixed mode windows-amd64 compressed oops)
Heap:
 PSYoungGen      total 620544K, used 158940K [0x000000076b780000, 0x00000007a3200000, 0x00000007c0000000)
  eden space 615936K, 25% used [0x000000076b780000,0x00000007752b7188,0x0000000791100000)
  from space 4608K, 0% used [0x0000000791100000,0x0000000791100000,0x0000000791580000)
  to   space 6144K, 0% used [0x00000007a2c00000,0x00000007a2c00000,0x00000007a3200000)
 ParOldGen       total 113664K, used 14044K [0x00000006c2600000, 0x00000006c9500000, 0x000000076b780000)
  object space 113664K, 12% used [0x00000006c2600000,0x00000006c33b7250,0x00000006c9500000)
 Metaspace       used 35579K, capacity 36762K, committed 36952K, reserved 1081344K
  class space    used 4603K, capacity 4860K, committed 4952K, reserved 1048576K
GC Heap History (10 events):
Event: 3.832 GC heap before
{Heap before GC invocations=11 (full 1):
 PSYoungGen      total 419328K, used 1024K [0x000000076b780000, 0x0000000785580000, 0x00000007c0000000)
  eden space 414720K, 0% used [0x000000076b780000,0x000000076b780000,0x0000000784c80000)
  from space 4608K, 22% used [0x0000000785100000,0x0000000785200000,0x0000000785580000)
  to   space 4608K, 0% used [0x0000000784c80000,0x0000000784c80000,0x0000000785100000)
 ParOldGen       total 173568K, used 4444K [0x00000006c2600000, 0x00000006ccf80000, 0x000000076b780000)
  object space 173568K, 2% used [0x00000006c2600000,0x00000006c2a57300,0x00000006ccf80000)
 Metaspace       used 20576K, capacity 21074K, committed 21248K, reserved 1067008K
  class space    used 2545K, capacity 2708K, committed 2816K, reserved 1048576K
Event: 3.919 GC heap after
Heap after GC invocations=11 (full 1):
 PSYoungGen      total 419328K, used 0K [0x000000076b780000, 0x0000000785580000, 0x00000007c0000000)
  eden space 414720K, 0% used [0x000000076b780000,0x000000076b780000,0x0000000784c80000)
  from space 4608K, 0% used [0x0000000785100000,0x0000000785100000,0x0000000785580000)
  to   space 4608K, 0% used [0x0000000784c80000,0x0000000784c80000,0x0000000785100000)
 ParOldGen       total 81920K, used 5199K [0x00000006c2600000, 0x00000006c7600000, 0x000000076b780000)
  object space 81920K, 6% used [0x00000006c2600000,0x00000006c2b13cb0,0x00000006c7600000)
 Metaspace       used 20576K, capacity 21074K, committed 21248K, reserved 1067008K
  class space    used 2545K, capacity 2708K, committed 2816K, reserved 1048576K
}
Event: 6.031 GC heap before
{Heap before GC invocations=12 (full 1):
 PSYoungGen      total 419328K, used 414720K [0x000000076b780000, 0x0000000785580000, 0x00000007c0000000)
  eden space 414720K, 100% used [0x000000076b780000,0x0000000784c80000,0x0000000784c80000)
  from space 4608K, 0% used [0x0000000785100000,0x0000000785100000,0x0000000785580000)
  to   space 4608K, 0% used [0x0000000784c80000,0x0000000784c80000,0x0000000785100000)
 ParOldGen       total 81920K, used 5199K [0x00000006c2600000, 0x00000006c7600000, 0x000000076b780000)
  object space 81920K, 6% used [0x00000006c2600000,0x00000006c2b13cb0,0x00000006c7600000)
 Metaspace       used 27189K, capacity 27998K, committed 28288K, reserved 1073152K
  class space    used 3441K, capacity 3632K, committed 3712K, reserved 1048576K
Event: 6.036 GC heap after
Heap after GC invocations=12 (full 1):
 PSYoungGen      total 419328K, used 3140K [0x000000076b780000, 0x0000000791a00000, 0x00000007c0000000)
  eden space 414720K, 0% used [0x000000076b780000,0x000000076b780000,0x0000000784c80000)
  from space 4608K, 68% used [0x0000000784c80000,0x0000000784f91050,0x0000000785100000)
  to   space 4608K, 0% used [0x0000000791580000,0x0000000791580000,0x0000000791a00000)
 ParOldGen       total 81920K, used 5271K [0x00000006c2600000, 0x00000006c7600000, 0x000000076b780000)
  object space 81920K, 6% used [0x00000006c2600000,0x00000006c2b25cc0,0x00000006c7600000)
 Metaspace       used 27189K, capacity 27998K, committed 28288K, reserved 1073152K
  class space    used 3441K, capacity 3632K, committed 3712K, reserved 1048576K
}
Event: 9.283 GC heap before
{Heap before GC invocations=13 (full 1):
 PSYoungGen      total 419328K, used 417860K [0x000000076b780000, 0x0000000791a00000, 0x00000007c0000000)
  eden space 414720K, 100% used [0x000000076b780000,0x0000000784c80000,0x0000000784c80000)
  from space 4608K, 68% used [0x0000000784c80000,0x0000000784f91050,0x0000000785100000)
  to   space 4608K, 0% used [0x0000000791580000,0x0000000791580000,0x0000000791a00000)
 ParOldGen       total 81920K, used 5271K [0x00000006c2600000, 0x00000006c7600000, 0x000000076b780000)
  object space 81920K, 6% used [0x00000006c2600000,0x00000006c2b25cc0,0x00000006c7600000)
 Metaspace       used 30648K, capacity 31668K, committed 31872K, reserved 1077248K
  class space    used 3878K, capacity 4113K, committed 4224K, reserved 1048576K
Event: 9.646 GC heap after
Heap after GC invocations=13 (full 1):
 PSYoungGen      total 620544K, used 2528K [0x000000076b780000, 0x0000000791a80000, 0x00000007c0000000)
  eden space 615936K, 0% used [0x000000076b780000,0x000000076b780000,0x0000000791100000)
  from space 4608K, 54% used [0x0000000791580000,0x00000007917f8000,0x0000000791a00000)
  to   space 4608K, 0% used [0x0000000791100000,0x0000000791100000,0x0000000791580000)
 ParOldGen       total 81920K, used 7676K [0x00000006c2600000, 0x00000006c7600000, 0x000000076b780000)
  object space 81920K, 9% used [0x00000006c2600000,0x00000006c2d7f090,0x00000006c7600000)
 Metaspace       used 30648K, capacity 31668K, committed 31872K, reserved 1077248K
  class space    used 3878K, capacity 4113K, committed 4224K, reserved 1048576K
}
Event: 15.365 GC heap before
{Heap before GC invocations=14 (full 1):
 PSYoungGen      total 620544K, used 526082K [0x000000076b780000, 0x0000000791a80000, 0x00000007c0000000)
  eden space 615936K, 85% used [0x000000076b780000,0x000000078b6c88d8,0x0000000791100000)
  from space 4608K, 54% used [0x0000000791580000,0x00000007917f8000,0x0000000791a00000)
  to   space 4608K, 0% used [0x0000000791100000,0x0000000791100000,0x0000000791580000)
 ParOldGen       total 81920K, used 7676K [0x00000006c2600000, 0x00000006c7600000, 0x000000076b780000)
  object space 81920K, 9% used [0x00000006c2600000,0x00000006c2d7f090,0x00000006c7600000)
 Metaspace       used 34173K, capacity 35292K, committed 35416K, reserved 1079296K
  class space    used 4379K, capacity 4633K, committed 4696K, reserved 1048576K
Event: 15.410 GC heap after
Heap after GC invocations=14 (full 1):
 PSYoungGen      total 620544K, used 4608K [0x000000076b780000, 0x00000007a3200000, 0x00000007c0000000)
  eden space 615936K, 0% used [0x000000076b780000,0x000000076b780000,0x0000000791100000)
  from space 4608K, 100% used [0x0000000791100000,0x0000000791580000,0x0000000791580000)
  to   space 6144K, 0% used [0x00000007a2c00000,0x00000007a2c00000,0x00000007a3200000)
 ParOldGen       total 81920K, used 10296K [0x00000006c2600000, 0x00000006c7600000, 0x000000076b780000)
  object space 81920K, 12% used [0x00000006c2600000,0x00000006c300e0a0,0x00000006c7600000)
 Metaspace       used 34173K, capacity 35292K, committed 35416K, reserved 1079296K
  class space    used 4379K, capacity 4633K, committed 4696K, reserved 1048576K
}
Event: 15.410 GC heap before
{Heap before GC invocations=15 (full 2):
 PSYoungGen      total 620544K, used 4608K [0x000000076b780000, 0x00000007a3200000, 0x00000007c0000000)
  eden space 615936K, 0% used [0x000000076b780000,0x000000076b780000,0x0000000791100000)
  from space 4608K, 100% used [0x0000000791100000,0x0000000791580000,0x0000000791580000)
  to   space 6144K, 0% used [0x00000007a2c00000,0x00000007a2c00000,0x00000007a3200000)
 ParOldGen       total 81920K, used 10296K [0x00000006c2600000, 0x00000006c7600000, 0x000000076b780000)
  object space 81920K, 12% used [0x00000006c2600000,0x00000006c300e0a0,0x00000006c7600000)
 Metaspace       used 34173K, capacity 35292K, committed 35416K, reserved 1079296K
  class space    used 4379K, capacity 4633K, committed 4696K, reserved 1048576K
Event: 15.838 GC heap after
Heap after GC invocations=15 (full 2):
 PSYoungGen      total 620544K, used 0K [0x000000076b780000, 0x00000007a3200000, 0x00000007c0000000)
  eden space 615936K, 0% used [0x000000076b780000,0x000000076b780000,0x0000000791100000)
  from space 4608K, 0% used [0x0000000791100000,0x0000000791100000,0x0000000791580000)
  to   space 6144K, 0% used [0x00000007a2c00000,0x00000007a2c00000,0x00000007a3200000)
 ParOldGen       total 113664K, used 14044K [0x00000006c2600000, 0x00000006c9500000, 0x000000076b780000)
  object space 113664K, 12% used [0x00000006c2600000,0x00000006c33b7250,0x00000006c9500000)
 Metaspace       used 34173K, capacity 35292K, committed 35416K, reserved 1079296K
  class space    used 4379K, capacity 4633K, committed 4696K, reserved 1048576K
}

