# JRE version: Java(TM) SE Runtime Environment (8.0_144-b01) (build 1.8.0_144-b01)
# Java VM: Java HotSpot(TM) 64-Bit Server VM (25.144-b01 mixed mode windows-amd64 compressed oops)
Heap:
 PSYoungGen      total 883712K, used 104973K [0x000000076b780000, 0x00000007a2f00000, 0x00000007c0000000)
  eden space 876544K, 11% used [0x000000076b780000,0x0000000771e03628,0x00000007a0f80000)
  from space 7168K, 0% used [0x00000007a2100000,0x00000007a2100000,0x00000007a2800000)
  to   space 6144K, 0% used [0x00000007a2900000,0x00000007a2900000,0x00000007a2f00000)
 ParOldGen       total 86016K, used 13882K [0x00000006c2600000, 0x00000006c7a00000, 0x000000076b780000)
  object space 86016K, 16% used [0x00000006c2600000,0x00000006c338e9d8,0x00000006c7a00000)
 Metaspace       used 34768K, capacity 35888K, committed 36056K, reserved 1081344K
  class space    used 4475K, capacity 4729K, committed 4824K, reserved 1048576K
GC Heap History (10 events):
Event: 3.668 GC heap before
{Heap before GC invocations=7 (full 1):
 PSYoungGen      total 524288K, used 5120K [0x000000076b780000, 0x000000078bf80000, 0x00000007c0000000)
  eden space 519168K, 0% used [0x000000076b780000,0x000000076b780000,0x000000078b280000)
  from space 5120K, 100% used [0x000000078b880000,0x000000078bd80000,0x000000078bd80000)
  to   space 6144K, 0% used [0x000000078b280000,0x000000078b280000,0x000000078b880000)
 ParOldGen       total 173568K, used 512K [0x00000006c2600000, 0x00000006ccf80000, 0x000000076b780000)
  object space 173568K, 0% used [0x00000006c2600000,0x00000006c2680000,0x00000006ccf80000)
 Metaspace       used 20558K, capacity 21058K, committed 21248K, reserved 1067008K
  class space    used 2545K, capacity 2708K, committed 2816K, reserved 1048576K
Event: 3.784 GC heap after
Heap after GC invocations=7 (full 1):
 PSYoungGen      total 524288K, used 0K [0x000000076b780000, 0x000000078bf80000, 0x00000007c0000000)
  eden space 519168K, 0% used [0x000000076b780000,0x000000076b780000,0x000000078b280000)
  from space 5120K, 0% used [0x000000078b880000,0x000000078b880000,0x000000078bd80000)
  to   space 6144K, 0% used [0x000000078b280000,0x000000078b280000,0x000000078b880000)
 ParOldGen       total 86016K, used 5526K [0x00000006c2600000, 0x00000006c7a00000, 0x000000076b780000)
  object space 86016K, 6% used [0x00000006c2600000,0x00000006c2b65a50,0x00000006c7a00000)
 Metaspace       used 20558K, capacity 21058K, committed 21248K, reserved 1067008K
  class space    used 2545K, capacity 2708K, committed 2816K, reserved 1048576K
}
Event: 6.327 GC heap before
{Heap before GC invocations=8 (full 1):
 PSYoungGen      total 524288K, used 519168K [0x000000076b780000, 0x000000078bf80000, 0x00000007c0000000)
  eden space 519168K, 100% used [0x000000076b780000,0x000000078b280000,0x000000078b280000)
  from space 5120K, 0% used [0x000000078b880000,0x000000078b880000,0x000000078bd80000)
  to   space 6144K, 0% used [0x000000078b280000,0x000000078b280000,0x000000078b880000)
 ParOldGen       total 86016K, used 5526K [0x00000006c2600000, 0x00000006c7a00000, 0x000000076b780000)
  object space 86016K, 6% used [0x00000006c2600000,0x00000006c2b65a50,0x00000006c7a00000)
 Metaspace       used 27703K, capacity 28588K, committed 28928K, reserved 1075200K
  class space    used 3507K, capacity 3715K, committed 3840K, reserved 1048576K
Event: 6.348 GC heap after
Heap after GC invocations=8 (full 1):
 PSYoungGen      total 525312K, used 3812K [0x000000076b780000, 0x00000007a2f00000, 0x00000007c0000000)
  eden space 519168K, 0% used [0x000000076b780000,0x000000076b780000,0x000000078b280000)
  from space 6144K, 62% used [0x000000078b280000,0x000000078b639060,0x000000078b880000)
  to   space 6144K, 0% used [0x00000007a2900000,0x00000007a2900000,0x00000007a2f00000)
 ParOldGen       total 86016K, used 5534K [0x00000006c2600000, 0x00000006c7a00000, 0x000000076b780000)
  object space 86016K, 6% used [0x00000006c2600000,0x00000006c2b67a50,0x00000006c7a00000)
 Metaspace       used 27703K, capacity 28588K, committed 28928K, reserved 1075200K
  class space    used 3507K, capacity 3715K, committed 3840K, reserved 1048576K
}
Event: 10.075 GC heap before
{Heap before GC invocations=9 (full 1):
 PSYoungGen      total 525312K, used 522980K [0x000000076b780000, 0x00000007a2f00000, 0x00000007c0000000)
  eden space 519168K, 100% used [0x000000076b780000,0x000000078b280000,0x000000078b280000)
  from space 6144K, 62% used [0x000000078b280000,0x000000078b639060,0x000000078b880000)
  to   space 6144K, 0% used [0x00000007a2900000,0x00000007a2900000,0x00000007a2f00000)
 ParOldGen       total 86016K, used 5534K [0x00000006c2600000, 0x00000006c7a00000, 0x000000076b780000)
  object space 86016K, 6% used [0x00000006c2600000,0x00000006c2b67a50,0x00000006c7a00000)
 Metaspace       used 31827K, capacity 32874K, committed 33024K, reserved 1077248K
  class space    used 4038K, capacity 4262K, committed 4352K, reserved 1048576K
Event: 10.172 GC heap after
Heap after GC invocations=9 (full 1):
 PSYoungGen      total 882688K, used 6116K [0x000000076b780000, 0x00000007a2f00000, 0x00000007c0000000)
  eden space 876544K, 0% used [0x000000076b780000,0x000000076b780000,0x00000007a0f80000)
  from space 6144K, 99% used [0x00000007a2900000,0x00000007a2ef9050,0x00000007a2f00000)
  to   space 7168K, 0% used [0x00000007a2100000,0x00000007a2100000,0x00000007a2800000)
 ParOldGen       total 86016K, used 6379K [0x00000006c2600000, 0x00000006c7a00000, 0x000000076b780000)
  object space 86016K, 7% used [0x00000006c2600000,0x00000006c2c3add0,0x00000006c7a00000)
 Metaspace       used 31827K, capacity 32874K, committed 33024K, reserved 1077248K
  class space    used 4038K, capacity 4262K, committed 4352K, reserved 1048576K
}
Event: 12.279 GC heap before
{Heap before GC invocations=10 (full 1):
 PSYoungGen      total 882688K, used 332015K [0x000000076b780000, 0x00000007a2f00000, 0x00000007c0000000)
  eden space 876544K, 37% used [0x000000076b780000,0x000000077f5c2cf8,0x00000007a0f80000)
  from space 6144K, 99% used [0x00000007a2900000,0x00000007a2ef9050,0x00000007a2f00000)
  to   space 7168K, 0% used [0x00000007a2100000,0x00000007a2100000,0x00000007a2800000)
 ParOldGen       total 86016K, used 6379K [0x00000006c2600000, 0x00000006c7a00000, 0x000000076b780000)
  object space 86016K, 7% used [0x00000006c2600000,0x00000006c2c3add0,0x00000006c7a00000)
 Metaspace       used 34260K, capacity 35372K, committed 35416K, reserved 1079296K
  class space    used 4393K, capacity 4665K, committed 4696K, reserved 1048576K
Event: 12.425 GC heap after
Heap after GC invocations=10 (full 1):
 PSYoungGen      total 883712K, used 7156K [0x000000076b780000, 0x00000007a2f00000, 0x00000007c0000000)
  eden space 876544K, 0% used [0x000000076b780000,0x000000076b780000,0x00000007a0f80000)
  from space 7168K, 99% used [0x00000007a2100000,0x00000007a27fd040,0x00000007a2800000)
  to   space 6144K, 0% used [0x00000007a2900000,0x00000007a2900000,0x00000007a2f00000)
 ParOldGen       total 86016K, used 8203K [0x00000006c2600000, 0x00000006c7a00000, 0x000000076b780000)
  object space 86016K, 9% used [0x00000006c2600000,0x00000006c2e02dd0,0x00000006c7a00000)
 Metaspace       used 34260K, capacity 35372K, committed 35416K, reserved 1079296K
  class space    used 4393K, capacity 4665K, committed 4696K, reserved 1048576K
}
Event: 12.425 GC heap before
{Heap before GC invocations=11 (full 2):
 PSYoungGen      total 883712K, used 7156K [0x000000076b780000, 0x00000007a2f00000, 0x00000007c0000000)
  eden space 876544K, 0% used [0x000000076b780000,0x000000076b780000,0x00000007a0f80000)
  from space 7168K, 99% used [0x00000007a2100000,0x00000007a27fd040,0x00000007a2800000)
  to   space 6144K, 0% used [0x00000007a2900000,0x00000007a2900000,0x00000007a2f00000)
 ParOldGen       total 86016K, used 8203K [0x00000006c2600000, 0x00000006c7a00000, 0x000000076b780000)
  object space 86016K, 9% used [0x00000006c2600000,0x00000006c2e02dd0,0x00000006c7a00000)
 Metaspace       used 34260K, capacity 35372K, committed 35416K, reserved 1079296K
  class space    used 4393K, capacity 4665K, committed 4696K, reserved 1048576K
Event: 12.811 GC heap after
Heap after GC invocations=11 (full 2):
 PSYoungGen      total 883712K, used 0K [0x000000076b780000, 0x00000007a2f00000, 0x00000007c0000000)
  eden space 876544K, 0% used [0x000000076b780000,0x000000076b780000,0x00000007a0f80000)
  from space 7168K, 0% used [0x00000007a2100000,0x00000007a2100000,0x00000007a2800000)
  to   space 6144K, 0% used [0x00000007a2900000,0x00000007a2900000,0x00000007a2f00000)
 ParOldGen       total 86016K, used 13882K [0x00000006c2600000, 0x00000006c7a00000, 0x000000076b780000)
  object space 86016K, 16% used [0x00000006c2600000,0x00000006c338e9d8,0x00000006c7a00000)
 Metaspace       used 34260K, capacity 35372K, committed 35416K, reserved 1079296K
  class space    used 4393K, capacity 4665K, committed 4696K, reserved 1048576K
}

