# JRE version: Java(TM) SE Runtime Environment (8.0_144-b01) (build 1.8.0_144-b01)
# Java VM: Java HotSpot(TM) 64-Bit Server VM (25.144-b01 mixed mode windows-amd64 compressed oops)
Heap:
 PSYoungGen      total 602624K, used 232266K [0x000000076b780000, 0x000000079d980000, 0x00000007c0000000)
  eden space 598016K, 38% used [0x000000076b780000,0x0000000779a529e0,0x000000078ff80000)
  from space 4608K, 0% used [0x000000078ff80000,0x000000078ff80000,0x0000000790400000)
  to   space 6144K, 0% used [0x000000079d380000,0x000000079d380000,0x000000079d980000)
 ParOldGen       total 121856K, used 14056K [0x00000006c2600000, 0x00000006c9d00000, 0x000000076b780000)
  object space 121856K, 11% used [0x00000006c2600000,0x00000006c33ba068,0x00000006c9d00000)
 Metaspace       used 37236K, capacity 38384K, committed 38616K, reserved 1083392K
  class space    used 4759K, capacity 4991K, committed 5080K, reserved 1048576K
GC Heap History (10 events):
Event: 3.667 GC heap before
{Heap before GC invocations=11 (full 1):
 PSYoungGen      total 420864K, used 1376K [0x000000076b780000, 0x0000000785700000, 0x00000007c0000000)
  eden space 416256K, 0% used [0x000000076b780000,0x000000076b780000,0x0000000784e00000)
  from space 4608K, 29% used [0x0000000785280000,0x00000007853d8000,0x0000000785700000)
  to   space 4608K, 0% used [0x0000000784e00000,0x0000000784e00000,0x0000000785280000)
 ParOldGen       total 173568K, used 4168K [0x00000006c2600000, 0x00000006ccf80000, 0x000000076b780000)
  object space 173568K, 2% used [0x00000006c2600000,0x00000006c2a12168,0x00000006ccf80000)
 Metaspace       used 20580K, capacity 21078K, committed 21248K, reserved 1067008K
  class space    used 2547K, capacity 2708K, committed 2816K, reserved 1048576K
Event: 3.825 GC heap after
Heap after GC invocations=11 (full 1):
 PSYoungGen      total 420864K, used 0K [0x000000076b780000, 0x0000000785700000, 0x00000007c0000000)
  eden space 416256K, 0% used [0x000000076b780000,0x000000076b780000,0x0000000784e00000)
  from space 4608K, 0% used [0x0000000785280000,0x0000000785280000,0x0000000785700000)
  to   space 4608K, 0% used [0x0000000784e00000,0x0000000784e00000,0x0000000785280000)
 ParOldGen       total 86016K, used 5262K [0x00000006c2600000, 0x00000006c7a00000, 0x000000076b780000)
  object space 86016K, 6% used [0x00000006c2600000,0x00000006c2b238f0,0x00000006c7a00000)
 Metaspace       used 20580K, capacity 21078K, committed 21248K, reserved 1067008K
  class space    used 2547K, capacity 2708K, committed 2816K, reserved 1048576K
}
Event: 6.165 GC heap before
{Heap before GC invocations=12 (full 1):
 PSYoungGen      total 420864K, used 416256K [0x000000076b780000, 0x0000000785700000, 0x00000007c0000000)
  eden space 416256K, 100% used [0x000000076b780000,0x0000000784e00000,0x0000000784e00000)
  from space 4608K, 0% used [0x0000000785280000,0x0000000785280000,0x0000000785700000)
  to   space 4608K, 0% used [0x0000000784e00000,0x0000000784e00000,0x0000000785280000)
 ParOldGen       total 86016K, used 5262K [0x00000006c2600000, 0x00000006c7a00000, 0x000000076b780000)
  object space 86016K, 6% used [0x00000006c2600000,0x00000006c2b238f0,0x00000006c7a00000)
 Metaspace       used 27195K, capacity 28002K, committed 28288K, reserved 1073152K
  class space    used 3445K, capacity 3632K, committed 3712K, reserved 1048576K
Event: 6.176 GC heap after
Heap after GC invocations=12 (full 1):
 PSYoungGen      total 420864K, used 3088K [0x000000076b780000, 0x0000000790a00000, 0x00000007c0000000)
  eden space 416256K, 0% used [0x000000076b780000,0x000000076b780000,0x0000000784e00000)
  from space 4608K, 67% used [0x0000000784e00000,0x0000000785104040,0x0000000785280000)
  to   space 4608K, 0% used [0x0000000790580000,0x0000000790580000,0x0000000790a00000)
 ParOldGen       total 86016K, used 5334K [0x00000006c2600000, 0x00000006c7a00000, 0x000000076b780000)
  object space 86016K, 6% used [0x00000006c2600000,0x00000006c2b35900,0x00000006c7a00000)
 Metaspace       used 27195K, capacity 28002K, committed 28288K, reserved 1073152K
  class space    used 3445K, capacity 3632K, committed 3712K, reserved 1048576K
}
Event: 9.804 GC heap before
{Heap before GC invocations=13 (full 1):
 PSYoungGen      total 420864K, used 419344K [0x000000076b780000, 0x0000000790a00000, 0x00000007c0000000)
  eden space 416256K, 100% used [0x000000076b780000,0x0000000784e00000,0x0000000784e00000)
  from space 4608K, 67% used [0x0000000784e00000,0x0000000785104040,0x0000000785280000)
  to   space 4608K, 0% used [0x0000000790580000,0x0000000790580000,0x0000000790a00000)
 ParOldGen       total 86016K, used 5334K [0x00000006c2600000, 0x00000006c7a00000, 0x000000076b780000)
  object space 86016K, 6% used [0x00000006c2600000,0x00000006c2b35900,0x00000006c7a00000)
 Metaspace       used 30699K, capacity 31672K, committed 31872K, reserved 1077248K
  class space    used 3891K, capacity 4113K, committed 4224K, reserved 1048576K
Event: 9.861 GC heap after
Heap after GC invocations=13 (full 1):
 PSYoungGen      total 589824K, used 2592K [0x000000076b780000, 0x0000000790880000, 0x00000007c0000000)
  eden space 586752K, 0% used [0x000000076b780000,0x000000076b780000,0x000000078f480000)
  from space 3072K, 84% used [0x0000000790580000,0x0000000790808000,0x0000000790880000)
  to   space 4608K, 0% used [0x000000078ff80000,0x000000078ff80000,0x0000000790400000)
 ParOldGen       total 86016K, used 7758K [0x00000006c2600000, 0x00000006c7a00000, 0x000000076b780000)
  object space 86016K, 9% used [0x00000006c2600000,0x00000006c2d93970,0x00000006c7a00000)
 Metaspace       used 30699K, capacity 31672K, committed 31872K, reserved 1077248K
  class space    used 3891K, capacity 4113K, committed 4224K, reserved 1048576K
}
Event: 14.164 GC heap before
{Heap before GC invocations=14 (full 1):
 PSYoungGen      total 589824K, used 500855K [0x000000076b780000, 0x0000000790880000, 0x00000007c0000000)
  eden space 586752K, 84% used [0x000000076b780000,0x0000000789e15d00,0x000000078f480000)
  from space 3072K, 84% used [0x0000000790580000,0x0000000790808000,0x0000000790880000)
  to   space 4608K, 0% used [0x000000078ff80000,0x000000078ff80000,0x0000000790400000)
 ParOldGen       total 86016K, used 7758K [0x00000006c2600000, 0x00000006c7a00000, 0x000000076b780000)
  object space 86016K, 9% used [0x00000006c2600000,0x00000006c2d93970,0x00000006c7a00000)
 Metaspace       used 34165K, capacity 35324K, committed 35416K, reserved 1079296K
  class space    used 4381K, capacity 4665K, committed 4696K, reserved 1048576K
Event: 14.234 GC heap after
Heap after GC invocations=14 (full 1):
 PSYoungGen      total 602624K, used 4608K [0x000000076b780000, 0x000000079d980000, 0x00000007c0000000)
  eden space 598016K, 0% used [0x000000076b780000,0x000000076b780000,0x000000078ff80000)
  from space 4608K, 100% used [0x000000078ff80000,0x0000000790400000,0x0000000790400000)
  to   space 6144K, 0% used [0x000000079d380000,0x000000079d380000,0x000000079d980000)
 ParOldGen       total 86016K, used 10386K [0x00000006c2600000, 0x00000006c7a00000, 0x000000076b780000)
  object space 86016K, 12% used [0x00000006c2600000,0x00000006c3024980,0x00000006c7a00000)
 Metaspace       used 34165K, capacity 35324K, committed 35416K, reserved 1079296K
  class space    used 4381K, capacity 4665K, committed 4696K, reserved 1048576K
}
Event: 14.234 GC heap before
{Heap before GC invocations=15 (full 2):
 PSYoungGen      total 602624K, used 4608K [0x000000076b780000, 0x000000079d980000, 0x00000007c0000000)
  eden space 598016K, 0% used [0x000000076b780000,0x000000076b780000,0x000000078ff80000)
  from space 4608K, 100% used [0x000000078ff80000,0x0000000790400000,0x0000000790400000)
  to   space 6144K, 0% used [0x000000079d380000,0x000000079d380000,0x000000079d980000)
 ParOldGen       total 86016K, used 10386K [0x00000006c2600000, 0x00000006c7a00000, 0x000000076b780000)
  object space 86016K, 12% used [0x00000006c2600000,0x00000006c3024980,0x00000006c7a00000)
 Metaspace       used 34165K, capacity 35324K, committed 35416K, reserved 1079296K
  class space    used 4381K, capacity 4665K, committed 4696K, reserved 1048576K
Event: 14.488 GC heap after
Heap after GC invocations=15 (full 2):
 PSYoungGen      total 602624K, used 0K [0x000000076b780000, 0x000000079d980000, 0x00000007c0000000)
  eden space 598016K, 0% used [0x000000076b780000,0x000000076b780000,0x000000078ff80000)
  from space 4608K, 0% used [0x000000078ff80000,0x000000078ff80000,0x0000000790400000)
  to   space 6144K, 0% used [0x000000079d380000,0x000000079d380000,0x000000079d980000)
 ParOldGen       total 121856K, used 14056K [0x00000006c2600000, 0x00000006c9d00000, 0x000000076b780000)
  object space 121856K, 11% used [0x00000006c2600000,0x00000006c33ba068,0x00000006c9d00000)
 Metaspace       used 34165K, capacity 35324K, committed 35416K, reserved 1079296K
  class space    used 4381K, capacity 4665K, committed 4696K, reserved 1048576K
}

