# JRE version: Java(TM) SE Runtime Environment (8.0_144-b01) (build 1.8.0_144-b01)
# Java VM: Java HotSpot(TM) 64-Bit Server VM (25.144-b01 mixed mode windows-amd64 compressed oops)
Heap:
 PSYoungGen      total 896000K, used 521856K [0x000000076b780000, 0x00000007ab780000, 0x00000007c0000000)
  eden space 890368K, 58% used [0x000000076b780000,0x000000078b5202c0,0x00000007a1d00000)
  from space 5632K, 0% used [0x00000007aac80000,0x00000007aac80000,0x00000007ab200000)
  to   space 4096K, 0% used [0x00000007ab380000,0x00000007ab380000,0x00000007ab780000)
 ParOldGen       total 87040K, used 14310K [0x00000006c2600000, 0x00000006c7b00000, 0x000000076b780000)
  object space 87040K, 16% used [0x00000006c2600000,0x00000006c33f9988,0x00000006c7b00000)
 Metaspace       used 39106K, capacity 40244K, committed 40408K, reserved 1085440K
  class space    used 4971K, capacity 5225K, committed 5336K, reserved 1048576K
GC Heap History (10 events):
Event: 3.823 GC heap before
{Heap before GC invocations=7 (full 0):
 PSYoungGen      total 524288K, used 11121K [0x000000076b780000, 0x000000078bf80000, 0x00000007c0000000)
  eden space 519168K, 1% used [0x000000076b780000,0x000000076bd605c0,0x000000078b280000)
  from space 5120K, 99% used [0x000000078b880000,0x000000078bd7c010,0x000000078bd80000)
  to   space 6144K, 0% used [0x000000078b280000,0x000000078b280000,0x000000078b880000)
 ParOldGen       total 173568K, used 528K [0x00000006c2600000, 0x00000006ccf80000, 0x000000076b780000)
  object space 173568K, 0% used [0x00000006c2600000,0x00000006c2684000,0x00000006ccf80000)
 Metaspace       used 20564K, capacity 21070K, committed 21248K, reserved 1067008K
  class space    used 2543K, capacity 2708K, committed 2816K, reserved 1048576K
Event: 3.849 GC heap after
Heap after GC invocations=7 (full 0):
 PSYoungGen      total 525312K, used 2672K [0x000000076b780000, 0x00000007ab980000, 0x00000007c0000000)
  eden space 519168K, 0% used [0x000000076b780000,0x000000076b780000,0x000000078b280000)
  from space 6144K, 43% used [0x000000078b280000,0x000000078b51c010,0x000000078b880000)
  to   space 6144K, 0% used [0x00000007ab380000,0x00000007ab380000,0x00000007ab980000)
 ParOldGen       total 173568K, used 2926K [0x00000006c2600000, 0x00000006ccf80000, 0x000000076b780000)
  object space 173568K, 1% used [0x00000006c2600000,0x00000006c28db938,0x00000006ccf80000)
 Metaspace       used 20564K, capacity 21070K, committed 21248K, reserved 1067008K
  class space    used 2543K, capacity 2708K, committed 2816K, reserved 1048576K
}
Event: 3.849 GC heap before
{Heap before GC invocations=8 (full 1):
 PSYoungGen      total 525312K, used 2672K [0x000000076b780000, 0x00000007ab980000, 0x00000007c0000000)
  eden space 519168K, 0% used [0x000000076b780000,0x000000076b780000,0x000000078b280000)
  from space 6144K, 43% used [0x000000078b280000,0x000000078b51c010,0x000000078b880000)
  to   space 6144K, 0% used [0x00000007ab380000,0x00000007ab380000,0x00000007ab980000)
 ParOldGen       total 173568K, used 2926K [0x00000006c2600000, 0x00000006ccf80000, 0x000000076b780000)
  object space 173568K, 1% used [0x00000006c2600000,0x00000006c28db938,0x00000006ccf80000)
 Metaspace       used 20564K, capacity 21070K, committed 21248K, reserved 1067008K
  class space    used 2543K, capacity 2708K, committed 2816K, reserved 1048576K
Event: 3.961 GC heap after
Heap after GC invocations=8 (full 1):
 PSYoungGen      total 525312K, used 0K [0x000000076b780000, 0x00000007ab980000, 0x00000007c0000000)
  eden space 519168K, 0% used [0x000000076b780000,0x000000076b780000,0x000000078b280000)
  from space 6144K, 0% used [0x000000078b280000,0x000000078b280000,0x000000078b880000)
  to   space 6144K, 0% used [0x00000007ab380000,0x00000007ab380000,0x00000007ab980000)
 ParOldGen       total 87040K, used 5199K [0x00000006c2600000, 0x00000006c7b00000, 0x000000076b780000)
  object space 87040K, 5% used [0x00000006c2600000,0x00000006c2b13da8,0x00000006c7b00000)
 Metaspace       used 20564K, capacity 21070K, committed 21248K, reserved 1067008K
  class space    used 2543K, capacity 2708K, committed 2816K, reserved 1048576K
}
Event: 6.624 GC heap before
{Heap before GC invocations=9 (full 1):
 PSYoungGen      total 525312K, used 519168K [0x000000076b780000, 0x00000007ab980000, 0x00000007c0000000)
  eden space 519168K, 100% used [0x000000076b780000,0x000000078b280000,0x000000078b280000)
  from space 6144K, 0% used [0x000000078b280000,0x000000078b280000,0x000000078b880000)
  to   space 6144K, 0% used [0x00000007ab380000,0x00000007ab380000,0x00000007ab980000)
 ParOldGen       total 87040K, used 5199K [0x00000006c2600000, 0x00000006c7b00000, 0x000000076b780000)
  object space 87040K, 5% used [0x00000006c2600000,0x00000006c2b13da8,0x00000006c7b00000)
 Metaspace       used 27703K, capacity 28524K, committed 28928K, reserved 1075200K
  class space    used 3505K, capacity 3715K, committed 3840K, reserved 1048576K
Event: 6.644 GC heap after
Heap after GC invocations=9 (full 1):
 PSYoungGen      total 894464K, used 3652K [0x000000076b780000, 0x00000007ab780000, 0x00000007c0000000)
  eden space 890368K, 0% used [0x000000076b780000,0x000000076b780000,0x00000007a1d00000)
  from space 4096K, 89% used [0x00000007ab380000,0x00000007ab711050,0x00000007ab780000)
  to   space 5632K, 0% used [0x00000007aac80000,0x00000007aac80000,0x00000007ab200000)
 ParOldGen       total 87040K, used 5271K [0x00000006c2600000, 0x00000006c7b00000, 0x000000076b780000)
  object space 87040K, 6% used [0x00000006c2600000,0x00000006c2b25db8,0x00000006c7b00000)
 Metaspace       used 27703K, capacity 28524K, committed 28928K, reserved 1075200K
  class space    used 3505K, capacity 3715K, committed 3840K, reserved 1048576K
}
Event: 13.336 GC heap before
{Heap before GC invocations=10 (full 1):
 PSYoungGen      total 894464K, used 849831K [0x000000076b780000, 0x00000007ab780000, 0x00000007c0000000)
  eden space 890368K, 95% used [0x000000076b780000,0x000000079f1d8f78,0x00000007a1d00000)
  from space 4096K, 89% used [0x00000007ab380000,0x00000007ab711050,0x00000007ab780000)
  to   space 5632K, 0% used [0x00000007aac80000,0x00000007aac80000,0x00000007ab200000)
 ParOldGen       total 87040K, used 5271K [0x00000006c2600000, 0x00000006c7b00000, 0x000000076b780000)
  object space 87040K, 6% used [0x00000006c2600000,0x00000006c2b25db8,0x00000006c7b00000)
 Metaspace       used 34258K, capacity 35372K, committed 35416K, reserved 1079296K
  class space    used 4393K, capacity 4665K, committed 4696K, reserved 1048576K
Event: 13.392 GC heap after
Heap after GC invocations=10 (full 1):
 PSYoungGen      total 896000K, used 5620K [0x000000076b780000, 0x00000007ab780000, 0x00000007c0000000)
  eden space 890368K, 0% used [0x000000076b780000,0x000000076b780000,0x00000007a1d00000)
  from space 5632K, 99% used [0x00000007aac80000,0x00000007ab1fd040,0x00000007ab200000)
  to   space 4096K, 0% used [0x00000007ab380000,0x00000007ab380000,0x00000007ab780000)
 ParOldGen       total 87040K, used 9524K [0x00000006c2600000, 0x00000006c7b00000, 0x000000076b780000)
  object space 87040K, 10% used [0x00000006c2600000,0x00000006c2f4d118,0x00000006c7b00000)
 Metaspace       used 34258K, capacity 35372K, committed 35416K, reserved 1079296K
  class space    used 4393K, capacity 4665K, committed 4696K, reserved 1048576K
}
Event: 13.392 GC heap before
{Heap before GC invocations=11 (full 2):
 PSYoungGen      total 896000K, used 5620K [0x000000076b780000, 0x00000007ab780000, 0x00000007c0000000)
  eden space 890368K, 0% used [0x000000076b780000,0x000000076b780000,0x00000007a1d00000)
  from space 5632K, 99% used [0x00000007aac80000,0x00000007ab1fd040,0x00000007ab200000)
  to   space 4096K, 0% used [0x00000007ab380000,0x00000007ab380000,0x00000007ab780000)
 ParOldGen       total 87040K, used 9524K [0x00000006c2600000, 0x00000006c7b00000, 0x000000076b780000)
  object space 87040K, 10% used [0x00000006c2600000,0x00000006c2f4d118,0x00000006c7b00000)
 Metaspace       used 34258K, capacity 35372K, committed 35416K, reserved 1079296K
  class space    used 4393K, capacity 4665K, committed 4696K, reserved 1048576K
Event: 13.731 GC heap after
Heap after GC invocations=11 (full 2):
 PSYoungGen      total 896000K, used 0K [0x000000076b780000, 0x00000007ab780000, 0x00000007c0000000)
  eden space 890368K, 0% used [0x000000076b780000,0x000000076b780000,0x00000007a1d00000)
  from space 5632K, 0% used [0x00000007aac80000,0x00000007aac80000,0x00000007ab200000)
  to   space 4096K, 0% used [0x00000007ab380000,0x00000007ab380000,0x00000007ab780000)
 ParOldGen       total 87040K, used 14310K [0x00000006c2600000, 0x00000006c7b00000, 0x000000076b780000)
  object space 87040K, 16% used [0x00000006c2600000,0x00000006c33f9988,0x00000006c7b00000)
 Metaspace       used 34258K, capacity 35372K, committed 35416K, reserved 1079296K
  class space    used 4393K, capacity 4665K, committed 4696K, reserved 1048576K
}

