# JRE version: Java(TM) SE Runtime Environment (8.0_144-b01) (build 1.8.0_144-b01)
# Java VM: Java HotSpot(TM) 64-Bit Server VM (25.144-b01 mixed mode windows-amd64 compressed oops)
Heap:
 PSYoungGen      total 567808K, used 41253K [0x000000076b780000, 0x0000000796580000, 0x00000007c0000000)
  eden space 562688K, 7% used [0x000000076b780000,0x000000076dfc94f8,0x000000078dd00000)
  from space 5120K, 0% used [0x000000078e480000,0x000000078e480000,0x000000078e980000)
  to   space 7680K, 0% used [0x000000078dd00000,0x000000078dd00000,0x000000078e480000)
 ParOldGen       total 94208K, used 14149K [0x00000006c2600000, 0x00000006c8200000, 0x000000076b780000)
  object space 94208K, 15% used [0x00000006c2600000,0x00000006c33d1478,0x00000006c8200000)
 Metaspace       used 35016K, capacity 36194K, committed 36312K, reserved 1081344K
  class space    used 4496K, capacity 4762K, committed 4864K, reserved 1048576K
GC Heap History (10 events):
Event: 4.278 GC heap before
{Heap before GC invocations=8 (full 1):
 PSYoungGen      total 264704K, used 3104K [0x000000076b780000, 0x000000078bb80000, 0x00000007c0000000)
  eden space 259584K, 0% used [0x000000076b780000,0x000000076b780000,0x000000077b500000)
  from space 5120K, 60% used [0x000000077b500000,0x000000077b808020,0x000000077ba00000)
  to   space 4608K, 0% used [0x000000078b700000,0x000000078b700000,0x000000078bb80000)
 ParOldGen       total 173568K, used 2618K [0x00000006c2600000, 0x00000006ccf80000, 0x000000076b780000)
  object space 173568K, 1% used [0x00000006c2600000,0x00000006c288e948,0x00000006ccf80000)
 Metaspace       used 20577K, capacity 21074K, committed 21248K, reserved 1067008K
  class space    used 2552K, capacity 2708K, committed 2816K, reserved 1048576K
Event: 4.341 GC heap after
Heap after GC invocations=8 (full 1):
 PSYoungGen      total 264704K, used 0K [0x000000076b780000, 0x000000078bb80000, 0x00000007c0000000)
  eden space 259584K, 0% used [0x000000076b780000,0x000000076b780000,0x000000077b500000)
  from space 5120K, 0% used [0x000000077b500000,0x000000077b500000,0x000000077ba00000)
  to   space 4608K, 0% used [0x000000078b700000,0x000000078b700000,0x000000078bb80000)
 ParOldGen       total 94208K, used 5438K [0x00000006c2600000, 0x00000006c8200000, 0x000000076b780000)
  object space 94208K, 5% used [0x00000006c2600000,0x00000006c2b4fa98,0x00000006c8200000)
 Metaspace       used 20577K, capacity 21074K, committed 21248K, reserved 1067008K
  class space    used 2552K, capacity 2708K, committed 2816K, reserved 1048576K
}
Event: 5.887 GC heap before
{Heap before GC invocations=9 (full 1):
 PSYoungGen      total 264704K, used 259584K [0x000000076b780000, 0x000000078bb80000, 0x00000007c0000000)
  eden space 259584K, 100% used [0x000000076b780000,0x000000077b500000,0x000000077b500000)
  from space 5120K, 0% used [0x000000077b500000,0x000000077b500000,0x000000077ba00000)
  to   space 4608K, 0% used [0x000000078b700000,0x000000078b700000,0x000000078bb80000)
 ParOldGen       total 94208K, used 5438K [0x00000006c2600000, 0x00000006c8200000, 0x000000076b780000)
  object space 94208K, 5% used [0x00000006c2600000,0x00000006c2b4fa98,0x00000006c8200000)
 Metaspace       used 26080K, capacity 26784K, committed 27136K, reserved 1073152K
  class space    used 3295K, capacity 3477K, committed 3584K, reserved 1048576K
Event: 5.901 GC heap after
Heap after GC invocations=9 (full 1):
 PSYoungGen      total 422912K, used 2544K [0x000000076b780000, 0x000000078b980000, 0x00000007c0000000)
  eden space 420352K, 0% used [0x000000076b780000,0x000000076b780000,0x0000000785200000)
  from space 2560K, 99% used [0x000000078b700000,0x000000078b97c040,0x000000078b980000)
  to   space 4608K, 0% used [0x000000078b080000,0x000000078b080000,0x000000078b500000)
 ParOldGen       total 94208K, used 5510K [0x00000006c2600000, 0x00000006c8200000, 0x000000076b780000)
  object space 94208K, 5% used [0x00000006c2600000,0x00000006c2b61aa8,0x00000006c8200000)
 Metaspace       used 26080K, capacity 26784K, committed 27136K, reserved 1073152K
  class space    used 3295K, capacity 3477K, committed 3584K, reserved 1048576K
}
Event: 8.990 GC heap before
{Heap before GC invocations=10 (full 1):
 PSYoungGen      total 422912K, used 422896K [0x000000076b780000, 0x000000078b980000, 0x00000007c0000000)
  eden space 420352K, 100% used [0x000000076b780000,0x0000000785200000,0x0000000785200000)
  from space 2560K, 99% used [0x000000078b700000,0x000000078b97c040,0x000000078b980000)
  to   space 4608K, 0% used [0x000000078b080000,0x000000078b080000,0x000000078b500000)
 ParOldGen       total 94208K, used 5510K [0x00000006c2600000, 0x00000006c8200000, 0x000000076b780000)
  object space 94208K, 5% used [0x00000006c2600000,0x00000006c2b61aa8,0x00000006c8200000)
 Metaspace       used 30227K, capacity 31236K, committed 31488K, reserved 1077248K
  class space    used 3850K, capacity 4079K, committed 4096K, reserved 1048576K
Event: 9.012 GC heap after
Heap after GC invocations=10 (full 1):
 PSYoungGen      total 521728K, used 4580K [0x000000076b780000, 0x000000078e980000, 0x00000007c0000000)
  eden space 517120K, 0% used [0x000000076b780000,0x000000076b780000,0x000000078b080000)
  from space 4608K, 99% used [0x000000078b080000,0x000000078b4f9050,0x000000078b500000)
  to   space 5120K, 0% used [0x000000078e480000,0x000000078e480000,0x000000078e980000)
 ParOldGen       total 94208K, used 5878K [0x00000006c2600000, 0x00000006c8200000, 0x000000076b780000)
  object space 94208K, 6% used [0x00000006c2600000,0x00000006c2bbdaa8,0x00000006c8200000)
 Metaspace       used 30227K, capacity 31236K, committed 31488K, reserved 1077248K
  class space    used 3850K, capacity 4079K, committed 4096K, reserved 1048576K
}
Event: 13.522 GC heap before
{Heap before GC invocations=11 (full 1):
 PSYoungGen      total 521728K, used 511545K [0x000000076b780000, 0x000000078e980000, 0x00000007c0000000)
  eden space 517120K, 98% used [0x000000076b780000,0x000000078a695488,0x000000078b080000)
  from space 4608K, 99% used [0x000000078b080000,0x000000078b4f9050,0x000000078b500000)
  to   space 5120K, 0% used [0x000000078e480000,0x000000078e480000,0x000000078e980000)
 ParOldGen       total 94208K, used 5878K [0x00000006c2600000, 0x00000006c8200000, 0x000000076b780000)
  object space 94208K, 6% used [0x00000006c2600000,0x00000006c2bbdaa8,0x00000006c8200000)
 Metaspace       used 34212K, capacity 35356K, committed 35416K, reserved 1079296K
  class space    used 4424K, capacity 4697K, committed 4736K, reserved 1048576K
Event: 13.576 GC heap after
Heap after GC invocations=11 (full 1):
 PSYoungGen      total 567808K, used 5120K [0x000000076b780000, 0x0000000796580000, 0x00000007c0000000)
  eden space 562688K, 0% used [0x000000076b780000,0x000000076b780000,0x000000078dd00000)
  from space 5120K, 100% used [0x000000078e480000,0x000000078e980000,0x000000078e980000)
  to   space 7680K, 0% used [0x000000078dd00000,0x000000078dd00000,0x000000078e480000)
 ParOldGen       total 94208K, used 10439K [0x00000006c2600000, 0x00000006c8200000, 0x000000076b780000)
  object space 94208K, 11% used [0x00000006c2600000,0x00000006c3031e20,0x00000006c8200000)
 Metaspace       used 34212K, capacity 35356K, committed 35416K, reserved 1079296K
  class space    used 4424K, capacity 4697K, committed 4736K, reserved 1048576K
}
Event: 13.576 GC heap before
{Heap before GC invocations=12 (full 2):
 PSYoungGen      total 567808K, used 5120K [0x000000076b780000, 0x0000000796580000, 0x00000007c0000000)
  eden space 562688K, 0% used [0x000000076b780000,0x000000076b780000,0x000000078dd00000)
  from space 5120K, 100% used [0x000000078e480000,0x000000078e980000,0x000000078e980000)
  to   space 7680K, 0% used [0x000000078dd00000,0x000000078dd00000,0x000000078e480000)
 ParOldGen       total 94208K, used 10439K [0x00000006c2600000, 0x00000006c8200000, 0x000000076b780000)
  object space 94208K, 11% used [0x00000006c2600000,0x00000006c3031e20,0x00000006c8200000)
 Metaspace       used 34212K, capacity 35356K, committed 35416K, reserved 1079296K
  class space    used 4424K, capacity 4697K, committed 4736K, reserved 1048576K
Event: 13.746 GC heap after
Heap after GC invocations=12 (full 2):
 PSYoungGen      total 567808K, used 0K [0x000000076b780000, 0x0000000796580000, 0x00000007c0000000)
  eden space 562688K, 0% used [0x000000076b780000,0x000000076b780000,0x000000078dd00000)
  from space 5120K, 0% used [0x000000078e480000,0x000000078e480000,0x000000078e980000)
  to   space 7680K, 0% used [0x000000078dd00000,0x000000078dd00000,0x000000078e480000)
 ParOldGen       total 94208K, used 14149K [0x00000006c2600000, 0x00000006c8200000, 0x000000076b780000)
  object space 94208K, 15% used [0x00000006c2600000,0x00000006c33d1478,0x00000006c8200000)
 Metaspace       used 34212K, capacity 35356K, committed 35416K, reserved 1079296K
  class space    used 4424K, capacity 4697K, committed 4736K, reserved 1048576K
}

