# JRE version: Java(TM) SE Runtime Environment (8.0_144-b01) (build 1.8.0_144-b01)
# Java VM: Java HotSpot(TM) 64-Bit Server VM (25.144-b01 mixed mode windows-amd64 compressed oops)
Heap:
 PSYoungGen      total 1214464K, used 62807K [0x000000076b780000, 0x00000007c0000000, 0x00000007c0000000)
  eden space 1203712K, 4% used [0x000000076b780000,0x000000076ed6df50,0x00000007b4f00000)
  from space 10752K, 70% used [0x00000007b4f00000,0x00000007b5668010,0x00000007b5980000)
  to   space 13312K, 0% used [0x00000007bf300000,0x00000007bf300000,0x00000007c0000000)
 ParOldGen       total 182784K, used 39734K [0x00000006c2600000, 0x00000006cd880000, 0x000000076b780000)
  object space 182784K, 21% used [0x00000006c2600000,0x00000006c4ccd888,0x00000006cd880000)
 Metaspace       used 58622K, capacity 61474K, committed 61656K, reserved 1101824K
  class space    used 7826K, capacity 8337K, committed 8408K, reserved 1048576K
GC Heap History (10 events):
Event: 77.323 GC heap before
{Heap before GC invocations=16 (full 2):
 PSYoungGen      total 997376K, used 997360K [0x000000076b780000, 0x00000007b6400000, 0x00000007c0000000)
  eden space 991232K, 100% used [0x000000076b780000,0x00000007a7f80000,0x00000007a7f80000)
  from space 6144K, 99% used [0x00000007a7f80000,0x00000007a857c060,0x00000007a8580000)
  to   space 10752K, 0% used [0x00000007b5980000,0x00000007b5980000,0x00000007b6400000)
 ParOldGen       total 137216K, used 24369K [0x00000006c2600000, 0x00000006cac00000, 0x000000076b780000)
  object space 137216K, 17% used [0x00000006c2600000,0x00000006c3dcc488,0x00000006cac00000)
 Metaspace       used 51733K, capacity 53942K, committed 54104K, reserved 1095680K
  class space    used 6747K, capacity 7153K, committed 7256K, reserved 1048576K
Event: 77.380 GC heap after
Heap after GC invocations=16 (full 2):
 PSYoungGen      total 1214464K, used 6928K [0x000000076b780000, 0x00000007b7b80000, 0x00000007c0000000)
  eden space 1203712K, 0% used [0x000000076b780000,0x000000076b780000,0x00000007b4f00000)
  from space 10752K, 64% used [0x00000007b5980000,0x00000007b6044020,0x00000007b6400000)
  to   space 10752K, 0% used [0x00000007b4f00000,0x00000007b4f00000,0x00000007b5980000)
 ParOldGen       total 137216K, used 30093K [0x00000006c2600000, 0x00000006cac00000, 0x000000076b780000)
  object space 137216K, 21% used [0x00000006c2600000,0x00000006c4363528,0x00000006cac00000)
 Metaspace       used 51733K, capacity 53942K, committed 54104K, reserved 1095680K
  class space    used 6747K, capacity 7153K, committed 7256K, reserved 1048576K
}
Event: 83.364 GC heap before
{Heap before GC invocations=17 (full 2):
 PSYoungGen      total 1214464K, used 1210640K [0x000000076b780000, 0x00000007b7b80000, 0x00000007c0000000)
  eden space 1203712K, 100% used [0x000000076b780000,0x00000007b4f00000,0x00000007b4f00000)
  from space 10752K, 64% used [0x00000007b5980000,0x00000007b6044020,0x00000007b6400000)
  to   space 10752K, 0% used [0x00000007b4f00000,0x00000007b4f00000,0x00000007b5980000)
 ParOldGen       total 137216K, used 30093K [0x00000006c2600000, 0x00000006cac00000, 0x000000076b780000)
  object space 137216K, 21% used [0x00000006c2600000,0x00000006c4363528,0x00000006cac00000)
 Metaspace       used 56465K, capacity 58910K, committed 58968K, reserved 1099776K
  class space    used 7536K, capacity 7983K, committed 8024K, reserved 1048576K
Event: 83.429 GC heap after
Heap after GC invocations=17 (full 2):
 PSYoungGen      total 1214464K, used 10720K [0x000000076b780000, 0x00000007b7b80000, 0x00000007c0000000)
  eden space 1203712K, 0% used [0x000000076b780000,0x000000076b780000,0x00000007b4f00000)
  from space 10752K, 99% used [0x00000007b4f00000,0x00000007b5978010,0x00000007b5980000)
  to   space 10752K, 0% used [0x00000007b5980000,0x00000007b5980000,0x00000007b6400000)
 ParOldGen       total 137216K, used 32025K [0x00000006c2600000, 0x00000006cac00000, 0x000000076b780000)
  object space 137216K, 23% used [0x00000006c2600000,0x00000006c45466c0,0x00000006cac00000)
 Metaspace       used 56465K, capacity 58910K, committed 58968K, reserved 1099776K
  class space    used 7536K, capacity 7983K, committed 8024K, reserved 1048576K
}
Event: 83.504 GC heap before
{Heap before GC invocations=18 (full 2):
 PSYoungGen      total 1214464K, used 35353K [0x000000076b780000, 0x00000007b7b80000, 0x00000007c0000000)
  eden space 1203712K, 2% used [0x000000076b780000,0x000000076cf8e6d8,0x00000007b4f00000)
  from space 10752K, 99% used [0x00000007b4f00000,0x00000007b5978010,0x00000007b5980000)
  to   space 10752K, 0% used [0x00000007b5980000,0x00000007b5980000,0x00000007b6400000)
 ParOldGen       total 137216K, used 32025K [0x00000006c2600000, 0x00000006cac00000, 0x000000076b780000)
  object space 137216K, 23% used [0x00000006c2600000,0x00000006c45466c0,0x00000006cac00000)
 Metaspace       used 56491K, capacity 58914K, committed 58968K, reserved 1099776K
  class space    used 7539K, capacity 7985K, committed 8024K, reserved 1048576K
Event: 83.527 GC heap after
Heap after GC invocations=18 (full 2):
 PSYoungGen      total 1214464K, used 160K [0x000000076b780000, 0x00000007b7b80000, 0x00000007c0000000)
  eden space 1203712K, 0% used [0x000000076b780000,0x000000076b780000,0x00000007b4f00000)
  from space 10752K, 1% used [0x00000007b5980000,0x00000007b59a8000,0x00000007b6400000)
  to   space 10752K, 0% used [0x00000007b4f00000,0x00000007b4f00000,0x00000007b5980000)
 ParOldGen       total 137216K, used 42609K [0x00000006c2600000, 0x00000006cac00000, 0x000000076b780000)
  object space 137216K, 31% used [0x00000006c2600000,0x00000006c4f9c750,0x00000006cac00000)
 Metaspace       used 56491K, capacity 58914K, committed 58968K, reserved 1099776K
  class space    used 7539K, capacity 7985K, committed 8024K, reserved 1048576K
}
Event: 83.527 GC heap before
{Heap before GC invocations=19 (full 3):
 PSYoungGen      total 1214464K, used 160K [0x000000076b780000, 0x00000007b7b80000, 0x00000007c0000000)
  eden space 1203712K, 0% used [0x000000076b780000,0x000000076b780000,0x00000007b4f00000)
  from space 10752K, 1% used [0x00000007b5980000,0x00000007b59a8000,0x00000007b6400000)
  to   space 10752K, 0% used [0x00000007b4f00000,0x00000007b4f00000,0x00000007b5980000)
 ParOldGen       total 137216K, used 42609K [0x00000006c2600000, 0x00000006cac00000, 0x000000076b780000)
  object space 137216K, 31% used [0x00000006c2600000,0x00000006c4f9c750,0x00000006cac00000)
 Metaspace       used 56491K, capacity 58914K, committed 58968K, reserved 1099776K
  class space    used 7539K, capacity 7985K, committed 8024K, reserved 1048576K
Event: 83.952 GC heap after
Heap after GC invocations=19 (full 3):
 PSYoungGen      total 1214464K, used 0K [0x000000076b780000, 0x00000007b7b80000, 0x00000007c0000000)
  eden space 1203712K, 0% used [0x000000076b780000,0x000000076b780000,0x00000007b4f00000)
  from space 10752K, 0% used [0x00000007b5980000,0x00000007b5980000,0x00000007b6400000)
  to   space 10752K, 0% used [0x00000007b4f00000,0x00000007b4f00000,0x00000007b5980000)
 ParOldGen       total 182784K, used 39726K [0x00000006c2600000, 0x00000006cd880000, 0x000000076b780000)
  object space 182784K, 21% used [0x00000006c2600000,0x00000006c4ccb888,0x00000006cd880000)
 Metaspace       used 56491K, capacity 58914K, committed 58968K, reserved 1099776K
  class space    used 7539K, capacity 7985K, committed 8024K, reserved 1048576K
}
Event: 90.350 GC heap before
{Heap before GC invocations=20 (full 3):
 PSYoungGen      total 1214464K, used 1203712K [0x000000076b780000, 0x00000007b7b80000, 0x00000007c0000000)
  eden space 1203712K, 100% used [0x000000076b780000,0x00000007b4f00000,0x00000007b4f00000)
  from space 10752K, 0% used [0x00000007b5980000,0x00000007b5980000,0x00000007b6400000)
  to   space 10752K, 0% used [0x00000007b4f00000,0x00000007b4f00000,0x00000007b5980000)
 ParOldGen       total 182784K, used 39726K [0x00000006c2600000, 0x00000006cd880000, 0x000000076b780000)
  object space 182784K, 21% used [0x00000006c2600000,0x00000006c4ccb888,0x00000006cd880000)
 Metaspace       used 58536K, capacity 61404K, committed 61656K, reserved 1101824K
  class space    used 7811K, capacity 8336K, committed 8408K, reserved 1048576K
Event: 90.356 GC heap after
Heap after GC invocations=20 (full 3):
 PSYoungGen      total 1214464K, used 7584K [0x000000076b780000, 0x00000007c0000000, 0x00000007c0000000)
  eden space 1203712K, 0% used [0x000000076b780000,0x000000076b780000,0x00000007b4f00000)
  from space 10752K, 70% used [0x00000007b4f00000,0x00000007b5668010,0x00000007b5980000)
  to   space 13312K, 0% used [0x00000007bf300000,0x00000007bf300000,0x00000007c0000000)
 ParOldGen       total 182784K, used 39734K [0x00000006c2600000, 0x00000006cd880000, 0x000000076b780000)
  object space 182784K, 21% used [0x00000006c2600000,0x00000006c4ccd888,0x00000006cd880000)
 Metaspace       used 58536K, capacity 61404K, committed 61656K, reserved 1101824K
  class space    used 7811K, capacity 8336K, committed 8408K, reserved 1048576K
}

