# JRE version: Java(TM) SE Runtime Environment (8.0_144-b01) (build 1.8.0_144-b01)
# Java VM: Java HotSpot(TM) 64-Bit Server VM (25.144-b01 mixed mode windows-amd64 compressed oops)
Heap:
 PSYoungGen      total 676864K, used 523275K [0x000000076b780000, 0x000000079ae00000, 0x00000007c0000000)
  eden space 671744K, 77% used [0x000000076b780000,0x000000078b682dc0,0x0000000794780000)
  from space 5120K, 0% used [0x0000000794f00000,0x0000000794f00000,0x0000000795400000)
  to   space 7680K, 0% used [0x0000000794780000,0x0000000794780000,0x0000000794f00000)
 ParOldGen       total 118272K, used 14122K [0x00000006c2600000, 0x00000006c9980000, 0x000000076b780000)
  object space 118272K, 11% used [0x00000006c2600000,0x00000006c33cab30,0x00000006c9980000)
 Metaspace       used 39314K, capacity 40752K, committed 40920K, reserved 1085440K
  class space    used 5063K, capacity 5371K, committed 5376K, reserved 1048576K
GC Heap History (10 events):
Event: 3.326 GC heap before
{Heap before GC invocations=8 (full 1):
 PSYoungGen      total 264704K, used 3040K [0x000000076b780000, 0x000000078bb80000, 0x00000007c0000000)
  eden space 259584K, 0% used [0x000000076b780000,0x000000076b780000,0x000000077b500000)
  from space 5120K, 59% used [0x000000077b500000,0x000000077b7f8020,0x000000077ba00000)
  to   space 4608K, 0% used [0x000000078b700000,0x000000078b700000,0x000000078bb80000)
 ParOldGen       total 173568K, used 2599K [0x00000006c2600000, 0x00000006ccf80000, 0x000000076b780000)
  object space 173568K, 1% used [0x00000006c2600000,0x00000006c2889df0,0x00000006ccf80000)
 Metaspace       used 20563K, capacity 21058K, committed 21248K, reserved 1067008K
  class space    used 2555K, capacity 2708K, committed 2816K, reserved 1048576K
Event: 3.387 GC heap after
Heap after GC invocations=8 (full 1):
 PSYoungGen      total 264704K, used 0K [0x000000076b780000, 0x000000078bb80000, 0x00000007c0000000)
  eden space 259584K, 0% used [0x000000076b780000,0x000000076b780000,0x000000077b500000)
  from space 5120K, 0% used [0x000000077b500000,0x000000077b500000,0x000000077ba00000)
  to   space 4608K, 0% used [0x000000078b700000,0x000000078b700000,0x000000078bb80000)
 ParOldGen       total 82944K, used 5433K [0x00000006c2600000, 0x00000006c7700000, 0x000000076b780000)
  object space 82944K, 6% used [0x00000006c2600000,0x00000006c2b4e470,0x00000006c7700000)
 Metaspace       used 20563K, capacity 21058K, committed 21248K, reserved 1067008K
  class space    used 2555K, capacity 2708K, committed 2816K, reserved 1048576K
}
Event: 5.429 GC heap before
{Heap before GC invocations=9 (full 1):
 PSYoungGen      total 264704K, used 259584K [0x000000076b780000, 0x000000078bb80000, 0x00000007c0000000)
  eden space 259584K, 100% used [0x000000076b780000,0x000000077b500000,0x000000077b500000)
  from space 5120K, 0% used [0x000000077b500000,0x000000077b500000,0x000000077ba00000)
  to   space 4608K, 0% used [0x000000078b700000,0x000000078b700000,0x000000078bb80000)
 ParOldGen       total 82944K, used 5433K [0x00000006c2600000, 0x00000006c7700000, 0x000000076b780000)
  object space 82944K, 6% used [0x00000006c2600000,0x00000006c2b4e470,0x00000006c7700000)
 Metaspace       used 26085K, capacity 26806K, committed 27136K, reserved 1073152K
  class space    used 3298K, capacity 3508K, committed 3584K, reserved 1048576K
Event: 5.434 GC heap after
Heap after GC invocations=9 (full 1):
 PSYoungGen      total 468480K, used 2532K [0x000000076b780000, 0x000000078b980000, 0x00000007c0000000)
  eden space 465920K, 0% used [0x000000076b780000,0x000000076b780000,0x0000000787e80000)
  from space 2560K, 98% used [0x000000078b700000,0x000000078b979050,0x000000078b980000)
  to   space 4608K, 0% used [0x000000078b080000,0x000000078b080000,0x000000078b500000)
 ParOldGen       total 82944K, used 5505K [0x00000006c2600000, 0x00000006c7700000, 0x000000076b780000)
  object space 82944K, 6% used [0x00000006c2600000,0x00000006c2b60480,0x00000006c7700000)
 Metaspace       used 26085K, capacity 26806K, committed 27136K, reserved 1073152K
  class space    used 3298K, capacity 3508K, committed 3584K, reserved 1048576K
}
Event: 8.284 GC heap before
{Heap before GC invocations=10 (full 1):
 PSYoungGen      total 468480K, used 468452K [0x000000076b780000, 0x000000078b980000, 0x00000007c0000000)
  eden space 465920K, 100% used [0x000000076b780000,0x0000000787e80000,0x0000000787e80000)
  from space 2560K, 98% used [0x000000078b700000,0x000000078b979050,0x000000078b980000)
  to   space 4608K, 0% used [0x000000078b080000,0x000000078b080000,0x000000078b500000)
 ParOldGen       total 82944K, used 5505K [0x00000006c2600000, 0x00000006c7700000, 0x000000076b780000)
  object space 82944K, 6% used [0x00000006c2600000,0x00000006c2b60480,0x00000006c7700000)
 Metaspace       used 30286K, capacity 31232K, committed 31488K, reserved 1077248K
  class space    used 3863K, capacity 4079K, committed 4096K, reserved 1048576K
Event: 8.290 GC heap after
Heap after GC invocations=10 (full 1):
 PSYoungGen      total 521728K, used 4596K [0x000000076b780000, 0x0000000795400000, 0x00000007c0000000)
  eden space 517120K, 0% used [0x000000076b780000,0x000000076b780000,0x000000078b080000)
  from space 4608K, 99% used [0x000000078b080000,0x000000078b4fd040,0x000000078b500000)
  to   space 5120K, 0% used [0x0000000794f00000,0x0000000794f00000,0x0000000795400000)
 ParOldGen       total 82944K, used 5921K [0x00000006c2600000, 0x00000006c7700000, 0x000000076b780000)
  object space 82944K, 7% used [0x00000006c2600000,0x00000006c2bc8480,0x00000006c7700000)
 Metaspace       used 30286K, capacity 31232K, committed 31488K, reserved 1077248K
  class space    used 3863K, capacity 4079K, committed 4096K, reserved 1048576K
}
Event: 12.231 GC heap before
{Heap before GC invocations=11 (full 1):
 PSYoungGen      total 521728K, used 470219K [0x000000076b780000, 0x0000000795400000, 0x00000007c0000000)
  eden space 517120K, 90% used [0x000000076b780000,0x0000000787e35c88,0x000000078b080000)
  from space 4608K, 99% used [0x000000078b080000,0x000000078b4fd040,0x000000078b500000)
  to   space 5120K, 0% used [0x0000000794f00000,0x0000000794f00000,0x0000000795400000)
 ParOldGen       total 82944K, used 5921K [0x00000006c2600000, 0x00000006c7700000, 0x000000076b780000)
  object space 82944K, 7% used [0x00000006c2600000,0x00000006c2bc8480,0x00000006c7700000)
 Metaspace       used 34215K, capacity 35348K, committed 35416K, reserved 1079296K
  class space    used 4424K, capacity 4697K, committed 4736K, reserved 1048576K
Event: 12.708 GC heap after
Heap after GC invocations=11 (full 1):
 PSYoungGen      total 676864K, used 5120K [0x000000076b780000, 0x000000079ae00000, 0x00000007c0000000)
  eden space 671744K, 0% used [0x000000076b780000,0x000000076b780000,0x0000000794780000)
  from space 5120K, 100% used [0x0000000794f00000,0x0000000795400000,0x0000000795400000)
  to   space 7680K, 0% used [0x0000000794780000,0x0000000794780000,0x0000000794f00000)
 ParOldGen       total 82944K, used 10421K [0x00000006c2600000, 0x00000006c7700000, 0x000000076b780000)
  object space 82944K, 12% used [0x00000006c2600000,0x00000006c302d488,0x00000006c7700000)
 Metaspace       used 34215K, capacity 35348K, committed 35416K, reserved 1079296K
  class space    used 4424K, capacity 4697K, committed 4736K, reserved 1048576K
}
Event: 12.708 GC heap before
{Heap before GC invocations=12 (full 2):
 PSYoungGen      total 676864K, used 5120K [0x000000076b780000, 0x000000079ae00000, 0x00000007c0000000)
  eden space 671744K, 0% used [0x000000076b780000,0x000000076b780000,0x0000000794780000)
  from space 5120K, 100% used [0x0000000794f00000,0x0000000795400000,0x0000000795400000)
  to   space 7680K, 0% used [0x0000000794780000,0x0000000794780000,0x0000000794f00000)
 ParOldGen       total 82944K, used 10421K [0x00000006c2600000, 0x00000006c7700000, 0x000000076b780000)
  object space 82944K, 12% used [0x00000006c2600000,0x00000006c302d488,0x00000006c7700000)
 Metaspace       used 34215K, capacity 35348K, committed 35416K, reserved 1079296K
  class space    used 4424K, capacity 4697K, committed 4736K, reserved 1048576K
Event: 13.191 GC heap after
Heap after GC invocations=12 (full 2):
 PSYoungGen      total 676864K, used 0K [0x000000076b780000, 0x000000079ae00000, 0x00000007c0000000)
  eden space 671744K, 0% used [0x000000076b780000,0x000000076b780000,0x0000000794780000)
  from space 5120K, 0% used [0x0000000794f00000,0x0000000794f00000,0x0000000795400000)
  to   space 7680K, 0% used [0x0000000794780000,0x0000000794780000,0x0000000794f00000)
 ParOldGen       total 118272K, used 14122K [0x00000006c2600000, 0x00000006c9980000, 0x000000076b780000)
  object space 118272K, 11% used [0x00000006c2600000,0x00000006c33cab30,0x00000006c9980000)
 Metaspace       used 34215K, capacity 35348K, committed 35416K, reserved 1079296K
  class space    used 4424K, capacity 4697K, committed 4736K, reserved 1048576K
}

