# JRE version: Java(TM) SE Runtime Environment (8.0_144-b01) (build 1.8.0_144-b01)
# Java VM: Java HotSpot(TM) 64-Bit Server VM (25.144-b01 mixed mode windows-amd64 compressed oops)
Heap:
 PSYoungGen      total 769024K, used 80156K [0x000000076b780000, 0x000000079b400000, 0x00000007c0000000)
  eden space 762368K, 10% used [0x000000076b780000,0x00000007705c7278,0x000000079a000000)
  from space 6656K, 0% used [0x000000079ad80000,0x000000079ad80000,0x000000079b400000)
  to   space 7680K, 0% used [0x000000079a500000,0x000000079a500000,0x000000079ac80000)
 ParOldGen       total 80384K, used 13984K [0x00000006c2600000, 0x00000006c7480000, 0x000000076b780000)
  object space 80384K, 17% used [0x00000006c2600000,0x00000006c33a8148,0x00000006c7480000)
 Metaspace       used 34759K, capacity 35896K, committed 36056K, reserved 1081344K
  class space    used 4475K, capacity 4729K, committed 4824K, reserved 1048576K
GC Heap History (10 events):
Event: 4.307 GC heap before
{Heap before GC invocations=8 (full 1):
 PSYoungGen      total 525312K, used 2768K [0x000000076b780000, 0x000000078bf80000, 0x00000007c0000000)
  eden space 519168K, 0% used [0x000000076b780000,0x000000076b780000,0x000000078b280000)
  from space 6144K, 45% used [0x000000078b280000,0x000000078b534010,0x000000078b880000)
  to   space 5120K, 0% used [0x000000078b880000,0x000000078b880000,0x000000078bd80000)
 ParOldGen       total 173568K, used 2969K [0x00000006c2600000, 0x00000006ccf80000, 0x000000076b780000)
  object space 173568K, 1% used [0x00000006c2600000,0x00000006c28e6590,0x00000006ccf80000)
 Metaspace       used 20574K, capacity 21070K, committed 21248K, reserved 1067008K
  class space    used 2549K, capacity 2708K, committed 2816K, reserved 1048576K
Event: 4.353 GC heap after
Heap after GC invocations=8 (full 1):
 PSYoungGen      total 525312K, used 0K [0x000000076b780000, 0x000000078bf80000, 0x00000007c0000000)
  eden space 519168K, 0% used [0x000000076b780000,0x000000076b780000,0x000000078b280000)
  from space 6144K, 0% used [0x000000078b280000,0x000000078b280000,0x000000078b880000)
  to   space 5120K, 0% used [0x000000078b880000,0x000000078b880000,0x000000078bd80000)
 ParOldGen       total 80384K, used 5196K [0x00000006c2600000, 0x00000006c7480000, 0x000000076b780000)
  object space 80384K, 6% used [0x00000006c2600000,0x00000006c2b133f0,0x00000006c7480000)
 Metaspace       used 20574K, capacity 21070K, committed 21248K, reserved 1067008K
  class space    used 2549K, capacity 2708K, committed 2816K, reserved 1048576K
}
Event: 6.586 GC heap before
{Heap before GC invocations=9 (full 1):
 PSYoungGen      total 525312K, used 519168K [0x000000076b780000, 0x000000078bf80000, 0x00000007c0000000)
  eden space 519168K, 100% used [0x000000076b780000,0x000000078b280000,0x000000078b280000)
  from space 6144K, 0% used [0x000000078b280000,0x000000078b280000,0x000000078b880000)
  to   space 5120K, 0% used [0x000000078b880000,0x000000078b880000,0x000000078bd80000)
 ParOldGen       total 80384K, used 5196K [0x00000006c2600000, 0x00000006c7480000, 0x000000076b780000)
  object space 80384K, 6% used [0x00000006c2600000,0x00000006c2b133f0,0x00000006c7480000)
 Metaspace       used 27670K, capacity 28532K, committed 28928K, reserved 1075200K
  class space    used 3507K, capacity 3715K, committed 3840K, reserved 1048576K
Event: 6.597 GC heap after
Heap after GC invocations=9 (full 1):
 PSYoungGen      total 524800K, used 3684K [0x000000076b780000, 0x00000007a6400000, 0x00000007c0000000)
  eden space 519680K, 0% used [0x000000076b780000,0x000000076b780000,0x000000078b300000)
  from space 5120K, 71% used [0x000000078b880000,0x000000078bc19050,0x000000078bd80000)
  to   space 5632K, 0% used [0x000000078b300000,0x000000078b300000,0x000000078b880000)
 ParOldGen       total 80384K, used 5269K [0x00000006c2600000, 0x00000006c7480000, 0x000000076b780000)
  object space 80384K, 6% used [0x00000006c2600000,0x00000006c2b25400,0x00000006c7480000)
 Metaspace       used 27670K, capacity 28532K, committed 28928K, reserved 1075200K
  class space    used 3507K, capacity 3715K, committed 3840K, reserved 1048576K
}
Event: 10.483 GC heap before
{Heap before GC invocations=10 (full 1):
 PSYoungGen      total 524800K, used 523364K [0x000000076b780000, 0x00000007a6400000, 0x00000007c0000000)
  eden space 519680K, 100% used [0x000000076b780000,0x000000078b300000,0x000000078b300000)
  from space 5120K, 71% used [0x000000078b880000,0x000000078bc19050,0x000000078bd80000)
  to   space 5632K, 0% used [0x000000078b300000,0x000000078b300000,0x000000078b880000)
 ParOldGen       total 80384K, used 5269K [0x00000006c2600000, 0x00000006c7480000, 0x000000076b780000)
  object space 80384K, 6% used [0x00000006c2600000,0x00000006c2b25400,0x00000006c7480000)
 Metaspace       used 31736K, capacity 32806K, committed 33024K, reserved 1077248K
  class space    used 4026K, capacity 4260K, committed 4352K, reserved 1048576K
Event: 10.530 GC heap after
Heap after GC invocations=10 (full 1):
 PSYoungGen      total 525312K, used 5616K [0x000000076b780000, 0x000000079b400000, 0x00000007c0000000)
  eden space 519680K, 0% used [0x000000076b780000,0x000000076b780000,0x000000078b300000)
  from space 5632K, 99% used [0x000000078b300000,0x000000078b87c040,0x000000078b880000)
  to   space 6656K, 0% used [0x000000079ad80000,0x000000079ad80000,0x000000079b400000)
 ParOldGen       total 80384K, used 6165K [0x00000006c2600000, 0x00000006c7480000, 0x000000076b780000)
  object space 80384K, 7% used [0x00000006c2600000,0x00000006c2c05400,0x00000006c7480000)
 Metaspace       used 31736K, capacity 32806K, committed 33024K, reserved 1077248K
  class space    used 4026K, capacity 4260K, committed 4352K, reserved 1048576K
}
Event: 13.548 GC heap before
{Heap before GC invocations=11 (full 1):
 PSYoungGen      total 525312K, used 343940K [0x000000076b780000, 0x000000079b400000, 0x00000007c0000000)
  eden space 519680K, 65% used [0x000000076b780000,0x00000007801e5240,0x000000078b300000)
  from space 5632K, 99% used [0x000000078b300000,0x000000078b87c040,0x000000078b880000)
  to   space 6656K, 0% used [0x000000079ad80000,0x000000079ad80000,0x000000079b400000)
 ParOldGen       total 80384K, used 6165K [0x00000006c2600000, 0x00000006c7480000, 0x000000076b780000)
  object space 80384K, 7% used [0x00000006c2600000,0x00000006c2c05400,0x00000006c7480000)
 Metaspace       used 34247K, capacity 35380K, committed 35416K, reserved 1079296K
  class space    used 4393K, capacity 4665K, committed 4696K, reserved 1048576K
Event: 13.610 GC heap after
Heap after GC invocations=11 (full 1):
 PSYoungGen      total 769024K, used 6592K [0x000000076b780000, 0x000000079b400000, 0x00000007c0000000)
  eden space 762368K, 0% used [0x000000076b780000,0x000000076b780000,0x000000079a000000)
  from space 6656K, 99% used [0x000000079ad80000,0x000000079b3f0000,0x000000079b400000)
  to   space 7680K, 0% used [0x000000079a500000,0x000000079a500000,0x000000079ac80000)
 ParOldGen       total 80384K, used 8589K [0x00000006c2600000, 0x00000006c7480000, 0x000000076b780000)
  object space 80384K, 10% used [0x00000006c2600000,0x00000006c2e63470,0x00000006c7480000)
 Metaspace       used 34247K, capacity 35380K, committed 35416K, reserved 1079296K
  class space    used 4393K, capacity 4665K, committed 4696K, reserved 1048576K
}
Event: 13.610 GC heap before
{Heap before GC invocations=12 (full 2):
 PSYoungGen      total 769024K, used 6592K [0x000000076b780000, 0x000000079b400000, 0x00000007c0000000)
  eden space 762368K, 0% used [0x000000076b780000,0x000000076b780000,0x000000079a000000)
  from space 6656K, 99% used [0x000000079ad80000,0x000000079b3f0000,0x000000079b400000)
  to   space 7680K, 0% used [0x000000079a500000,0x000000079a500000,0x000000079ac80000)
 ParOldGen       total 80384K, used 8589K [0x00000006c2600000, 0x00000006c7480000, 0x000000076b780000)
  object space 80384K, 10% used [0x00000006c2600000,0x00000006c2e63470,0x00000006c7480000)
 Metaspace       used 34247K, capacity 35380K, committed 35416K, reserved 1079296K
  class space    used 4393K, capacity 4665K, committed 4696K, reserved 1048576K
Event: 14.619 GC heap after
Heap after GC invocations=12 (full 2):
 PSYoungGen      total 769024K, used 0K [0x000000076b780000, 0x000000079b400000, 0x00000007c0000000)
  eden space 762368K, 0% used [0x000000076b780000,0x000000076b780000,0x000000079a000000)
  from space 6656K, 0% used [0x000000079ad80000,0x000000079ad80000,0x000000079b400000)
  to   space 7680K, 0% used [0x000000079a500000,0x000000079a500000,0x000000079ac80000)
 ParOldGen       total 80384K, used 13984K [0x00000006c2600000, 0x00000006c7480000, 0x000000076b780000)
  object space 80384K, 17% used [0x00000006c2600000,0x00000006c33a8148,0x00000006c7480000)
 Metaspace       used 34247K, capacity 35380K, committed 35416K, reserved 1079296K
  class space    used 4393K, capacity 4665K, committed 4696K, reserved 1048576K
}

