# JRE version: Java(TM) SE Runtime Environment (8.0_144-b01) (build 1.8.0_144-b01)
# Java VM: Java HotSpot(TM) 64-Bit Server VM (25.144-b01 mixed mode windows-amd64 compressed oops)
Heap:
 PSYoungGen      total 731136K, used 382257K [0x000000076b780000, 0x00000007aac80000, 0x00000007c0000000)
  eden space 724992K, 52% used [0x000000076b780000,0x0000000782ccc7c0,0x0000000797b80000)
  from space 6144K, 0% used [0x0000000797b80000,0x0000000797b80000,0x0000000798180000)
  to   space 5632K, 0% used [0x00000007aa700000,0x00000007aa700000,0x00000007aac80000)
 ParOldGen       total 133632K, used 13841K [0x00000006c2600000, 0x00000006ca880000, 0x000000076b780000)
  object space 133632K, 10% used [0x00000006c2600000,0x00000006c33844d8,0x00000006ca880000)
 Metaspace       used 37629K, capacity 38778K, committed 39128K, reserved 1083392K
  class space    used 4817K, capacity 5058K, committed 5080K, reserved 1048576K
GC Heap History (10 events):
Event: 4.081 GC heap before
{Heap before GC invocations=9 (full 1):
 PSYoungGen      total 523776K, used 2496K [0x000000076b780000, 0x000000078bb80000, 0x00000007c0000000)
  eden space 519168K, 0% used [0x000000076b780000,0x000000076b780000,0x000000078b280000)
  from space 4608K, 54% used [0x000000078b700000,0x000000078b970000,0x000000078bb80000)
  to   space 4608K, 0% used [0x000000078b280000,0x000000078b280000,0x000000078b700000)
 ParOldGen       total 173568K, used 3086K [0x00000006c2600000, 0x00000006ccf80000, 0x000000076b780000)
  object space 173568K, 1% used [0x00000006c2600000,0x00000006c2903ba0,0x00000006ccf80000)
 Metaspace       used 20582K, capacity 21082K, committed 21248K, reserved 1067008K
  class space    used 2542K, capacity 2708K, committed 2816K, reserved 1048576K
Event: 4.183 GC heap after
Heap after GC invocations=9 (full 1):
 PSYoungGen      total 523776K, used 0K [0x000000076b780000, 0x000000078bb80000, 0x00000007c0000000)
  eden space 519168K, 0% used [0x000000076b780000,0x000000076b780000,0x000000078b280000)
  from space 4608K, 0% used [0x000000078b700000,0x000000078b700000,0x000000078bb80000)
  to   space 4608K, 0% used [0x000000078b280000,0x000000078b280000,0x000000078b700000)
 ParOldGen       total 90112K, used 5401K [0x00000006c2600000, 0x00000006c7e00000, 0x000000076b780000)
  object space 90112K, 5% used [0x00000006c2600000,0x00000006c2b46730,0x00000006c7e00000)
 Metaspace       used 20582K, capacity 21082K, committed 21248K, reserved 1067008K
  class space    used 2542K, capacity 2708K, committed 2816K, reserved 1048576K
}
Event: 6.079 GC heap before
{Heap before GC invocations=10 (full 1):
 PSYoungGen      total 523776K, used 519168K [0x000000076b780000, 0x000000078bb80000, 0x00000007c0000000)
  eden space 519168K, 100% used [0x000000076b780000,0x000000078b280000,0x000000078b280000)
  from space 4608K, 0% used [0x000000078b700000,0x000000078b700000,0x000000078bb80000)
  to   space 4608K, 0% used [0x000000078b280000,0x000000078b280000,0x000000078b700000)
 ParOldGen       total 90112K, used 5401K [0x00000006c2600000, 0x00000006c7e00000, 0x000000076b780000)
  object space 90112K, 5% used [0x00000006c2600000,0x00000006c2b46730,0x00000006c7e00000)
 Metaspace       used 27686K, capacity 28604K, committed 28928K, reserved 1075200K
  class space    used 3502K, capacity 3715K, committed 3840K, reserved 1048576K
Event: 6.087 GC heap after
Heap after GC invocations=10 (full 1):
 PSYoungGen      total 523776K, used 3748K [0x000000076b780000, 0x0000000798600000, 0x00000007c0000000)
  eden space 519168K, 0% used [0x000000076b780000,0x000000076b780000,0x000000078b280000)
  from space 4608K, 81% used [0x000000078b280000,0x000000078b629050,0x000000078b700000)
  to   space 4608K, 0% used [0x0000000798180000,0x0000000798180000,0x0000000798600000)
 ParOldGen       total 90112K, used 5473K [0x00000006c2600000, 0x00000006c7e00000, 0x000000076b780000)
  object space 90112K, 6% used [0x00000006c2600000,0x00000006c2b58740,0x00000006c7e00000)
 Metaspace       used 27686K, capacity 28604K, committed 28928K, reserved 1075200K
  class space    used 3502K, capacity 3715K, committed 3840K, reserved 1048576K
}
Event: 9.452 GC heap before
{Heap before GC invocations=11 (full 1):
 PSYoungGen      total 523776K, used 522916K [0x000000076b780000, 0x0000000798600000, 0x00000007c0000000)
  eden space 519168K, 100% used [0x000000076b780000,0x000000078b280000,0x000000078b280000)
  from space 4608K, 81% used [0x000000078b280000,0x000000078b629050,0x000000078b700000)
  to   space 4608K, 0% used [0x0000000798180000,0x0000000798180000,0x0000000798600000)
 ParOldGen       total 90112K, used 5473K [0x00000006c2600000, 0x00000006c7e00000, 0x000000076b780000)
  object space 90112K, 6% used [0x00000006c2600000,0x00000006c2b58740,0x00000006c7e00000)
 Metaspace       used 31786K, capacity 32814K, committed 33024K, reserved 1077248K
  class space    used 4029K, capacity 4260K, committed 4352K, reserved 1048576K
Event: 9.640 GC heap after
Heap after GC invocations=11 (full 1):
 PSYoungGen      total 729600K, used 4596K [0x000000076b780000, 0x0000000798a80000, 0x00000007c0000000)
  eden space 724992K, 0% used [0x000000076b780000,0x000000076b780000,0x0000000797b80000)
  from space 4608K, 99% used [0x0000000798180000,0x00000007985fd040,0x0000000798600000)
  to   space 6144K, 0% used [0x0000000797b80000,0x0000000797b80000,0x0000000798180000)
 ParOldGen       total 90112K, used 7686K [0x00000006c2600000, 0x00000006c7e00000, 0x000000076b780000)
  object space 90112K, 8% used [0x00000006c2600000,0x00000006c2d81aa0,0x00000006c7e00000)
 Metaspace       used 31786K, capacity 32814K, committed 33024K, reserved 1077248K
  class space    used 4029K, capacity 4260K, committed 4352K, reserved 1048576K
}
Event: 12.566 GC heap before
{Heap before GC invocations=12 (full 1):
 PSYoungGen      total 729600K, used 314113K [0x000000076b780000, 0x0000000798a80000, 0x00000007c0000000)
  eden space 724992K, 42% used [0x000000076b780000,0x000000077e5c37a0,0x0000000797b80000)
  from space 4608K, 99% used [0x0000000798180000,0x00000007985fd040,0x0000000798600000)
  to   space 6144K, 0% used [0x0000000797b80000,0x0000000797b80000,0x0000000798180000)
 ParOldGen       total 90112K, used 7686K [0x00000006c2600000, 0x00000006c7e00000, 0x000000076b780000)
  object space 90112K, 8% used [0x00000006c2600000,0x00000006c2d81aa0,0x00000006c7e00000)
 Metaspace       used 34167K, capacity 35292K, committed 35416K, reserved 1079296K
  class space    used 4378K, capacity 4633K, committed 4696K, reserved 1048576K
Event: 12.788 GC heap after
Heap after GC invocations=12 (full 1):
 PSYoungGen      total 731136K, used 3232K [0x000000076b780000, 0x00000007aac80000, 0x00000007c0000000)
  eden space 724992K, 0% used [0x000000076b780000,0x000000076b780000,0x0000000797b80000)
  from space 6144K, 52% used [0x0000000797b80000,0x0000000797ea8000,0x0000000798180000)
  to   space 5632K, 0% used [0x00000007aa700000,0x00000007aa700000,0x00000007aac80000)
 ParOldGen       total 90112K, used 12066K [0x00000006c2600000, 0x00000006c7e00000, 0x000000076b780000)
  object space 90112K, 13% used [0x00000006c2600000,0x00000006c31c8b00,0x00000006c7e00000)
 Metaspace       used 34167K, capacity 35292K, committed 35416K, reserved 1079296K
  class space    used 4378K, capacity 4633K, committed 4696K, reserved 1048576K
}
Event: 12.788 GC heap before
{Heap before GC invocations=13 (full 2):
 PSYoungGen      total 731136K, used 3232K [0x000000076b780000, 0x00000007aac80000, 0x00000007c0000000)
  eden space 724992K, 0% used [0x000000076b780000,0x000000076b780000,0x0000000797b80000)
  from space 6144K, 52% used [0x0000000797b80000,0x0000000797ea8000,0x0000000798180000)
  to   space 5632K, 0% used [0x00000007aa700000,0x00000007aa700000,0x00000007aac80000)
 ParOldGen       total 90112K, used 12066K [0x00000006c2600000, 0x00000006c7e00000, 0x000000076b780000)
  object space 90112K, 13% used [0x00000006c2600000,0x00000006c31c8b00,0x00000006c7e00000)
 Metaspace       used 34167K, capacity 35292K, committed 35416K, reserved 1079296K
  class space    used 4378K, capacity 4633K, committed 4696K, reserved 1048576K
Event: 13.196 GC heap after
Heap after GC invocations=13 (full 2):
 PSYoungGen      total 731136K, used 0K [0x000000076b780000, 0x00000007aac80000, 0x00000007c0000000)
  eden space 724992K, 0% used [0x000000076b780000,0x000000076b780000,0x0000000797b80000)
  from space 6144K, 0% used [0x0000000797b80000,0x0000000797b80000,0x0000000798180000)
  to   space 5632K, 0% used [0x00000007aa700000,0x00000007aa700000,0x00000007aac80000)
 ParOldGen       total 133632K, used 13841K [0x00000006c2600000, 0x00000006ca880000, 0x000000076b780000)
  object space 133632K, 10% used [0x00000006c2600000,0x00000006c33844d8,0x00000006ca880000)
 Metaspace       used 34167K, capacity 35292K, committed 35416K, reserved 1079296K
  class space    used 4378K, capacity 4633K, committed 4696K, reserved 1048576K
}

