# JRE version: Java(TM) SE Runtime Environment (8.0_144-b01) (build 1.8.0_144-b01)
# Java VM: Java HotSpot(TM) 64-Bit Server VM (25.144-b01 mixed mode windows-amd64 compressed oops)
Heap:
 PSYoungGen      total 987648K, used 229354K [0x000000076b780000, 0x00000007ab780000, 0x00000007c0000000)
  eden space 983552K, 22% used [0x000000076b780000,0x00000007793c9a40,0x00000007a7800000)
  from space 4096K, 92% used [0x00000007ab380000,0x00000007ab731050,0x00000007ab780000)
  to   space 5632K, 0% used [0x00000007aac80000,0x00000007aac80000,0x00000007ab200000)
 ParOldGen       total 77312K, used 5266K [0x00000006c2600000, 0x00000006c7180000, 0x000000076b780000)
  object space 77312K, 6% used [0x00000006c2600000,0x00000006c2b24938,0x00000006c7180000)
 Metaspace       used 30047K, capacity 31040K, committed 31232K, reserved 1077248K
  class space    used 3841K, capacity 4077K, committed 4096K, reserved 1048576K
GC Heap History (10 events):
Event: 2.587 GC heap before
{Heap before GC invocations=5 (full 0):
 PSYoungGen      total 270848K, used 263792K [0x000000076b780000, 0x000000077ca80000, 0x00000007c0000000)
  eden space 260096K, 100% used [0x000000076b780000,0x000000077b580000,0x000000077b580000)
  from space 10752K, 34% used [0x000000077c000000,0x000000077c39c010,0x000000077ca80000)
  to   space 10752K, 0% used [0x000000077b580000,0x000000077b580000,0x000000077c000000)
 ParOldGen       total 173568K, used 40K [0x00000006c2600000, 0x00000006ccf80000, 0x000000076b780000)
  object space 173568K, 0% used [0x00000006c2600000,0x00000006c260a000,0x00000006ccf80000)
 Metaspace       used 15405K, capacity 15794K, committed 16128K, reserved 1062912K
  class space    used 1860K, capacity 1990K, committed 2048K, reserved 1048576K
Event: 2.610 GC heap after
Heap after GC invocations=5 (full 0):
 PSYoungGen      total 270848K, used 4560K [0x000000076b780000, 0x000000078bd80000, 0x00000007c0000000)
  eden space 260096K, 0% used [0x000000076b780000,0x000000076b780000,0x000000077b580000)
  from space 10752K, 42% used [0x000000077b580000,0x000000077b9f4030,0x000000077c000000)
  to   space 5120K, 0% used [0x000000078b880000,0x000000078b880000,0x000000078bd80000)
 ParOldGen       total 173568K, used 48K [0x00000006c2600000, 0x00000006ccf80000, 0x000000076b780000)
  object space 173568K, 0% used [0x00000006c2600000,0x00000006c260c000,0x00000006ccf80000)
 Metaspace       used 15405K, capacity 15794K, committed 16128K, reserved 1062912K
  class space    used 1860K, capacity 1990K, committed 2048K, reserved 1048576K
}
Event: 3.674 GC heap before
{Heap before GC invocations=6 (full 0):
 PSYoungGen      total 270848K, used 264656K [0x000000076b780000, 0x000000078bd80000, 0x00000007c0000000)
  eden space 260096K, 100% used [0x000000076b780000,0x000000077b580000,0x000000077b580000)
  from space 10752K, 42% used [0x000000077b580000,0x000000077b9f4030,0x000000077c000000)
  to   space 5120K, 0% used [0x000000078b880000,0x000000078b880000,0x000000078bd80000)
 ParOldGen       total 173568K, used 48K [0x00000006c2600000, 0x00000006ccf80000, 0x000000076b780000)
  object space 173568K, 0% used [0x00000006c2600000,0x00000006c260c000,0x00000006ccf80000)
 Metaspace       used 20529K, capacity 21078K, committed 21248K, reserved 1067008K
  class space    used 2541K, capacity 2708K, committed 2816K, reserved 1048576K
Event: 3.700 GC heap after
Heap after GC invocations=6 (full 0):
 PSYoungGen      total 524288K, used 5104K [0x000000076b780000, 0x000000078bf80000, 0x00000007c0000000)
  eden space 519168K, 0% used [0x000000076b780000,0x000000076b780000,0x000000078b280000)
  from space 5120K, 99% used [0x000000078b880000,0x000000078bd7c030,0x000000078bd80000)
  to   space 6144K, 0% used [0x000000078b280000,0x000000078b280000,0x000000078b880000)
 ParOldGen       total 173568K, used 512K [0x00000006c2600000, 0x00000006ccf80000, 0x000000076b780000)
  object space 173568K, 0% used [0x00000006c2600000,0x00000006c2680000,0x00000006ccf80000)
 Metaspace       used 20529K, capacity 21078K, committed 21248K, reserved 1067008K
  class space    used 2541K, capacity 2708K, committed 2816K, reserved 1048576K
}
Event: 3.708 GC heap before
{Heap before GC invocations=7 (full 0):
 PSYoungGen      total 524288K, used 11188K [0x000000076b780000, 0x000000078bf80000, 0x00000007c0000000)
  eden space 519168K, 1% used [0x000000076b780000,0x000000076bd710b8,0x000000078b280000)
  from space 5120K, 99% used [0x000000078b880000,0x000000078bd7c030,0x000000078bd80000)
  to   space 6144K, 0% used [0x000000078b280000,0x000000078b280000,0x000000078b880000)
 ParOldGen       total 173568K, used 512K [0x00000006c2600000, 0x00000006ccf80000, 0x000000076b780000)
  object space 173568K, 0% used [0x00000006c2600000,0x00000006c2680000,0x00000006ccf80000)
 Metaspace       used 20579K, capacity 21078K, committed 21248K, reserved 1067008K
  class space    used 2547K, capacity 2708K, committed 2816K, reserved 1048576K
Event: 3.730 GC heap after
Heap after GC invocations=7 (full 0):
 PSYoungGen      total 525312K, used 2752K [0x000000076b780000, 0x00000007ab980000, 0x00000007c0000000)
  eden space 519168K, 0% used [0x000000076b780000,0x000000076b780000,0x000000078b280000)
  from space 6144K, 44% used [0x000000078b280000,0x000000078b530020,0x000000078b880000)
  to   space 6144K, 0% used [0x00000007ab380000,0x00000007ab380000,0x00000007ab980000)
 ParOldGen       total 173568K, used 2862K [0x00000006c2600000, 0x00000006ccf80000, 0x000000076b780000)
  object space 173568K, 1% used [0x00000006c2600000,0x00000006c28cba28,0x00000006ccf80000)
 Metaspace       used 20579K, capacity 21078K, committed 21248K, reserved 1067008K
  class space    used 2547K, capacity 2708K, committed 2816K, reserved 1048576K
}
Event: 3.730 GC heap before
{Heap before GC invocations=8 (full 1):
 PSYoungGen      total 525312K, used 2752K [0x000000076b780000, 0x00000007ab980000, 0x00000007c0000000)
  eden space 519168K, 0% used [0x000000076b780000,0x000000076b780000,0x000000078b280000)
  from space 6144K, 44% used [0x000000078b280000,0x000000078b530020,0x000000078b880000)
  to   space 6144K, 0% used [0x00000007ab380000,0x00000007ab380000,0x00000007ab980000)
 ParOldGen       total 173568K, used 2862K [0x00000006c2600000, 0x00000006ccf80000, 0x000000076b780000)
  object space 173568K, 1% used [0x00000006c2600000,0x00000006c28cba28,0x00000006ccf80000)
 Metaspace       used 20579K, capacity 21078K, committed 21248K, reserved 1067008K
  class space    used 2547K, capacity 2708K, committed 2816K, reserved 1048576K
Event: 3.807 GC heap after
Heap after GC invocations=8 (full 1):
 PSYoungGen      total 525312K, used 0K [0x000000076b780000, 0x00000007ab980000, 0x00000007c0000000)
  eden space 519168K, 0% used [0x000000076b780000,0x000000076b780000,0x000000078b280000)
  from space 6144K, 0% used [0x000000078b280000,0x000000078b280000,0x000000078b880000)
  to   space 6144K, 0% used [0x00000007ab380000,0x00000007ab380000,0x00000007ab980000)
 ParOldGen       total 77312K, used 5194K [0x00000006c2600000, 0x00000006c7180000, 0x000000076b780000)
  object space 77312K, 6% used [0x00000006c2600000,0x00000006c2b12928,0x00000006c7180000)
 Metaspace       used 20579K, capacity 21078K, committed 21248K, reserved 1067008K
  class space    used 2547K, capacity 2708K, committed 2816K, reserved 1048576K
}
Event: 8.437 GC heap before
{Heap before GC invocations=9 (full 1):
 PSYoungGen      total 525312K, used 519168K [0x000000076b780000, 0x00000007ab980000, 0x00000007c0000000)
  eden space 519168K, 100% used [0x000000076b780000,0x000000078b280000,0x000000078b280000)
  from space 6144K, 0% used [0x000000078b280000,0x000000078b280000,0x000000078b880000)
  to   space 6144K, 0% used [0x00000007ab380000,0x00000007ab380000,0x00000007ab980000)
 ParOldGen       total 77312K, used 5194K [0x00000006c2600000, 0x00000006c7180000, 0x000000076b780000)
  object space 77312K, 6% used [0x00000006c2600000,0x00000006c2b12928,0x00000006c7180000)
 Metaspace       used 27680K, capacity 28600K, committed 28928K, reserved 1075200K
  class space    used 3505K, capacity 3715K, committed 3840K, reserved 1048576K
Event: 8.444 GC heap after
Heap after GC invocations=9 (full 1):
 PSYoungGen      total 987648K, used 3780K [0x000000076b780000, 0x00000007ab780000, 0x00000007c0000000)
  eden space 983552K, 0% used [0x000000076b780000,0x000000076b780000,0x00000007a7800000)
  from space 4096K, 92% used [0x00000007ab380000,0x00000007ab731050,0x00000007ab780000)
  to   space 5632K, 0% used [0x00000007aac80000,0x00000007aac80000,0x00000007ab200000)
 ParOldGen       total 77312K, used 5266K [0x00000006c2600000, 0x00000006c7180000, 0x000000076b780000)
  object space 77312K, 6% used [0x00000006c2600000,0x00000006c2b24938,0x00000006c7180000)
 Metaspace       used 27680K, capacity 28600K, committed 28928K, reserved 1075200K
  class space    used 3505K, capacity 3715K, committed 3840K, reserved 1048576K
}

