# JRE version: Java(TM) SE Runtime Environment (8.0_144-b01) (build 1.8.0_144-b01)
# Java VM: Java HotSpot(TM) 64-Bit Server VM (25.144-b01 mixed mode windows-amd64 compressed oops)
Heap:
 PSYoungGen      total 602112K, used 405089K [0x000000076b780000, 0x0000000796900000, 0x00000007c0000000)
  eden space 596992K, 67% used [0x000000076b780000,0x00000007843187d0,0x000000078fe80000)
  from space 5120K, 0% used [0x0000000790580000,0x0000000790580000,0x0000000790a80000)
  to   space 7168K, 0% used [0x000000078fe80000,0x000000078fe80000,0x0000000790580000)
 ParOldGen       total 141312K, used 13949K [0x00000006c2600000, 0x00000006cb000000, 0x000000076b780000)
  object space 141312K, 9% used [0x00000006c2600000,0x00000006c339f558,0x00000006cb000000)
 Metaspace       used 37108K, capacity 38526K, committed 38616K, reserved 1083392K
  class space    used 4791K, capacity 5080K, committed 5120K, reserved 1048576K
GC Heap History (10 events):
Event: 3.733 GC heap before
{Heap before GC invocations=8 (full 1):
 PSYoungGen      total 264192K, used 3040K [0x000000076b780000, 0x000000078bb80000, 0x00000007c0000000)
  eden space 259584K, 0% used [0x000000076b780000,0x000000076b780000,0x000000077b500000)
  from space 4608K, 65% used [0x000000077b500000,0x000000077b7f8020,0x000000077b980000)
  to   space 4608K, 0% used [0x000000078b700000,0x000000078b700000,0x000000078bb80000)
 ParOldGen       total 173568K, used 2713K [0x00000006c2600000, 0x00000006ccf80000, 0x000000076b780000)
  object space 173568K, 1% used [0x00000006c2600000,0x00000006c28a6630,0x00000006ccf80000)
 Metaspace       used 20560K, capacity 21062K, committed 21248K, reserved 1067008K
  class space    used 2543K, capacity 2708K, committed 2816K, reserved 1048576K
Event: 3.840 GC heap after
Heap after GC invocations=8 (full 1):
 PSYoungGen      total 264192K, used 0K [0x000000076b780000, 0x000000078bb80000, 0x00000007c0000000)
  eden space 259584K, 0% used [0x000000076b780000,0x000000076b780000,0x000000077b500000)
  from space 4608K, 0% used [0x000000077b500000,0x000000077b500000,0x000000077b980000)
  to   space 4608K, 0% used [0x000000078b700000,0x000000078b700000,0x000000078bb80000)
 ParOldGen       total 89600K, used 5433K [0x00000006c2600000, 0x00000006c7d80000, 0x000000076b780000)
  object space 89600K, 6% used [0x00000006c2600000,0x00000006c2b4e4f0,0x00000006c7d80000)
 Metaspace       used 20560K, capacity 21062K, committed 21248K, reserved 1067008K
  class space    used 2543K, capacity 2708K, committed 2816K, reserved 1048576K
}
Event: 5.461 GC heap before
{Heap before GC invocations=9 (full 1):
 PSYoungGen      total 264192K, used 259584K [0x000000076b780000, 0x000000078bb80000, 0x00000007c0000000)
  eden space 259584K, 100% used [0x000000076b780000,0x000000077b500000,0x000000077b500000)
  from space 4608K, 0% used [0x000000077b500000,0x000000077b500000,0x000000077b980000)
  to   space 4608K, 0% used [0x000000078b700000,0x000000078b700000,0x000000078bb80000)
 ParOldGen       total 89600K, used 5433K [0x00000006c2600000, 0x00000006c7d80000, 0x000000076b780000)
  object space 89600K, 6% used [0x00000006c2600000,0x00000006c2b4e4f0,0x00000006c7d80000)
 Metaspace       used 26034K, capacity 26710K, committed 26880K, reserved 1073152K
  class space    used 3287K, capacity 3476K, committed 3584K, reserved 1048576K
Event: 5.465 GC heap after
Heap after GC invocations=9 (full 1):
 PSYoungGen      total 439296K, used 2484K [0x000000076b780000, 0x000000078b980000, 0x00000007c0000000)
  eden space 436736K, 0% used [0x000000076b780000,0x000000076b780000,0x0000000786200000)
  from space 2560K, 97% used [0x000000078b700000,0x000000078b96d040,0x000000078b980000)
  to   space 4608K, 0% used [0x000000078b080000,0x000000078b080000,0x000000078b500000)
 ParOldGen       total 89600K, used 5505K [0x00000006c2600000, 0x00000006c7d80000, 0x000000076b780000)
  object space 89600K, 6% used [0x00000006c2600000,0x00000006c2b60500,0x00000006c7d80000)
 Metaspace       used 26034K, capacity 26710K, committed 26880K, reserved 1073152K
  class space    used 3287K, capacity 3476K, committed 3584K, reserved 1048576K
}
Event: 8.230 GC heap before
{Heap before GC invocations=10 (full 1):
 PSYoungGen      total 439296K, used 439220K [0x000000076b780000, 0x000000078b980000, 0x00000007c0000000)
  eden space 436736K, 100% used [0x000000076b780000,0x0000000786200000,0x0000000786200000)
  from space 2560K, 97% used [0x000000078b700000,0x000000078b96d040,0x000000078b980000)
  to   space 4608K, 0% used [0x000000078b080000,0x000000078b080000,0x000000078b500000)
 ParOldGen       total 89600K, used 5505K [0x00000006c2600000, 0x00000006c7d80000, 0x000000076b780000)
  object space 89600K, 6% used [0x00000006c2600000,0x00000006c2b60500,0x00000006c7d80000)
 Metaspace       used 30271K, capacity 31232K, committed 31488K, reserved 1077248K
  class space    used 3855K, capacity 4079K, committed 4096K, reserved 1048576K
Event: 8.235 GC heap after
Heap after GC invocations=10 (full 1):
 PSYoungGen      total 521728K, used 4596K [0x000000076b780000, 0x0000000790a80000, 0x00000007c0000000)
  eden space 517120K, 0% used [0x000000076b780000,0x000000076b780000,0x000000078b080000)
  from space 4608K, 99% used [0x000000078b080000,0x000000078b4fd040,0x000000078b500000)
  to   space 5120K, 0% used [0x0000000790580000,0x0000000790580000,0x0000000790a80000)
 ParOldGen       total 89600K, used 5897K [0x00000006c2600000, 0x00000006c7d80000, 0x000000076b780000)
  object space 89600K, 6% used [0x00000006c2600000,0x00000006c2bc2500,0x00000006c7d80000)
 Metaspace       used 30271K, capacity 31232K, committed 31488K, reserved 1077248K
  class space    used 3855K, capacity 4079K, committed 4096K, reserved 1048576K
}
Event: 10.739 GC heap before
{Heap before GC invocations=11 (full 1):
 PSYoungGen      total 521728K, used 505837K [0x000000076b780000, 0x0000000790a80000, 0x00000007c0000000)
  eden space 517120K, 96% used [0x000000076b780000,0x000000078a0fe770,0x000000078b080000)
  from space 4608K, 99% used [0x000000078b080000,0x000000078b4fd040,0x000000078b500000)
  to   space 5120K, 0% used [0x0000000790580000,0x0000000790580000,0x0000000790a80000)
 ParOldGen       total 89600K, used 5897K [0x00000006c2600000, 0x00000006c7d80000, 0x000000076b780000)
  object space 89600K, 6% used [0x00000006c2600000,0x00000006c2bc2500,0x00000006c7d80000)
 Metaspace       used 34234K, capacity 35348K, committed 35416K, reserved 1079296K
  class space    used 4426K, capacity 4697K, committed 4736K, reserved 1048576K
Event: 10.757 GC heap after
Heap after GC invocations=11 (full 1):
 PSYoungGen      total 602112K, used 5120K [0x000000076b780000, 0x0000000796900000, 0x00000007c0000000)
  eden space 596992K, 0% used [0x000000076b780000,0x000000076b780000,0x000000078fe80000)
  from space 5120K, 100% used [0x0000000790580000,0x0000000790a80000,0x0000000790a80000)
  to   space 7168K, 0% used [0x000000078fe80000,0x000000078fe80000,0x0000000790580000)
 ParOldGen       total 89600K, used 10278K [0x00000006c2600000, 0x00000006c7d80000, 0x000000076b780000)
  object space 89600K, 11% used [0x00000006c2600000,0x00000006c3009910,0x00000006c7d80000)
 Metaspace       used 34234K, capacity 35348K, committed 35416K, reserved 1079296K
  class space    used 4426K, capacity 4697K, committed 4736K, reserved 1048576K
}
Event: 10.757 GC heap before
{Heap before GC invocations=12 (full 2):
 PSYoungGen      total 602112K, used 5120K [0x000000076b780000, 0x0000000796900000, 0x00000007c0000000)
  eden space 596992K, 0% used [0x000000076b780000,0x000000076b780000,0x000000078fe80000)
  from space 5120K, 100% used [0x0000000790580000,0x0000000790a80000,0x0000000790a80000)
  to   space 7168K, 0% used [0x000000078fe80000,0x000000078fe80000,0x0000000790580000)
 ParOldGen       total 89600K, used 10278K [0x00000006c2600000, 0x00000006c7d80000, 0x000000076b780000)
  object space 89600K, 11% used [0x00000006c2600000,0x00000006c3009910,0x00000006c7d80000)
 Metaspace       used 34234K, capacity 35348K, committed 35416K, reserved 1079296K
  class space    used 4426K, capacity 4697K, committed 4736K, reserved 1048576K
Event: 11.084 GC heap after
Heap after GC invocations=12 (full 2):
 PSYoungGen      total 602112K, used 0K [0x000000076b780000, 0x0000000796900000, 0x00000007c0000000)
  eden space 596992K, 0% used [0x000000076b780000,0x000000076b780000,0x000000078fe80000)
  from space 5120K, 0% used [0x0000000790580000,0x0000000790580000,0x0000000790a80000)
  to   space 7168K, 0% used [0x000000078fe80000,0x000000078fe80000,0x0000000790580000)
 ParOldGen       total 141312K, used 13949K [0x00000006c2600000, 0x00000006cb000000, 0x000000076b780000)
  object space 141312K, 9% used [0x00000006c2600000,0x00000006c339f558,0x00000006cb000000)
 Metaspace       used 34234K, capacity 35348K, committed 35416K, reserved 1079296K
  class space    used 4426K, capacity 4697K, committed 4736K, reserved 1048576K
}

