# JRE version: Java(TM) SE Runtime Environment (8.0_144-b01) (build 1.8.0_144-b01)
# Java VM: Java HotSpot(TM) 64-Bit Server VM (25.144-b01 mixed mode windows-amd64 compressed oops)
Heap:
 PSYoungGen      total 966144K, used 534844K [0x000000076b780000, 0x00000007ab780000, 0x00000007c0000000)
  eden space 961024K, 55% used [0x000000076b780000,0x000000078c1cf108,0x00000007a6200000)
  from space 5120K, 0% used [0x00000007aad80000,0x00000007aad80000,0x00000007ab280000)
  to   space 4096K, 0% used [0x00000007ab380000,0x00000007ab380000,0x00000007ab780000)
 ParOldGen       total 109568K, used 14387K [0x00000006c2600000, 0x00000006c9100000, 0x000000076b780000)
  object space 109568K, 13% used [0x00000006c2600000,0x00000006c340cfe8,0x00000006c9100000)
 Metaspace       used 39378K, capacity 40540K, committed 40664K, reserved 1085440K
  class space    used 5003K, capacity 5257K, committed 5336K, reserved 1048576K
GC Heap History (10 events):
Event: 3.675 GC heap before
{Heap before GC invocations=7 (full 0):
 PSYoungGen      total 524288K, used 262792K [0x000000076b780000, 0x000000078bd80000, 0x00000007c0000000)
  eden space 519680K, 49% used [0x000000076b780000,0x000000077b3aa240,0x000000078b300000)
  from space 4608K, 99% used [0x000000078b800000,0x000000078bc78040,0x000000078bc80000)
  to   space 5120K, 0% used [0x000000078b300000,0x000000078b300000,0x000000078b800000)
 ParOldGen       total 173568K, used 83K [0x00000006c2600000, 0x00000006ccf80000, 0x000000076b780000)
  object space 173568K, 0% used [0x00000006c2600000,0x00000006c2614f60,0x00000006ccf80000)
 Metaspace       used 20579K, capacity 21074K, committed 21248K, reserved 1067008K
  class space    used 2549K, capacity 2708K, committed 2816K, reserved 1048576K
Event: 3.829 GC heap after
Heap after GC invocations=7 (full 0):
 PSYoungGen      total 524800K, used 3120K [0x000000076b780000, 0x00000007ab880000, 0x00000007c0000000)
  eden space 519680K, 0% used [0x000000076b780000,0x000000076b780000,0x000000078b300000)
  from space 5120K, 60% used [0x000000078b300000,0x000000078b60c010,0x000000078b800000)
  to   space 5120K, 0% used [0x00000007ab380000,0x00000007ab380000,0x00000007ab880000)
 ParOldGen       total 173568K, used 2592K [0x00000006c2600000, 0x00000006ccf80000, 0x000000076b780000)
  object space 173568K, 1% used [0x00000006c2600000,0x00000006c2888358,0x00000006ccf80000)
 Metaspace       used 20579K, capacity 21074K, committed 21248K, reserved 1067008K
  class space    used 2549K, capacity 2708K, committed 2816K, reserved 1048576K
}
Event: 3.830 GC heap before
{Heap before GC invocations=8 (full 1):
 PSYoungGen      total 524800K, used 3120K [0x000000076b780000, 0x00000007ab880000, 0x00000007c0000000)
  eden space 519680K, 0% used [0x000000076b780000,0x000000076b780000,0x000000078b300000)
  from space 5120K, 60% used [0x000000078b300000,0x000000078b60c010,0x000000078b800000)
  to   space 5120K, 0% used [0x00000007ab380000,0x00000007ab380000,0x00000007ab880000)
 ParOldGen       total 173568K, used 2592K [0x00000006c2600000, 0x00000006ccf80000, 0x000000076b780000)
  object space 173568K, 1% used [0x00000006c2600000,0x00000006c2888358,0x00000006ccf80000)
 Metaspace       used 20579K, capacity 21074K, committed 21248K, reserved 1067008K
  class space    used 2549K, capacity 2708K, committed 2816K, reserved 1048576K
Event: 3.917 GC heap after
Heap after GC invocations=8 (full 1):
 PSYoungGen      total 524800K, used 0K [0x000000076b780000, 0x00000007ab880000, 0x00000007c0000000)
  eden space 519680K, 0% used [0x000000076b780000,0x000000076b780000,0x000000078b300000)
  from space 5120K, 0% used [0x000000078b300000,0x000000078b300000,0x000000078b800000)
  to   space 5120K, 0% used [0x00000007ab380000,0x00000007ab380000,0x00000007ab880000)
 ParOldGen       total 80384K, used 5525K [0x00000006c2600000, 0x00000006c7480000, 0x000000076b780000)
  object space 80384K, 6% used [0x00000006c2600000,0x00000006c2b656e8,0x00000006c7480000)
 Metaspace       used 20579K, capacity 21074K, committed 21248K, reserved 1067008K
  class space    used 2549K, capacity 2708K, committed 2816K, reserved 1048576K
}
Event: 6.538 GC heap before
{Heap before GC invocations=9 (full 1):
 PSYoungGen      total 524800K, used 519680K [0x000000076b780000, 0x00000007ab880000, 0x00000007c0000000)
  eden space 519680K, 100% used [0x000000076b780000,0x000000078b300000,0x000000078b300000)
  from space 5120K, 0% used [0x000000078b300000,0x000000078b300000,0x000000078b800000)
  to   space 5120K, 0% used [0x00000007ab380000,0x00000007ab380000,0x00000007ab880000)
 ParOldGen       total 80384K, used 5525K [0x00000006c2600000, 0x00000006c7480000, 0x000000076b780000)
  object space 80384K, 6% used [0x00000006c2600000,0x00000006c2b656e8,0x00000006c7480000)
 Metaspace       used 27730K, capacity 28600K, committed 28928K, reserved 1075200K
  class space    used 3514K, capacity 3715K, committed 3840K, reserved 1048576K
Event: 6.553 GC heap after
Heap after GC invocations=9 (full 1):
 PSYoungGen      total 965120K, used 3860K [0x000000076b780000, 0x00000007ab780000, 0x00000007c0000000)
  eden space 961024K, 0% used [0x000000076b780000,0x000000076b780000,0x00000007a6200000)
  from space 4096K, 94% used [0x00000007ab380000,0x00000007ab745050,0x00000007ab780000)
  to   space 5120K, 0% used [0x00000007aad80000,0x00000007aad80000,0x00000007ab280000)
 ParOldGen       total 80384K, used 5533K [0x00000006c2600000, 0x00000006c7480000, 0x000000076b780000)
  object space 80384K, 6% used [0x00000006c2600000,0x00000006c2b676e8,0x00000006c7480000)
 Metaspace       used 27730K, capacity 28600K, committed 28928K, reserved 1075200K
  class space    used 3514K, capacity 3715K, committed 3840K, reserved 1048576K
}
Event: 12.977 GC heap before
{Heap before GC invocations=10 (full 1):
 PSYoungGen      total 965120K, used 818808K [0x000000076b780000, 0x00000007ab780000, 0x00000007c0000000)
  eden space 961024K, 84% used [0x000000076b780000,0x000000079d359058,0x00000007a6200000)
  from space 4096K, 94% used [0x00000007ab380000,0x00000007ab745050,0x00000007ab780000)
  to   space 5120K, 0% used [0x00000007aad80000,0x00000007aad80000,0x00000007ab280000)
 ParOldGen       total 80384K, used 5533K [0x00000006c2600000, 0x00000006c7480000, 0x000000076b780000)
  object space 80384K, 6% used [0x00000006c2600000,0x00000006c2b676e8,0x00000006c7480000)
 Metaspace       used 34257K, capacity 35380K, committed 35416K, reserved 1079296K
  class space    used 4393K, capacity 4665K, committed 4696K, reserved 1048576K
Event: 13.020 GC heap after
Heap after GC invocations=10 (full 1):
 PSYoungGen      total 966144K, used 5092K [0x000000076b780000, 0x00000007ab780000, 0x00000007c0000000)
  eden space 961024K, 0% used [0x000000076b780000,0x000000076b780000,0x00000007a6200000)
  from space 5120K, 99% used [0x00000007aad80000,0x00000007ab279050,0x00000007ab280000)
  to   space 4096K, 0% used [0x00000007ab380000,0x00000007ab380000,0x00000007ab780000)
 ParOldGen       total 80384K, used 10499K [0x00000006c2600000, 0x00000006c7480000, 0x000000076b780000)
  object space 80384K, 13% used [0x00000006c2600000,0x00000006c3040d20,0x00000006c7480000)
 Metaspace       used 34257K, capacity 35380K, committed 35416K, reserved 1079296K
  class space    used 4393K, capacity 4665K, committed 4696K, reserved 1048576K
}
Event: 13.020 GC heap before
{Heap before GC invocations=11 (full 2):
 PSYoungGen      total 966144K, used 5092K [0x000000076b780000, 0x00000007ab780000, 0x00000007c0000000)
  eden space 961024K, 0% used [0x000000076b780000,0x000000076b780000,0x00000007a6200000)
  from space 5120K, 99% used [0x00000007aad80000,0x00000007ab279050,0x00000007ab280000)
  to   space 4096K, 0% used [0x00000007ab380000,0x00000007ab380000,0x00000007ab780000)
 ParOldGen       total 80384K, used 10499K [0x00000006c2600000, 0x00000006c7480000, 0x000000076b780000)
  object space 80384K, 13% used [0x00000006c2600000,0x00000006c3040d20,0x00000006c7480000)
 Metaspace       used 34257K, capacity 35380K, committed 35416K, reserved 1079296K
  class space    used 4393K, capacity 4665K, committed 4696K, reserved 1048576K
Event: 13.436 GC heap after
Heap after GC invocations=11 (full 2):
 PSYoungGen      total 966144K, used 0K [0x000000076b780000, 0x00000007ab780000, 0x00000007c0000000)
  eden space 961024K, 0% used [0x000000076b780000,0x000000076b780000,0x00000007a6200000)
  from space 5120K, 0% used [0x00000007aad80000,0x00000007aad80000,0x00000007ab280000)
  to   space 4096K, 0% used [0x00000007ab380000,0x00000007ab380000,0x00000007ab780000)
 ParOldGen       total 109568K, used 14387K [0x00000006c2600000, 0x00000006c9100000, 0x000000076b780000)
  object space 109568K, 13% used [0x00000006c2600000,0x00000006c340cfe8,0x00000006c9100000)
 Metaspace       used 34257K, capacity 35380K, committed 35416K, reserved 1079296K
  class space    used 4393K, capacity 4665K, committed 4696K, reserved 1048576K
}

