# JRE version: Java(TM) SE Runtime Environment (8.0_144-b01) (build 1.8.0_144-b01)
# Java VM: Java HotSpot(TM) 64-Bit Server VM (25.144-b01 mixed mode windows-amd64 compressed oops)
Heap:
 PSYoungGen      total 966144K, used 356428K [0x000000076b780000, 0x00000007ab780000, 0x00000007c0000000)
  eden space 962048K, 36% used [0x000000076b780000,0x0000000781006290,0x00000007a6300000)
  from space 4096K, 88% used [0x00000007ab380000,0x00000007ab70d040,0x00000007ab780000)
  to   space 5632K, 0% used [0x00000007aac80000,0x00000007aac80000,0x00000007ab200000)
 ParOldGen       total 79872K, used 5274K [0x00000006c2600000, 0x00000006c7400000, 0x000000076b780000)
  object space 79872K, 6% used [0x00000006c2600000,0x00000006c2b26a80,0x00000006c7400000)
 Metaspace       used 30672K, capacity 31604K, committed 31872K, reserved 1077248K
  class space    used 3888K, capacity 4113K, committed 4224K, reserved 1048576K
GC Heap History (10 events):
Event: 3.447 GC heap before
{Heap before GC invocations=5 (full 0):
 PSYoungGen      total 270848K, used 263856K [0x000000076b780000, 0x000000077ca80000, 0x00000007c0000000)
  eden space 260096K, 100% used [0x000000076b780000,0x000000077b580000,0x000000077b580000)
  from space 10752K, 34% used [0x000000077c000000,0x000000077c3ac010,0x000000077ca80000)
  to   space 10752K, 0% used [0x000000077b580000,0x000000077b580000,0x000000077c000000)
 ParOldGen       total 173568K, used 32K [0x00000006c2600000, 0x00000006ccf80000, 0x000000076b780000)
  object space 173568K, 0% used [0x00000006c2600000,0x00000006c2608000,0x00000006ccf80000)
 Metaspace       used 15255K, capacity 15602K, committed 15872K, reserved 1062912K
  class space    used 1869K, capacity 1990K, committed 2048K, reserved 1048576K
Event: 3.469 GC heap after
Heap after GC invocations=5 (full 0):
 PSYoungGen      total 270848K, used 4624K [0x000000076b780000, 0x000000078bd80000, 0x00000007c0000000)
  eden space 260096K, 0% used [0x000000076b780000,0x000000076b780000,0x000000077b580000)
  from space 10752K, 43% used [0x000000077b580000,0x000000077ba04010,0x000000077c000000)
  to   space 5120K, 0% used [0x000000078b880000,0x000000078b880000,0x000000078bd80000)
 ParOldGen       total 173568K, used 40K [0x00000006c2600000, 0x00000006ccf80000, 0x000000076b780000)
  object space 173568K, 0% used [0x00000006c2600000,0x00000006c260a000,0x00000006ccf80000)
 Metaspace       used 15255K, capacity 15602K, committed 15872K, reserved 1062912K
  class space    used 1869K, capacity 1990K, committed 2048K, reserved 1048576K
}
Event: 4.461 GC heap before
{Heap before GC invocations=6 (full 0):
 PSYoungGen      total 270848K, used 264720K [0x000000076b780000, 0x000000078bd80000, 0x00000007c0000000)
  eden space 260096K, 100% used [0x000000076b780000,0x000000077b580000,0x000000077b580000)
  from space 10752K, 43% used [0x000000077b580000,0x000000077ba04010,0x000000077c000000)
  to   space 5120K, 0% used [0x000000078b880000,0x000000078b880000,0x000000078bd80000)
 ParOldGen       total 173568K, used 40K [0x00000006c2600000, 0x00000006ccf80000, 0x000000076b780000)
  object space 173568K, 0% used [0x00000006c2600000,0x00000006c260a000,0x00000006ccf80000)
 Metaspace       used 20370K, capacity 20918K, committed 21120K, reserved 1067008K
  class space    used 2518K, capacity 2676K, committed 2688K, reserved 1048576K
Event: 4.484 GC heap after
Heap after GC invocations=6 (full 0):
 PSYoungGen      total 524288K, used 5104K [0x000000076b780000, 0x000000078bf80000, 0x00000007c0000000)
  eden space 519168K, 0% used [0x000000076b780000,0x000000076b780000,0x000000078b280000)
  from space 5120K, 99% used [0x000000078b880000,0x000000078bd7c030,0x000000078bd80000)
  to   space 6144K, 0% used [0x000000078b280000,0x000000078b280000,0x000000078b880000)
 ParOldGen       total 173568K, used 504K [0x00000006c2600000, 0x00000006ccf80000, 0x000000076b780000)
  object space 173568K, 0% used [0x00000006c2600000,0x00000006c267e000,0x00000006ccf80000)
 Metaspace       used 20370K, capacity 20918K, committed 21120K, reserved 1067008K
  class space    used 2518K, capacity 2676K, committed 2688K, reserved 1048576K
}
Event: 4.516 GC heap before
{Heap before GC invocations=7 (full 0):
 PSYoungGen      total 524288K, used 16945K [0x000000076b780000, 0x000000078bf80000, 0x00000007c0000000)
  eden space 519168K, 2% used [0x000000076b780000,0x000000076c310790,0x000000078b280000)
  from space 5120K, 99% used [0x000000078b880000,0x000000078bd7c030,0x000000078bd80000)
  to   space 6144K, 0% used [0x000000078b280000,0x000000078b280000,0x000000078b880000)
 ParOldGen       total 173568K, used 504K [0x00000006c2600000, 0x00000006ccf80000, 0x000000076b780000)
  object space 173568K, 0% used [0x00000006c2600000,0x00000006c267e000,0x00000006ccf80000)
 Metaspace       used 20583K, capacity 21078K, committed 21248K, reserved 1067008K
  class space    used 2548K, capacity 2708K, committed 2816K, reserved 1048576K
Event: 4.524 GC heap after
Heap after GC invocations=7 (full 0):
 PSYoungGen      total 525312K, used 2880K [0x000000076b780000, 0x00000007ab980000, 0x00000007c0000000)
  eden space 519168K, 0% used [0x000000076b780000,0x000000076b780000,0x000000078b280000)
  from space 6144K, 46% used [0x000000078b280000,0x000000078b550020,0x000000078b880000)
  to   space 6144K, 0% used [0x00000007ab380000,0x00000007ab380000,0x00000007ab980000)
 ParOldGen       total 173568K, used 2809K [0x00000006c2600000, 0x00000006ccf80000, 0x000000076b780000)
  object space 173568K, 1% used [0x00000006c2600000,0x00000006c28be688,0x00000006ccf80000)
 Metaspace       used 20583K, capacity 21078K, committed 21248K, reserved 1067008K
  class space    used 2548K, capacity 2708K, committed 2816K, reserved 1048576K
}
Event: 4.524 GC heap before
{Heap before GC invocations=8 (full 1):
 PSYoungGen      total 525312K, used 2880K [0x000000076b780000, 0x00000007ab980000, 0x00000007c0000000)
  eden space 519168K, 0% used [0x000000076b780000,0x000000076b780000,0x000000078b280000)
  from space 6144K, 46% used [0x000000078b280000,0x000000078b550020,0x000000078b880000)
  to   space 6144K, 0% used [0x00000007ab380000,0x00000007ab380000,0x00000007ab980000)
 ParOldGen       total 173568K, used 2809K [0x00000006c2600000, 0x00000006ccf80000, 0x000000076b780000)
  object space 173568K, 1% used [0x00000006c2600000,0x00000006c28be688,0x00000006ccf80000)
 Metaspace       used 20583K, capacity 21078K, committed 21248K, reserved 1067008K
  class space    used 2548K, capacity 2708K, committed 2816K, reserved 1048576K
Event: 4.564 GC heap after
Heap after GC invocations=8 (full 1):
 PSYoungGen      total 525312K, used 0K [0x000000076b780000, 0x00000007ab980000, 0x00000007c0000000)
  eden space 519168K, 0% used [0x000000076b780000,0x000000076b780000,0x000000078b280000)
  from space 6144K, 0% used [0x000000078b280000,0x000000078b280000,0x000000078b880000)
  to   space 6144K, 0% used [0x00000007ab380000,0x00000007ab380000,0x00000007ab980000)
 ParOldGen       total 79872K, used 5202K [0x00000006c2600000, 0x00000006c7400000, 0x000000076b780000)
  object space 79872K, 6% used [0x00000006c2600000,0x00000006c2b14a70,0x00000006c7400000)
 Metaspace       used 20583K, capacity 21078K, committed 21248K, reserved 1067008K
  class space    used 2548K, capacity 2708K, committed 2816K, reserved 1048576K
}
Event: 7.970 GC heap before
{Heap before GC invocations=9 (full 1):
 PSYoungGen      total 525312K, used 519168K [0x000000076b780000, 0x00000007ab980000, 0x00000007c0000000)
  eden space 519168K, 100% used [0x000000076b780000,0x000000078b280000,0x000000078b280000)
  from space 6144K, 0% used [0x000000078b280000,0x000000078b280000,0x000000078b880000)
  to   space 6144K, 0% used [0x00000007ab380000,0x00000007ab380000,0x00000007ab980000)
 ParOldGen       total 79872K, used 5202K [0x00000006c2600000, 0x00000006c7400000, 0x000000076b780000)
  object space 79872K, 6% used [0x00000006c2600000,0x00000006c2b14a70,0x00000006c7400000)
 Metaspace       used 27644K, capacity 28458K, committed 28544K, reserved 1075200K
  class space    used 3502K, capacity 3712K, committed 3712K, reserved 1048576K
Event: 7.996 GC heap after
Heap after GC invocations=9 (full 1):
 PSYoungGen      total 966144K, used 3636K [0x000000076b780000, 0x00000007ab780000, 0x00000007c0000000)
  eden space 962048K, 0% used [0x000000076b780000,0x000000076b780000,0x00000007a6300000)
  from space 4096K, 88% used [0x00000007ab380000,0x00000007ab70d040,0x00000007ab780000)
  to   space 5632K, 0% used [0x00000007aac80000,0x00000007aac80000,0x00000007ab200000)
 ParOldGen       total 79872K, used 5274K [0x00000006c2600000, 0x00000006c7400000, 0x000000076b780000)
  object space 79872K, 6% used [0x00000006c2600000,0x00000006c2b26a80,0x00000006c7400000)
 Metaspace       used 27644K, capacity 28458K, committed 28544K, reserved 1075200K
  class space    used 3502K, capacity 3712K, committed 3712K, reserved 1048576K
}

