# JRE version: Java(TM) SE Runtime Environment (8.0_144-b01) (build 1.8.0_144-b01)
# Java VM: Java HotSpot(TM) 64-Bit Server VM (25.144-b01 mixed mode windows-amd64 compressed oops)
Heap:
 PSYoungGen      total 523776K, used 455054K [0x000000076b780000, 0x0000000797900000, 0x00000007c0000000)
  eden space 519168K, 86% used [0x000000076b780000,0x000000078702ab28,0x000000078b280000)
  from space 4608K, 82% used [0x000000078b280000,0x000000078b639050,0x000000078b700000)
  to   space 4608K, 0% used [0x0000000797480000,0x0000000797480000,0x0000000797900000)
 ParOldGen       total 92672K, used 5459K [0x00000006c2600000, 0x00000006c8080000, 0x000000076b780000)
  object space 92672K, 5% used [0x00000006c2600000,0x00000006c2b54d48,0x00000006c8080000)
 Metaspace       used 31590K, capacity 32622K, committed 32640K, reserved 1077248K
  class space    used 4009K, capacity 4224K, committed 4224K, reserved 1048576K
GC Heap History (10 events):
Event: 2.054 GC heap before
{Heap before GC invocations=6 (full 0):
 PSYoungGen      total 140800K, used 133824K [0x000000076b780000, 0x000000077bd80000, 0x00000007c0000000)
  eden space 130048K, 100% used [0x000000076b780000,0x0000000773680000,0x0000000773680000)
  from space 10752K, 35% used [0x0000000773680000,0x0000000773a30000,0x0000000774100000)
  to   space 4096K, 0% used [0x000000077b980000,0x000000077b980000,0x000000077bd80000)
 ParOldGen       total 173568K, used 40K [0x00000006c2600000, 0x00000006ccf80000, 0x000000076b780000)
  object space 173568K, 0% used [0x00000006c2600000,0x00000006c260a000,0x00000006ccf80000)
 Metaspace       used 14609K, capacity 14980K, committed 15232K, reserved 1062912K
  class space    used 1719K, capacity 1827K, committed 1920K, reserved 1048576K
Event: 2.079 GC heap after
Heap after GC invocations=6 (full 0):
 PSYoungGen      total 263680K, used 4064K [0x000000076b780000, 0x000000077be80000, 0x00000007c0000000)
  eden space 259584K, 0% used [0x000000076b780000,0x000000076b780000,0x000000077b500000)
  from space 4096K, 99% used [0x000000077b980000,0x000000077bd78000,0x000000077bd80000)
  to   space 4608K, 0% used [0x000000077b500000,0x000000077b500000,0x000000077b980000)
 ParOldGen       total 173568K, used 48K [0x00000006c2600000, 0x00000006ccf80000, 0x000000076b780000)
  object space 173568K, 0% used [0x00000006c2600000,0x00000006c260c000,0x00000006ccf80000)
 Metaspace       used 14609K, capacity 14980K, committed 15232K, reserved 1062912K
  class space    used 1719K, capacity 1827K, committed 1920K, reserved 1048576K
}
Event: 2.815 GC heap before
{Heap before GC invocations=7 (full 0):
 PSYoungGen      total 263680K, used 263648K [0x000000076b780000, 0x000000077be80000, 0x00000007c0000000)
  eden space 259584K, 100% used [0x000000076b780000,0x000000077b500000,0x000000077b500000)
  from space 4096K, 99% used [0x000000077b980000,0x000000077bd78000,0x000000077bd80000)
  to   space 4608K, 0% used [0x000000077b500000,0x000000077b500000,0x000000077b980000)
 ParOldGen       total 173568K, used 48K [0x00000006c2600000, 0x00000006ccf80000, 0x000000076b780000)
  object space 173568K, 0% used [0x00000006c2600000,0x00000006c260c000,0x00000006ccf80000)
 Metaspace       used 16942K, capacity 17440K, committed 17664K, reserved 1064960K
  class space    used 2111K, capacity 2257K, committed 2304K, reserved 1048576K
Event: 2.828 GC heap after
Heap after GC invocations=7 (full 0):
 PSYoungGen      total 264192K, used 2560K [0x000000076b780000, 0x000000078bb80000, 0x00000007c0000000)
  eden space 259584K, 0% used [0x000000076b780000,0x000000076b780000,0x000000077b500000)
  from space 4608K, 55% used [0x000000077b500000,0x000000077b780000,0x000000077b980000)
  to   space 4608K, 0% used [0x000000078b700000,0x000000078b700000,0x000000078bb80000)
 ParOldGen       total 173568K, used 2589K [0x00000006c2600000, 0x00000006ccf80000, 0x000000076b780000)
  object space 173568K, 1% used [0x00000006c2600000,0x00000006c2887450,0x00000006ccf80000)
 Metaspace       used 16942K, capacity 17440K, committed 17664K, reserved 1064960K
  class space    used 2111K, capacity 2257K, committed 2304K, reserved 1048576K
}
Event: 3.878 GC heap before
{Heap before GC invocations=8 (full 0):
 PSYoungGen      total 264192K, used 116154K [0x000000076b780000, 0x000000078bb80000, 0x00000007c0000000)
  eden space 259584K, 43% used [0x000000076b780000,0x000000077266e9e0,0x000000077b500000)
  from space 4608K, 55% used [0x000000077b500000,0x000000077b780000,0x000000077b980000)
  to   space 4608K, 0% used [0x000000078b700000,0x000000078b700000,0x000000078bb80000)
 ParOldGen       total 173568K, used 2589K [0x00000006c2600000, 0x00000006ccf80000, 0x000000076b780000)
  object space 173568K, 1% used [0x00000006c2600000,0x00000006c2887450,0x00000006ccf80000)
 Metaspace       used 20577K, capacity 21078K, committed 21248K, reserved 1067008K
  class space    used 2549K, capacity 2708K, committed 2816K, reserved 1048576K
Event: 3.994 GC heap after
Heap after GC invocations=8 (full 0):
 PSYoungGen      total 523776K, used 2480K [0x000000076b780000, 0x000000078bb80000, 0x00000007c0000000)
  eden space 519168K, 0% used [0x000000076b780000,0x000000076b780000,0x000000078b280000)
  from space 4608K, 53% used [0x000000078b700000,0x000000078b96c010,0x000000078bb80000)
  to   space 4608K, 0% used [0x000000078b280000,0x000000078b280000,0x000000078b700000)
 ParOldGen       total 173568K, used 3101K [0x00000006c2600000, 0x00000006ccf80000, 0x000000076b780000)
  object space 173568K, 1% used [0x00000006c2600000,0x00000006c2907450,0x00000006ccf80000)
 Metaspace       used 20577K, capacity 21078K, committed 21248K, reserved 1067008K
  class space    used 2549K, capacity 2708K, committed 2816K, reserved 1048576K
}
Event: 3.994 GC heap before
{Heap before GC invocations=9 (full 1):
 PSYoungGen      total 523776K, used 2480K [0x000000076b780000, 0x000000078bb80000, 0x00000007c0000000)
  eden space 519168K, 0% used [0x000000076b780000,0x000000076b780000,0x000000078b280000)
  from space 4608K, 53% used [0x000000078b700000,0x000000078b96c010,0x000000078bb80000)
  to   space 4608K, 0% used [0x000000078b280000,0x000000078b280000,0x000000078b700000)
 ParOldGen       total 173568K, used 3101K [0x00000006c2600000, 0x00000006ccf80000, 0x000000076b780000)
  object space 173568K, 1% used [0x00000006c2600000,0x00000006c2907450,0x00000006ccf80000)
 Metaspace       used 20577K, capacity 21078K, committed 21248K, reserved 1067008K
  class space    used 2549K, capacity 2708K, committed 2816K, reserved 1048576K
Event: 4.127 GC heap after
Heap after GC invocations=9 (full 1):
 PSYoungGen      total 523776K, used 0K [0x000000076b780000, 0x000000078bb80000, 0x00000007c0000000)
  eden space 519168K, 0% used [0x000000076b780000,0x000000076b780000,0x000000078b280000)
  from space 4608K, 0% used [0x000000078b700000,0x000000078b700000,0x000000078bb80000)
  to   space 4608K, 0% used [0x000000078b280000,0x000000078b280000,0x000000078b700000)
 ParOldGen       total 92672K, used 5387K [0x00000006c2600000, 0x00000006c8080000, 0x000000076b780000)
  object space 92672K, 5% used [0x00000006c2600000,0x00000006c2b42d38,0x00000006c8080000)
 Metaspace       used 20577K, capacity 21078K, committed 21248K, reserved 1067008K
  class space    used 2549K, capacity 2708K, committed 2816K, reserved 1048576K
}
Event: 7.762 GC heap before
{Heap before GC invocations=10 (full 1):
 PSYoungGen      total 523776K, used 519168K [0x000000076b780000, 0x000000078bb80000, 0x00000007c0000000)
  eden space 519168K, 100% used [0x000000076b780000,0x000000078b280000,0x000000078b280000)
  from space 4608K, 0% used [0x000000078b700000,0x000000078b700000,0x000000078bb80000)
  to   space 4608K, 0% used [0x000000078b280000,0x000000078b280000,0x000000078b700000)
 ParOldGen       total 92672K, used 5387K [0x00000006c2600000, 0x00000006c8080000, 0x000000076b780000)
  object space 92672K, 5% used [0x00000006c2600000,0x00000006c2b42d38,0x00000006c8080000)
 Metaspace       used 27702K, capacity 28600K, committed 28928K, reserved 1075200K
  class space    used 3511K, capacity 3715K, committed 3840K, reserved 1048576K
Event: 7.781 GC heap after
Heap after GC invocations=10 (full 1):
 PSYoungGen      total 523776K, used 3812K [0x000000076b780000, 0x0000000797900000, 0x00000007c0000000)
  eden space 519168K, 0% used [0x000000076b780000,0x000000076b780000,0x000000078b280000)
  from space 4608K, 82% used [0x000000078b280000,0x000000078b639050,0x000000078b700000)
  to   space 4608K, 0% used [0x0000000797480000,0x0000000797480000,0x0000000797900000)
 ParOldGen       total 92672K, used 5459K [0x00000006c2600000, 0x00000006c8080000, 0x000000076b780000)
  object space 92672K, 5% used [0x00000006c2600000,0x00000006c2b54d48,0x00000006c8080000)
 Metaspace       used 27702K, capacity 28600K, committed 28928K, reserved 1075200K
  class space    used 3511K, capacity 3715K, committed 3840K, reserved 1048576K
}

