# JRE version: Java(TM) SE Runtime Environment (8.0_144-b01) (build 1.8.0_144-b01)
# Java VM: Java HotSpot(TM) 64-Bit Server VM (25.144-b01 mixed mode windows-amd64 compressed oops)
Heap:
 PSYoungGen      total 919040K, used 240046K [0x000000076b780000, 0x00000007a4780000, 0x00000007c0000000)
  eden space 910336K, 26% used [0x000000076b780000,0x000000077a1eb848,0x00000007a3080000)
  from space 8704K, 0% used [0x00000007a3680000,0x00000007a3680000,0x00000007a3f00000)
  to   space 6144K, 0% used [0x00000007a4180000,0x00000007a4180000,0x00000007a4780000)
 ParOldGen       total 136704K, used 14793K [0x00000006c2600000, 0x00000006cab80000, 0x000000076b780000)
  object space 136704K, 10% used [0x00000006c2600000,0x00000006c34725d0,0x00000006cab80000)
 Metaspace       used 37542K, capacity 39000K, committed 39256K, reserved 1083392K
  class space    used 4806K, capacity 5089K, committed 5208K, reserved 1048576K
GC Heap History (10 events):
Event: 3.625 GC heap before
{Heap before GC invocations=7 (full 1):
 PSYoungGen      total 525312K, used 5152K [0x000000076b780000, 0x000000078bf80000, 0x00000007c0000000)
  eden space 519680K, 0% used [0x000000076b780000,0x000000076b780000,0x000000078b300000)
  from space 5632K, 91% used [0x000000078b900000,0x000000078be08020,0x000000078be80000)
  to   space 6144K, 0% used [0x000000078b300000,0x000000078b300000,0x000000078b900000)
 ParOldGen       total 173568K, used 48K [0x00000006c2600000, 0x00000006ccf80000, 0x000000076b780000)
  object space 173568K, 0% used [0x00000006c2600000,0x00000006c260c000,0x00000006ccf80000)
 Metaspace       used 20615K, capacity 21078K, committed 21248K, reserved 1067008K
  class space    used 2552K, capacity 2708K, committed 2816K, reserved 1048576K
Event: 3.661 GC heap after
Heap after GC invocations=7 (full 1):
 PSYoungGen      total 525312K, used 0K [0x000000076b780000, 0x000000078bf80000, 0x00000007c0000000)
  eden space 519680K, 0% used [0x000000076b780000,0x000000076b780000,0x000000078b300000)
  from space 5632K, 0% used [0x000000078b900000,0x000000078b900000,0x000000078be80000)
  to   space 6144K, 0% used [0x000000078b300000,0x000000078b300000,0x000000078b900000)
 ParOldGen       total 82432K, used 5049K [0x00000006c2600000, 0x00000006c7680000, 0x000000076b780000)
  object space 82432K, 6% used [0x00000006c2600000,0x00000006c2aee728,0x00000006c7680000)
 Metaspace       used 20615K, capacity 21078K, committed 21248K, reserved 1067008K
  class space    used 2552K, capacity 2708K, committed 2816K, reserved 1048576K
}
Event: 6.719 GC heap before
{Heap before GC invocations=8 (full 1):
 PSYoungGen      total 525312K, used 519680K [0x000000076b780000, 0x000000078bf80000, 0x00000007c0000000)
  eden space 519680K, 100% used [0x000000076b780000,0x000000078b300000,0x000000078b300000)
  from space 5632K, 0% used [0x000000078b900000,0x000000078b900000,0x000000078be80000)
  to   space 6144K, 0% used [0x000000078b300000,0x000000078b300000,0x000000078b900000)
 ParOldGen       total 82432K, used 5049K [0x00000006c2600000, 0x00000006c7680000, 0x000000076b780000)
  object space 82432K, 6% used [0x00000006c2600000,0x00000006c2aee728,0x00000006c7680000)
 Metaspace       used 28363K, capacity 29288K, committed 29440K, reserved 1075200K
  class space    used 3586K, capacity 3825K, committed 3840K, reserved 1048576K
Event: 6.730 GC heap after
Heap after GC invocations=8 (full 1):
 PSYoungGen      total 525824K, used 4468K [0x000000076b780000, 0x00000007a4780000, 0x00000007c0000000)
  eden space 519680K, 0% used [0x000000076b780000,0x000000076b780000,0x000000078b300000)
  from space 6144K, 72% used [0x000000078b300000,0x000000078b75d040,0x000000078b900000)
  to   space 6144K, 0% used [0x00000007a4180000,0x00000007a4180000,0x00000007a4780000)
 ParOldGen       total 82432K, used 5121K [0x00000006c2600000, 0x00000006c7680000, 0x000000076b780000)
  object space 82432K, 6% used [0x00000006c2600000,0x00000006c2b00738,0x00000006c7680000)
 Metaspace       used 28363K, capacity 29288K, committed 29440K, reserved 1075200K
  class space    used 3586K, capacity 3825K, committed 3840K, reserved 1048576K
}
Event: 19.540 GC heap before
{Heap before GC invocations=9 (full 1):
 PSYoungGen      total 525824K, used 524148K [0x000000076b780000, 0x00000007a4780000, 0x00000007c0000000)
  eden space 519680K, 100% used [0x000000076b780000,0x000000078b300000,0x000000078b300000)
  from space 6144K, 72% used [0x000000078b300000,0x000000078b75d040,0x000000078b900000)
  to   space 6144K, 0% used [0x00000007a4180000,0x00000007a4180000,0x00000007a4780000)
 ParOldGen       total 82432K, used 5121K [0x00000006c2600000, 0x00000006c7680000, 0x000000076b780000)
  object space 82432K, 6% used [0x00000006c2600000,0x00000006c2b00738,0x00000006c7680000)
 Metaspace       used 33615K, capacity 34696K, committed 35072K, reserved 1079296K
  class space    used 4282K, capacity 4507K, committed 4608K, reserved 1048576K
Event: 19.779 GC heap after
Heap after GC invocations=9 (full 1):
 PSYoungGen      total 916480K, used 6116K [0x000000076b780000, 0x00000007a4780000, 0x00000007c0000000)
  eden space 910336K, 0% used [0x000000076b780000,0x000000076b780000,0x00000007a3080000)
  from space 6144K, 99% used [0x00000007a4180000,0x00000007a4779040,0x00000007a4780000)
  to   space 8704K, 0% used [0x00000007a3680000,0x00000007a3680000,0x00000007a3f00000)
 ParOldGen       total 82432K, used 9070K [0x00000006c2600000, 0x00000006c7680000, 0x000000076b780000)
  object space 82432K, 11% used [0x00000006c2600000,0x00000006c2edbac8,0x00000006c7680000)
 Metaspace       used 33615K, capacity 34696K, committed 35072K, reserved 1079296K
  class space    used 4282K, capacity 4507K, committed 4608K, reserved 1048576K
}
Event: 21.055 GC heap before
{Heap before GC invocations=10 (full 1):
 PSYoungGen      total 916480K, used 124890K [0x000000076b780000, 0x00000007a4780000, 0x00000007c0000000)
  eden space 910336K, 13% used [0x000000076b780000,0x0000000772b7d7e0,0x00000007a3080000)
  from space 6144K, 99% used [0x00000007a4180000,0x00000007a4779040,0x00000007a4780000)
  to   space 8704K, 0% used [0x00000007a3680000,0x00000007a3680000,0x00000007a3f00000)
 ParOldGen       total 82432K, used 9070K [0x00000006c2600000, 0x00000006c7680000, 0x000000076b780000)
  object space 82432K, 11% used [0x00000006c2600000,0x00000006c2edbac8,0x00000006c7680000)
 Metaspace       used 34256K, capacity 35300K, committed 35416K, reserved 1079296K
  class space    used 4361K, capacity 4615K, committed 4696K, reserved 1048576K
Event: 21.140 GC heap after
Heap after GC invocations=10 (full 1):
 PSYoungGen      total 919040K, used 7059K [0x000000076b780000, 0x00000007a4780000, 0x00000007c0000000)
  eden space 910336K, 0% used [0x000000076b780000,0x000000076b780000,0x00000007a3080000)
  from space 8704K, 81% used [0x00000007a3680000,0x00000007a3d64e00,0x00000007a3f00000)
  to   space 6144K, 0% used [0x00000007a4180000,0x00000007a4180000,0x00000007a4780000)
 ParOldGen       total 82432K, used 9078K [0x00000006c2600000, 0x00000006c7680000, 0x000000076b780000)
  object space 82432K, 11% used [0x00000006c2600000,0x00000006c2eddac8,0x00000006c7680000)
 Metaspace       used 34256K, capacity 35300K, committed 35416K, reserved 1079296K
  class space    used 4361K, capacity 4615K, committed 4696K, reserved 1048576K
}
Event: 21.140 GC heap before
{Heap before GC invocations=11 (full 2):
 PSYoungGen      total 919040K, used 7059K [0x000000076b780000, 0x00000007a4780000, 0x00000007c0000000)
  eden space 910336K, 0% used [0x000000076b780000,0x000000076b780000,0x00000007a3080000)
  from space 8704K, 81% used [0x00000007a3680000,0x00000007a3d64e00,0x00000007a3f00000)
  to   space 6144K, 0% used [0x00000007a4180000,0x00000007a4180000,0x00000007a4780000)
 ParOldGen       total 82432K, used 9078K [0x00000006c2600000, 0x00000006c7680000, 0x000000076b780000)
  object space 82432K, 11% used [0x00000006c2600000,0x00000006c2eddac8,0x00000006c7680000)
 Metaspace       used 34256K, capacity 35300K, committed 35416K, reserved 1079296K
  class space    used 4361K, capacity 4615K, committed 4696K, reserved 1048576K
Event: 22.648 GC heap after
Heap after GC invocations=11 (full 2):
 PSYoungGen      total 919040K, used 0K [0x000000076b780000, 0x00000007a4780000, 0x00000007c0000000)
  eden space 910336K, 0% used [0x000000076b780000,0x000000076b780000,0x00000007a3080000)
  from space 8704K, 0% used [0x00000007a3680000,0x00000007a3680000,0x00000007a3f00000)
  to   space 6144K, 0% used [0x00000007a4180000,0x00000007a4180000,0x00000007a4780000)
 ParOldGen       total 136704K, used 14793K [0x00000006c2600000, 0x00000006cab80000, 0x000000076b780000)
  object space 136704K, 10% used [0x00000006c2600000,0x00000006c34725d0,0x00000006cab80000)
 Metaspace       used 34256K, capacity 35300K, committed 35416K, reserved 1079296K
  class space    used 4361K, capacity 4615K, committed 4696K, reserved 1048576K
}

