# JRE version: Java(TM) SE Runtime Environment (8.0_144-b01) (build 1.8.0_144-b01)
# Java VM: Java HotSpot(TM) 64-Bit Server VM (25.144-b01 mixed mode windows-amd64 compressed oops)
Heap:
 PSYoungGen      total 981504K, used 310390K [0x000000076b780000, 0x00000007a8680000, 0x00000007c0000000)
  eden space 975872K, 31% used [0x000000076b780000,0x000000077e120ad0,0x00000007a7080000)
  from space 5632K, 99% used [0x00000007a8100000,0x00000007a867d040,0x00000007a8680000)
  to   space 7168K, 0% used [0x00000007a7880000,0x00000007a7880000,0x00000007a7f80000)
 ParOldGen       total 76800K, used 6798K [0x00000006c2600000, 0x00000006c7100000, 0x000000076b780000)
  object space 76800K, 8% used [0x00000006c2600000,0x00000006c2ca38e0,0x00000006c7100000)
 Metaspace       used 33919K, capacity 35104K, committed 35328K, reserved 1081344K
  class space    used 4343K, capacity 4597K, committed 4608K, reserved 1048576K
GC Heap History (10 events):
Event: 2.831 GC heap before
{Heap before GC invocations=5 (full 0):
 PSYoungGen      total 270848K, used 263776K [0x000000076b780000, 0x000000077ca80000, 0x00000007c0000000)
  eden space 260096K, 100% used [0x000000076b780000,0x000000077b580000,0x000000077b580000)
  from space 10752K, 34% used [0x000000077c000000,0x000000077c398000,0x000000077ca80000)
  to   space 10752K, 0% used [0x000000077b580000,0x000000077b580000,0x000000077c000000)
 ParOldGen       total 173568K, used 32K [0x00000006c2600000, 0x00000006ccf80000, 0x000000076b780000)
  object space 173568K, 0% used [0x00000006c2600000,0x00000006c2608190,0x00000006ccf80000)
 Metaspace       used 15479K, capacity 15872K, committed 16128K, reserved 1062912K
  class space    used 1866K, capacity 1995K, committed 2048K, reserved 1048576K
Event: 2.842 GC heap after
Heap after GC invocations=5 (full 0):
 PSYoungGen      total 270848K, used 4624K [0x000000076b780000, 0x000000078bd80000, 0x00000007c0000000)
  eden space 260096K, 0% used [0x000000076b780000,0x000000076b780000,0x000000077b580000)
  from space 10752K, 43% used [0x000000077b580000,0x000000077ba04010,0x000000077c000000)
  to   space 5120K, 0% used [0x000000078b880000,0x000000078b880000,0x000000078bd80000)
 ParOldGen       total 173568K, used 40K [0x00000006c2600000, 0x00000006ccf80000, 0x000000076b780000)
  object space 173568K, 0% used [0x00000006c2600000,0x00000006c260a190,0x00000006ccf80000)
 Metaspace       used 15479K, capacity 15872K, committed 16128K, reserved 1062912K
  class space    used 1866K, capacity 1995K, committed 2048K, reserved 1048576K
}
Event: 4.261 GC heap before
{Heap before GC invocations=6 (full 0):
 PSYoungGen      total 270848K, used 262148K [0x000000076b780000, 0x000000078bd80000, 0x00000007c0000000)
  eden space 260096K, 99% used [0x000000076b780000,0x000000077b2fd0e0,0x000000077b580000)
  from space 10752K, 43% used [0x000000077b580000,0x000000077ba04010,0x000000077c000000)
  to   space 5120K, 0% used [0x000000078b880000,0x000000078b880000,0x000000078bd80000)
 ParOldGen       total 173568K, used 40K [0x00000006c2600000, 0x00000006ccf80000, 0x000000076b780000)
  object space 173568K, 0% used [0x00000006c2600000,0x00000006c260a190,0x00000006ccf80000)
 Metaspace       used 20580K, capacity 21078K, committed 21248K, reserved 1067008K
  class space    used 2548K, capacity 2708K, committed 2816K, reserved 1048576K
Event: 4.266 GC heap after
Heap after GC invocations=6 (full 0):
 PSYoungGen      total 524288K, used 5104K [0x000000076b780000, 0x000000078bf80000, 0x00000007c0000000)
  eden space 519168K, 0% used [0x000000076b780000,0x000000076b780000,0x000000078b280000)
  from space 5120K, 99% used [0x000000078b880000,0x000000078bd7c030,0x000000078bd80000)
  to   space 6144K, 0% used [0x000000078b280000,0x000000078b280000,0x000000078b880000)
 ParOldGen       total 173568K, used 536K [0x00000006c2600000, 0x00000006ccf80000, 0x000000076b780000)
  object space 173568K, 0% used [0x00000006c2600000,0x00000006c2686190,0x00000006ccf80000)
 Metaspace       used 20580K, capacity 21078K, committed 21248K, reserved 1067008K
  class space    used 2548K, capacity 2708K, committed 2816K, reserved 1048576K
}
Event: 4.266 GC heap before
{Heap before GC invocations=7 (full 1):
 PSYoungGen      total 524288K, used 5104K [0x000000076b780000, 0x000000078bf80000, 0x00000007c0000000)
  eden space 519168K, 0% used [0x000000076b780000,0x000000076b780000,0x000000078b280000)
  from space 5120K, 99% used [0x000000078b880000,0x000000078bd7c030,0x000000078bd80000)
  to   space 6144K, 0% used [0x000000078b280000,0x000000078b280000,0x000000078b880000)
 ParOldGen       total 173568K, used 536K [0x00000006c2600000, 0x00000006ccf80000, 0x000000076b780000)
  object space 173568K, 0% used [0x00000006c2600000,0x00000006c2686190,0x00000006ccf80000)
 Metaspace       used 20580K, capacity 21078K, committed 21248K, reserved 1067008K
  class space    used 2548K, capacity 2708K, committed 2816K, reserved 1048576K
Event: 4.289 GC heap after
Heap after GC invocations=7 (full 1):
 PSYoungGen      total 524288K, used 0K [0x000000076b780000, 0x000000078bf80000, 0x00000007c0000000)
  eden space 519168K, 0% used [0x000000076b780000,0x000000076b780000,0x000000078b280000)
  from space 5120K, 0% used [0x000000078b880000,0x000000078b880000,0x000000078bd80000)
  to   space 6144K, 0% used [0x000000078b280000,0x000000078b280000,0x000000078b880000)
 ParOldGen       total 76800K, used 5536K [0x00000006c2600000, 0x00000006c7100000, 0x000000076b780000)
  object space 76800K, 7% used [0x00000006c2600000,0x00000006c2b682c0,0x00000006c7100000)
 Metaspace       used 20580K, capacity 21078K, committed 21248K, reserved 1067008K
  class space    used 2548K, capacity 2708K, committed 2816K, reserved 1048576K
}
Event: 6.301 GC heap before
{Heap before GC invocations=8 (full 1):
 PSYoungGen      total 524288K, used 519168K [0x000000076b780000, 0x000000078bf80000, 0x00000007c0000000)
  eden space 519168K, 100% used [0x000000076b780000,0x000000078b280000,0x000000078b280000)
  from space 5120K, 0% used [0x000000078b880000,0x000000078b880000,0x000000078bd80000)
  to   space 6144K, 0% used [0x000000078b280000,0x000000078b280000,0x000000078b880000)
 ParOldGen       total 76800K, used 5550K [0x00000006c2600000, 0x00000006c7100000, 0x000000076b780000)
  object space 76800K, 7% used [0x00000006c2600000,0x00000006c2b6b8d0,0x00000006c7100000)
 Metaspace       used 27697K, capacity 28536K, committed 28928K, reserved 1075200K
  class space    used 3510K, capacity 3715K, committed 3840K, reserved 1048576K
Event: 6.323 GC heap after
Heap after GC invocations=8 (full 1):
 PSYoungGen      total 525312K, used 3728K [0x000000076b780000, 0x00000007a8680000, 0x00000007c0000000)
  eden space 519168K, 0% used [0x000000076b780000,0x000000076b780000,0x000000078b280000)
  from space 6144K, 60% used [0x000000078b280000,0x000000078b624040,0x000000078b880000)
  to   space 5632K, 0% used [0x00000007a8100000,0x00000007a8100000,0x00000007a8680000)
 ParOldGen       total 76800K, used 5622K [0x00000006c2600000, 0x00000006c7100000, 0x000000076b780000)
  object space 76800K, 7% used [0x00000006c2600000,0x00000006c2b7d8e0,0x00000006c7100000)
 Metaspace       used 27697K, capacity 28536K, committed 28928K, reserved 1075200K
  class space    used 3510K, capacity 3715K, committed 3840K, reserved 1048576K
}
Event: 10.352 GC heap before
{Heap before GC invocations=9 (full 1):
 PSYoungGen      total 525312K, used 522896K [0x000000076b780000, 0x00000007a8680000, 0x00000007c0000000)
  eden space 519168K, 100% used [0x000000076b780000,0x000000078b280000,0x000000078b280000)
  from space 6144K, 60% used [0x000000078b280000,0x000000078b624040,0x000000078b880000)
  to   space 5632K, 0% used [0x00000007a8100000,0x00000007a8100000,0x00000007a8680000)
 ParOldGen       total 76800K, used 5622K [0x00000006c2600000, 0x00000006c7100000, 0x000000076b780000)
  object space 76800K, 7% used [0x00000006c2600000,0x00000006c2b7d8e0,0x00000006c7100000)
 Metaspace       used 31777K, capacity 32810K, committed 33024K, reserved 1077248K
  class space    used 4030K, capacity 4260K, committed 4352K, reserved 1048576K
Event: 10.395 GC heap after
Heap after GC invocations=9 (full 1):
 PSYoungGen      total 981504K, used 5620K [0x000000076b780000, 0x00000007a8680000, 0x00000007c0000000)
  eden space 975872K, 0% used [0x000000076b780000,0x000000076b780000,0x00000007a7080000)
  from space 5632K, 99% used [0x00000007a8100000,0x00000007a867d040,0x00000007a8680000)
  to   space 7168K, 0% used [0x00000007a7880000,0x00000007a7880000,0x00000007a7f80000)
 ParOldGen       total 76800K, used 6798K [0x00000006c2600000, 0x00000006c7100000, 0x000000076b780000)
  object space 76800K, 8% used [0x00000006c2600000,0x00000006c2ca38e0,0x00000006c7100000)
 Metaspace       used 31777K, capacity 32810K, committed 33024K, reserved 1077248K
  class space    used 4030K, capacity 4260K, committed 4352K, reserved 1048576K
}

