# JRE version: Java(TM) SE Runtime Environment (8.0_144-b01) (build 1.8.0_144-b01)
# Java VM: Java HotSpot(TM) 64-Bit Server VM (25.144-b01 mixed mode windows-amd64 compressed oops)
Heap:
 PSYoungGen      total 876032K, used 108667K [0x000000076b780000, 0x00000007ab780000, 0x00000007c0000000)
  eden space 870912K, 12% used [0x000000076b780000,0x000000077219efe0,0x00000007a0a00000)
  from space 5120K, 0% used [0x00000007aad80000,0x00000007aad80000,0x00000007ab280000)
  to   space 4096K, 0% used [0x00000007ab380000,0x00000007ab380000,0x00000007ab780000)
 ParOldGen       total 89600K, used 13994K [0x00000006c2600000, 0x00000006c7d80000, 0x000000076b780000)
  object space 89600K, 15% used [0x00000006c2600000,0x00000006c33aa810,0x00000006c7d80000)
 Metaspace       used 35333K, capacity 36500K, committed 36568K, reserved 1081344K
  class space    used 4559K, capacity 4823K, committed 4824K, reserved 1048576K
GC Heap History (10 events):
Event: 3.341 GC heap before
{Heap before GC invocations=7 (full 0):
 PSYoungGen      total 524288K, used 239831K [0x000000076b780000, 0x000000078bd80000, 0x00000007c0000000)
  eden space 519680K, 45% used [0x000000076b780000,0x0000000779d35ef8,0x000000078b300000)
  from space 4608K, 99% used [0x000000078b800000,0x000000078bc7fd18,0x000000078bc80000)
  to   space 5120K, 0% used [0x000000078b300000,0x000000078b300000,0x000000078b800000)
 ParOldGen       total 173568K, used 76K [0x00000006c2600000, 0x00000006ccf80000, 0x000000076b780000)
  object space 173568K, 0% used [0x00000006c2600000,0x00000006c2613340,0x00000006ccf80000)
 Metaspace       used 20558K, capacity 21070K, committed 21248K, reserved 1067008K
  class space    used 2545K, capacity 2708K, committed 2816K, reserved 1048576K
Event: 3.379 GC heap after
Heap after GC invocations=7 (full 0):
 PSYoungGen      total 524800K, used 3056K [0x000000076b780000, 0x00000007ab880000, 0x00000007c0000000)
  eden space 519680K, 0% used [0x000000076b780000,0x000000076b780000,0x000000078b300000)
  from space 5120K, 59% used [0x000000078b300000,0x000000078b5fc010,0x000000078b800000)
  to   space 5120K, 0% used [0x00000007ab380000,0x00000007ab380000,0x00000007ab880000)
 ParOldGen       total 173568K, used 2650K [0x00000006c2600000, 0x00000006ccf80000, 0x000000076b780000)
  object space 173568K, 1% used [0x00000006c2600000,0x00000006c28969b8,0x00000006ccf80000)
 Metaspace       used 20558K, capacity 21070K, committed 21248K, reserved 1067008K
  class space    used 2545K, capacity 2708K, committed 2816K, reserved 1048576K
}
Event: 3.379 GC heap before
{Heap before GC invocations=8 (full 1):
 PSYoungGen      total 524800K, used 3056K [0x000000076b780000, 0x00000007ab880000, 0x00000007c0000000)
  eden space 519680K, 0% used [0x000000076b780000,0x000000076b780000,0x000000078b300000)
  from space 5120K, 59% used [0x000000078b300000,0x000000078b5fc010,0x000000078b800000)
  to   space 5120K, 0% used [0x00000007ab380000,0x00000007ab380000,0x00000007ab880000)
 ParOldGen       total 173568K, used 2650K [0x00000006c2600000, 0x00000006ccf80000, 0x000000076b780000)
  object space 173568K, 1% used [0x00000006c2600000,0x00000006c28969b8,0x00000006ccf80000)
 Metaspace       used 20558K, capacity 21070K, committed 21248K, reserved 1067008K
  class space    used 2545K, capacity 2708K, committed 2816K, reserved 1048576K
Event: 3.574 GC heap after
Heap after GC invocations=8 (full 1):
 PSYoungGen      total 524800K, used 0K [0x000000076b780000, 0x00000007ab880000, 0x00000007c0000000)
  eden space 519680K, 0% used [0x000000076b780000,0x000000076b780000,0x000000078b300000)
  from space 5120K, 0% used [0x000000078b300000,0x000000078b300000,0x000000078b800000)
  to   space 5120K, 0% used [0x00000007ab380000,0x00000007ab380000,0x00000007ab880000)
 ParOldGen       total 89600K, used 5473K [0x00000006c2600000, 0x00000006c7d80000, 0x000000076b780000)
  object space 89600K, 6% used [0x00000006c2600000,0x00000006c2b58460,0x00000006c7d80000)
 Metaspace       used 20558K, capacity 21070K, committed 21248K, reserved 1067008K
  class space    used 2545K, capacity 2708K, committed 2816K, reserved 1048576K
}
Event: 7.194 GC heap before
{Heap before GC invocations=9 (full 1):
 PSYoungGen      total 524800K, used 519680K [0x000000076b780000, 0x00000007ab880000, 0x00000007c0000000)
  eden space 519680K, 100% used [0x000000076b780000,0x000000078b300000,0x000000078b300000)
  from space 5120K, 0% used [0x000000078b300000,0x000000078b300000,0x000000078b800000)
  to   space 5120K, 0% used [0x00000007ab380000,0x00000007ab380000,0x00000007ab880000)
 ParOldGen       total 89600K, used 5473K [0x00000006c2600000, 0x00000006c7d80000, 0x000000076b780000)
  object space 89600K, 6% used [0x00000006c2600000,0x00000006c2b58460,0x00000006c7d80000)
 Metaspace       used 27927K, capacity 28836K, committed 28928K, reserved 1075200K
  class space    used 3531K, capacity 3761K, committed 3840K, reserved 1048576K
Event: 7.200 GC heap after
Heap after GC invocations=9 (full 1):
 PSYoungGen      total 875008K, used 3664K [0x000000076b780000, 0x00000007ab780000, 0x00000007c0000000)
  eden space 870912K, 0% used [0x000000076b780000,0x000000076b780000,0x00000007a0a00000)
  from space 4096K, 89% used [0x00000007ab380000,0x00000007ab714040,0x00000007ab780000)
  to   space 5120K, 0% used [0x00000007aad80000,0x00000007aad80000,0x00000007ab280000)
 ParOldGen       total 89600K, used 5545K [0x00000006c2600000, 0x00000006c7d80000, 0x000000076b780000)
  object space 89600K, 6% used [0x00000006c2600000,0x00000006c2b6a470,0x00000006c7d80000)
 Metaspace       used 27927K, capacity 28836K, committed 28928K, reserved 1075200K
  class space    used 3531K, capacity 3761K, committed 3840K, reserved 1048576K
}
Event: 12.838 GC heap before
{Heap before GC invocations=10 (full 1):
 PSYoungGen      total 875008K, used 767163K [0x000000076b780000, 0x00000007ab780000, 0x00000007c0000000)
  eden space 870912K, 87% used [0x000000076b780000,0x000000079a11afb8,0x00000007a0a00000)
  from space 4096K, 89% used [0x00000007ab380000,0x00000007ab714040,0x00000007ab780000)
  to   space 5120K, 0% used [0x00000007aad80000,0x00000007aad80000,0x00000007ab280000)
 ParOldGen       total 89600K, used 5545K [0x00000006c2600000, 0x00000006c7d80000, 0x000000076b780000)
  object space 89600K, 6% used [0x00000006c2600000,0x00000006c2b6a470,0x00000006c7d80000)
 Metaspace       used 34267K, capacity 35312K, committed 35416K, reserved 1079296K
  class space    used 4386K, capacity 4627K, committed 4696K, reserved 1048576K
Event: 12.930 GC heap after
Heap after GC invocations=10 (full 1):
 PSYoungGen      total 876032K, used 5108K [0x000000076b780000, 0x00000007ab780000, 0x00000007c0000000)
  eden space 870912K, 0% used [0x000000076b780000,0x000000076b780000,0x00000007a0a00000)
  from space 5120K, 99% used [0x00000007aad80000,0x00000007ab27d040,0x00000007ab280000)
  to   space 4096K, 0% used [0x00000007ab380000,0x00000007ab380000,0x00000007ab780000)
 ParOldGen       total 89600K, used 10062K [0x00000006c2600000, 0x00000006c7d80000, 0x000000076b780000)
  object space 89600K, 11% used [0x00000006c2600000,0x00000006c2fd3aa0,0x00000006c7d80000)
 Metaspace       used 34267K, capacity 35312K, committed 35416K, reserved 1079296K
  class space    used 4386K, capacity 4627K, committed 4696K, reserved 1048576K
}
Event: 12.930 GC heap before
{Heap before GC invocations=11 (full 2):
 PSYoungGen      total 876032K, used 5108K [0x000000076b780000, 0x00000007ab780000, 0x00000007c0000000)
  eden space 870912K, 0% used [0x000000076b780000,0x000000076b780000,0x00000007a0a00000)
  from space 5120K, 99% used [0x00000007aad80000,0x00000007ab27d040,0x00000007ab280000)
  to   space 4096K, 0% used [0x00000007ab380000,0x00000007ab380000,0x00000007ab780000)
 ParOldGen       total 89600K, used 10062K [0x00000006c2600000, 0x00000006c7d80000, 0x000000076b780000)
  object space 89600K, 11% used [0x00000006c2600000,0x00000006c2fd3aa0,0x00000006c7d80000)
 Metaspace       used 34267K, capacity 35312K, committed 35416K, reserved 1079296K
  class space    used 4386K, capacity 4627K, committed 4696K, reserved 1048576K
Event: 13.138 GC heap after
Heap after GC invocations=11 (full 2):
 PSYoungGen      total 876032K, used 0K [0x000000076b780000, 0x00000007ab780000, 0x00000007c0000000)
  eden space 870912K, 0% used [0x000000076b780000,0x000000076b780000,0x00000007a0a00000)
  from space 5120K, 0% used [0x00000007aad80000,0x00000007aad80000,0x00000007ab280000)
  to   space 4096K, 0% used [0x00000007ab380000,0x00000007ab380000,0x00000007ab780000)
 ParOldGen       total 89600K, used 13994K [0x00000006c2600000, 0x00000006c7d80000, 0x000000076b780000)
  object space 89600K, 15% used [0x00000006c2600000,0x00000006c33aa810,0x00000006c7d80000)
 Metaspace       used 34267K, capacity 35312K, committed 35416K, reserved 1079296K
  class space    used 4386K, capacity 4627K, committed 4696K, reserved 1048576K
}

