# JRE version: Java(TM) SE Runtime Environment (8.0_144-b01) (build 1.8.0_144-b01)
# Java VM: Java HotSpot(TM) 64-Bit Server VM (25.144-b01 mixed mode windows-amd64 compressed oops)
Heap:
 PSYoungGen      total 860672K, used 203136K [0x000000076b780000, 0x00000007a6e80000, 0x00000007c0000000)
  eden space 855040K, 23% used [0x000000076b780000,0x000000077787e068,0x000000079fa80000)
  from space 5632K, 97% used [0x00000007a6900000,0x00000007a6e62010,0x00000007a6e80000)
  to   space 6656K, 0% used [0x00000007a6180000,0x00000007a6180000,0x00000007a6800000)
 ParOldGen       total 157184K, used 14318K [0x00000006c2600000, 0x00000006cbf80000, 0x000000076b780000)
  object space 157184K, 9% used [0x00000006c2600000,0x00000006c33fbae8,0x00000006cbf80000)
 Metaspace       used 41856K, capacity 43388K, committed 43608K, reserved 1087488K
  class space    used 5384K, capacity 5705K, committed 5720K, reserved 1048576K
GC Heap History (10 events):
Event: 6.252 GC heap before
{Heap before GC invocations=10 (full 1):
 PSYoungGen      total 523776K, used 519168K [0x000000076b780000, 0x000000078bb80000, 0x00000007c0000000)
  eden space 519168K, 100% used [0x000000076b780000,0x000000078b280000,0x000000078b280000)
  from space 4608K, 0% used [0x000000078b700000,0x000000078b700000,0x000000078bb80000)
  to   space 4608K, 0% used [0x000000078b280000,0x000000078b280000,0x000000078b700000)
 ParOldGen       total 91136K, used 5382K [0x00000006c2600000, 0x00000006c7f00000, 0x000000076b780000)
  object space 91136K, 5% used [0x00000006c2600000,0x00000006c2b41838,0x00000006c7f00000)
 Metaspace       used 27731K, capacity 28588K, committed 28928K, reserved 1075200K
  class space    used 3511K, capacity 3715K, committed 3840K, reserved 1048576K
Event: 6.259 GC heap after
Heap after GC invocations=10 (full 1):
 PSYoungGen      total 523776K, used 3812K [0x000000076b780000, 0x0000000798000000, 0x00000007c0000000)
  eden space 519168K, 0% used [0x000000076b780000,0x000000076b780000,0x000000078b280000)
  from space 4608K, 82% used [0x000000078b280000,0x000000078b639050,0x000000078b700000)
  to   space 4608K, 0% used [0x0000000797b80000,0x0000000797b80000,0x0000000798000000)
 ParOldGen       total 91136K, used 5454K [0x00000006c2600000, 0x00000006c7f00000, 0x000000076b780000)
  object space 91136K, 5% used [0x00000006c2600000,0x00000006c2b53848,0x00000006c7f00000)
 Metaspace       used 27731K, capacity 28588K, committed 28928K, reserved 1075200K
  class space    used 3511K, capacity 3715K, committed 3840K, reserved 1048576K
}
Event: 10.220 GC heap before
{Heap before GC invocations=11 (full 1):
 PSYoungGen      total 523776K, used 522980K [0x000000076b780000, 0x0000000798000000, 0x00000007c0000000)
  eden space 519168K, 100% used [0x000000076b780000,0x000000078b280000,0x000000078b280000)
  from space 4608K, 82% used [0x000000078b280000,0x000000078b639050,0x000000078b700000)
  to   space 4608K, 0% used [0x0000000797b80000,0x0000000797b80000,0x0000000798000000)
 ParOldGen       total 91136K, used 5454K [0x00000006c2600000, 0x00000006c7f00000, 0x000000076b780000)
  object space 91136K, 5% used [0x00000006c2600000,0x00000006c2b53848,0x00000006c7f00000)
 Metaspace       used 31808K, capacity 32870K, committed 33024K, reserved 1077248K
  class space    used 4037K, capacity 4262K, committed 4352K, reserved 1048576K
Event: 10.276 GC heap after
Heap after GC invocations=11 (full 1):
 PSYoungGen      total 712704K, used 4580K [0x000000076b780000, 0x0000000798000000, 0x00000007c0000000)
  eden space 708096K, 0% used [0x000000076b780000,0x000000076b780000,0x0000000796b00000)
  from space 4608K, 99% used [0x0000000797b80000,0x0000000797ff9050,0x0000000798000000)
  to   space 6144K, 0% used [0x0000000797400000,0x0000000797400000,0x0000000797a00000)
 ParOldGen       total 91136K, used 7842K [0x00000006c2600000, 0x00000006c7f00000, 0x000000076b780000)
  object space 91136K, 8% used [0x00000006c2600000,0x00000006c2da8ba8,0x00000006c7f00000)
 Metaspace       used 31808K, capacity 32870K, committed 33024K, reserved 1077248K
  class space    used 4037K, capacity 4262K, committed 4352K, reserved 1048576K
}
Event: 12.689 GC heap before
{Heap before GC invocations=12 (full 1):
 PSYoungGen      total 712704K, used 281718K [0x000000076b780000, 0x0000000798000000, 0x00000007c0000000)
  eden space 708096K, 39% used [0x000000076b780000,0x000000077c6248a0,0x0000000796b00000)
  from space 4608K, 99% used [0x0000000797b80000,0x0000000797ff9050,0x0000000798000000)
  to   space 6144K, 0% used [0x0000000797400000,0x0000000797400000,0x0000000797a00000)
 ParOldGen       total 91136K, used 7842K [0x00000006c2600000, 0x00000006c7f00000, 0x000000076b780000)
  object space 91136K, 8% used [0x00000006c2600000,0x00000006c2da8ba8,0x00000006c7f00000)
 Metaspace       used 34231K, capacity 35368K, committed 35416K, reserved 1079296K
  class space    used 4392K, capacity 4665K, committed 4696K, reserved 1048576K
Event: 12.756 GC heap after
Heap after GC invocations=12 (full 1):
 PSYoungGen      total 723456K, used 3136K [0x000000076b780000, 0x00000007a6e80000, 0x00000007c0000000)
  eden space 717312K, 0% used [0x000000076b780000,0x000000076b780000,0x0000000797400000)
  from space 6144K, 51% used [0x0000000797400000,0x0000000797710000,0x0000000797a00000)
  to   space 5632K, 0% used [0x00000007a6900000,0x00000007a6900000,0x00000007a6e80000)
 ParOldGen       total 91136K, used 12391K [0x00000006c2600000, 0x00000006c7f00000, 0x000000076b780000)
  object space 91136K, 13% used [0x00000006c2600000,0x00000006c3219c28,0x00000006c7f00000)
 Metaspace       used 34231K, capacity 35368K, committed 35416K, reserved 1079296K
  class space    used 4392K, capacity 4665K, committed 4696K, reserved 1048576K
}
Event: 12.756 GC heap before
{Heap before GC invocations=13 (full 2):
 PSYoungGen      total 723456K, used 3136K [0x000000076b780000, 0x00000007a6e80000, 0x00000007c0000000)
  eden space 717312K, 0% used [0x000000076b780000,0x000000076b780000,0x0000000797400000)
  from space 6144K, 51% used [0x0000000797400000,0x0000000797710000,0x0000000797a00000)
  to   space 5632K, 0% used [0x00000007a6900000,0x00000007a6900000,0x00000007a6e80000)
 ParOldGen       total 91136K, used 12391K [0x00000006c2600000, 0x00000006c7f00000, 0x000000076b780000)
  object space 91136K, 13% used [0x00000006c2600000,0x00000006c3219c28,0x00000006c7f00000)
 Metaspace       used 34231K, capacity 35368K, committed 35416K, reserved 1079296K
  class space    used 4392K, capacity 4665K, committed 4696K, reserved 1048576K
Event: 13.656 GC heap after
Heap after GC invocations=13 (full 2):
 PSYoungGen      total 723456K, used 0K [0x000000076b780000, 0x00000007a6e80000, 0x00000007c0000000)
  eden space 717312K, 0% used [0x000000076b780000,0x000000076b780000,0x0000000797400000)
  from space 6144K, 0% used [0x0000000797400000,0x0000000797400000,0x0000000797a00000)
  to   space 5632K, 0% used [0x00000007a6900000,0x00000007a6900000,0x00000007a6e80000)
 ParOldGen       total 157184K, used 14310K [0x00000006c2600000, 0x00000006cbf80000, 0x000000076b780000)
  object space 157184K, 9% used [0x00000006c2600000,0x00000006c33f9ae8,0x00000006cbf80000)
 Metaspace       used 34231K, capacity 35368K, committed 35416K, reserved 1079296K
  class space    used 4392K, capacity 4665K, committed 4696K, reserved 1048576K
}
Event: 17.559 GC heap before
{Heap before GC invocations=14 (full 2):
 PSYoungGen      total 723456K, used 717312K [0x000000076b780000, 0x00000007a6e80000, 0x00000007c0000000)
  eden space 717312K, 100% used [0x000000076b780000,0x0000000797400000,0x0000000797400000)
  from space 6144K, 0% used [0x0000000797400000,0x0000000797400000,0x0000000797a00000)
  to   space 5632K, 0% used [0x00000007a6900000,0x00000007a6900000,0x00000007a6e80000)
 ParOldGen       total 157184K, used 14310K [0x00000006c2600000, 0x00000006cbf80000, 0x000000076b780000)
  object space 157184K, 9% used [0x00000006c2600000,0x00000006c33f9ae8,0x00000006cbf80000)
 Metaspace       used 40857K, capacity 42058K, committed 42200K, reserved 1085440K
  class space    used 5242K, capacity 5526K, committed 5592K, reserved 1048576K
Event: 17.621 GC heap after
Heap after GC invocations=14 (full 2):
 PSYoungGen      total 860672K, used 5512K [0x000000076b780000, 0x00000007a6e80000, 0x00000007c0000000)
  eden space 855040K, 0% used [0x000000076b780000,0x000000076b780000,0x000000079fa80000)
  from space 5632K, 97% used [0x00000007a6900000,0x00000007a6e62010,0x00000007a6e80000)
  to   space 6656K, 0% used [0x00000007a6180000,0x00000007a6180000,0x00000007a6800000)
 ParOldGen       total 157184K, used 14318K [0x00000006c2600000, 0x00000006cbf80000, 0x000000076b780000)
  object space 157184K, 9% used [0x00000006c2600000,0x00000006c33fbae8,0x00000006cbf80000)
 Metaspace       used 40857K, capacity 42058K, committed 42200K, reserved 1085440K
  class space    used 5242K, capacity 5526K, committed 5592K, reserved 1048576K
}

