# JRE version: Java(TM) SE Runtime Environment (8.0_144-b01) (build 1.8.0_144-b01)
# Java VM: Java HotSpot(TM) 64-Bit Server VM (25.144-b01 mixed mode windows-amd64 compressed oops)
Heap:
 PSYoungGen      total 534016K, used 252824K [0x000000076b780000, 0x0000000794980000, 0x00000007c0000000)
  eden space 528384K, 47% used [0x000000076b780000,0x000000077ae66128,0x000000078bb80000)
  from space 5632K, 0% used [0x000000078c380000,0x000000078c380000,0x000000078c900000)
  to   space 8192K, 0% used [0x000000078bb80000,0x000000078bb80000,0x000000078c380000)
 ParOldGen       total 158720K, used 15330K [0x00000006c2600000, 0x00000006cc100000, 0x000000076b780000)
  object space 158720K, 9% used [0x00000006c2600000,0x00000006c34f8bb0,0x00000006cc100000)
 Metaspace       used 37527K, capacity 39020K, committed 39256K, reserved 1083392K
  class space    used 4814K, capacity 5121K, committed 5208K, reserved 1048576K
GC Heap History (10 events):
Event: 3.323 GC heap before
{Heap before GC invocations=8 (full 1):
 PSYoungGen      total 264704K, used 2864K [0x000000076b780000, 0x000000078bc80000, 0x00000007c0000000)
  eden space 259584K, 0% used [0x000000076b780000,0x000000076b780000,0x000000077b500000)
  from space 5120K, 55% used [0x000000077b500000,0x000000077b7cc010,0x000000077ba00000)
  to   space 5120K, 0% used [0x000000078b780000,0x000000078b780000,0x000000078bc80000)
 ParOldGen       total 173568K, used 2645K [0x00000006c2600000, 0x00000006ccf80000, 0x000000076b780000)
  object space 173568K, 1% used [0x00000006c2600000,0x00000006c2895450,0x00000006ccf80000)
 Metaspace       used 20600K, capacity 21062K, committed 21248K, reserved 1067008K
  class space    used 2556K, capacity 2708K, committed 2816K, reserved 1048576K
Event: 3.528 GC heap after
Heap after GC invocations=8 (full 1):
 PSYoungGen      total 264704K, used 0K [0x000000076b780000, 0x000000078bc80000, 0x00000007c0000000)
  eden space 259584K, 0% used [0x000000076b780000,0x000000076b780000,0x000000077b500000)
  from space 5120K, 0% used [0x000000077b500000,0x000000077b500000,0x000000077ba00000)
  to   space 5120K, 0% used [0x000000078b780000,0x000000078b780000,0x000000078bc80000)
 ParOldGen       total 96256K, used 5305K [0x00000006c2600000, 0x00000006c8400000, 0x000000076b780000)
  object space 96256K, 5% used [0x00000006c2600000,0x00000006c2b2e640,0x00000006c8400000)
 Metaspace       used 20600K, capacity 21062K, committed 21248K, reserved 1067008K
  class space    used 2556K, capacity 2708K, committed 2816K, reserved 1048576K
}
Event: 5.376 GC heap before
{Heap before GC invocations=9 (full 1):
 PSYoungGen      total 264704K, used 259584K [0x000000076b780000, 0x000000078bc80000, 0x00000007c0000000)
  eden space 259584K, 100% used [0x000000076b780000,0x000000077b500000,0x000000077b500000)
  from space 5120K, 0% used [0x000000077b500000,0x000000077b500000,0x000000077ba00000)
  to   space 5120K, 0% used [0x000000078b780000,0x000000078b780000,0x000000078bc80000)
 ParOldGen       total 96256K, used 5305K [0x00000006c2600000, 0x00000006c8400000, 0x000000076b780000)
  object space 96256K, 5% used [0x00000006c2600000,0x00000006c2b2e640,0x00000006c8400000)
 Metaspace       used 26672K, capacity 27438K, committed 27776K, reserved 1073152K
  class space    used 3377K, capacity 3588K, committed 3712K, reserved 1048576K
Event: 5.380 GC heap after
Heap after GC invocations=9 (full 1):
 PSYoungGen      total 409088K, used 2836K [0x000000076b780000, 0x000000078ba80000, 0x00000007c0000000)
  eden space 406016K, 0% used [0x000000076b780000,0x000000076b780000,0x0000000784400000)
  from space 3072K, 92% used [0x000000078b780000,0x000000078ba45040,0x000000078ba80000)
  to   space 4608K, 0% used [0x000000078b180000,0x000000078b180000,0x000000078b600000)
 ParOldGen       total 96256K, used 5377K [0x00000006c2600000, 0x00000006c8400000, 0x000000076b780000)
  object space 96256K, 5% used [0x00000006c2600000,0x00000006c2b40650,0x00000006c8400000)
 Metaspace       used 26672K, capacity 27438K, committed 27776K, reserved 1073152K
  class space    used 3377K, capacity 3588K, committed 3712K, reserved 1048576K
}
Event: 7.185 GC heap before
{Heap before GC invocations=10 (full 1):
 PSYoungGen      total 409088K, used 408852K [0x000000076b780000, 0x000000078ba80000, 0x00000007c0000000)
  eden space 406016K, 100% used [0x000000076b780000,0x0000000784400000,0x0000000784400000)
  from space 3072K, 92% used [0x000000078b780000,0x000000078ba45040,0x000000078ba80000)
  to   space 4608K, 0% used [0x000000078b180000,0x000000078b180000,0x000000078b600000)
 ParOldGen       total 96256K, used 5377K [0x00000006c2600000, 0x00000006c8400000, 0x000000076b780000)
  object space 96256K, 5% used [0x00000006c2600000,0x00000006c2b40650,0x00000006c8400000)
 Metaspace       used 29404K, capacity 30396K, committed 30720K, reserved 1075200K
  class space    used 3734K, capacity 3969K, committed 4096K, reserved 1048576K
Event: 7.222 GC heap after
Heap after GC invocations=10 (full 1):
 PSYoungGen      total 522752K, used 4576K [0x000000076b780000, 0x000000078c900000, 0x00000007c0000000)
  eden space 518144K, 0% used [0x000000076b780000,0x000000076b780000,0x000000078b180000)
  from space 4608K, 99% used [0x000000078b180000,0x000000078b5f8030,0x000000078b600000)
  to   space 5632K, 0% used [0x000000078c380000,0x000000078c380000,0x000000078c900000)
 ParOldGen       total 96256K, used 5897K [0x00000006c2600000, 0x00000006c8400000, 0x000000076b780000)
  object space 96256K, 6% used [0x00000006c2600000,0x00000006c2bc2650,0x00000006c8400000)
 Metaspace       used 29404K, capacity 30396K, committed 30720K, reserved 1075200K
  class space    used 3734K, capacity 3969K, committed 4096K, reserved 1048576K
}
Event: 20.793 GC heap before
{Heap before GC invocations=11 (full 1):
 PSYoungGen      total 522752K, used 519913K [0x000000076b780000, 0x000000078c900000, 0x00000007c0000000)
  eden space 518144K, 99% used [0x000000076b780000,0x000000078aec27a0,0x000000078b180000)
  from space 4608K, 99% used [0x000000078b180000,0x000000078b5f8030,0x000000078b600000)
  to   space 5632K, 0% used [0x000000078c380000,0x000000078c380000,0x000000078c900000)
 ParOldGen       total 96256K, used 5897K [0x00000006c2600000, 0x00000006c8400000, 0x000000076b780000)
  object space 96256K, 6% used [0x00000006c2600000,0x00000006c2bc2650,0x00000006c8400000)
 Metaspace       used 34254K, capacity 35284K, committed 35416K, reserved 1079296K
  class space    used 4369K, capacity 4615K, committed 4696K, reserved 1048576K
Event: 20.867 GC heap after
Heap after GC invocations=11 (full 1):
 PSYoungGen      total 534016K, used 5603K [0x000000076b780000, 0x0000000794980000, 0x00000007c0000000)
  eden space 528384K, 0% used [0x000000076b780000,0x000000076b780000,0x000000078bb80000)
  from space 5632K, 99% used [0x000000078c380000,0x000000078c8f8dd0,0x000000078c900000)
  to   space 8192K, 0% used [0x000000078bb80000,0x000000078bb80000,0x000000078c380000)
 ParOldGen       total 96256K, used 11194K [0x00000006c2600000, 0x00000006c8400000, 0x000000076b780000)
  object space 96256K, 11% used [0x00000006c2600000,0x00000006c30eea30,0x00000006c8400000)
 Metaspace       used 34254K, capacity 35284K, committed 35416K, reserved 1079296K
  class space    used 4369K, capacity 4615K, committed 4696K, reserved 1048576K
}
Event: 20.867 GC heap before
{Heap before GC invocations=12 (full 2):
 PSYoungGen      total 534016K, used 5603K [0x000000076b780000, 0x0000000794980000, 0x00000007c0000000)
  eden space 528384K, 0% used [0x000000076b780000,0x000000076b780000,0x000000078bb80000)
  from space 5632K, 99% used [0x000000078c380000,0x000000078c8f8dd0,0x000000078c900000)
  to   space 8192K, 0% used [0x000000078bb80000,0x000000078bb80000,0x000000078c380000)
 ParOldGen       total 96256K, used 11194K [0x00000006c2600000, 0x00000006c8400000, 0x000000076b780000)
  object space 96256K, 11% used [0x00000006c2600000,0x00000006c30eea30,0x00000006c8400000)
 Metaspace       used 34254K, capacity 35284K, committed 35416K, reserved 1079296K
  class space    used 4369K, capacity 4615K, committed 4696K, reserved 1048576K
Event: 22.037 GC heap after
Heap after GC invocations=12 (full 2):
 PSYoungGen      total 534016K, used 0K [0x000000076b780000, 0x0000000794980000, 0x00000007c0000000)
  eden space 528384K, 0% used [0x000000076b780000,0x000000076b780000,0x000000078bb80000)
  from space 5632K, 0% used [0x000000078c380000,0x000000078c380000,0x000000078c900000)
  to   space 8192K, 0% used [0x000000078bb80000,0x000000078bb80000,0x000000078c380000)
 ParOldGen       total 158720K, used 15330K [0x00000006c2600000, 0x00000006cc100000, 0x000000076b780000)
  object space 158720K, 9% used [0x00000006c2600000,0x00000006c34f8bb0,0x00000006cc100000)
 Metaspace       used 34254K, capacity 35284K, committed 35416K, reserved 1079296K
  class space    used 4369K, capacity 4615K, committed 4696K, reserved 1048576K
}

